Release 14.7 - xst P.20131013 (lin64)
Copyright (c) 1995-2013 Xilinx, Inc.  All rights reserved.
--> 
Parameter TMPDIR set to xst/projnav.tmp


Total REAL time to Xst completion: 0.00 secs
Total CPU time to Xst completion: 0.10 secs
 
--> 
Parameter xsthdpdir set to xst


Total REAL time to Xst completion: 0.00 secs
Total CPU time to Xst completion: 0.10 secs
 
--> 
Reading design: cnt_espera.prj

TABLE OF CONTENTS
  1) Synthesis Options Summary
  2) HDL Parsing
  3) HDL Elaboration
  4) HDL Synthesis
       4.1) HDL Synthesis Report
  5) Advanced HDL Synthesis
       5.1) Advanced HDL Synthesis Report
  6) Low Level Synthesis
  7) Partition Report
  8) Design Summary
       8.1) Primitive and Black Box Usage
       8.2) Device utilization summary
       8.3) Partition Resource Summary
       8.4) Timing Report
            8.4.1) Clock Information
            8.4.2) Asynchronous Control Signals Information
            8.4.3) Timing Summary
            8.4.4) Timing Details
            8.4.5) Cross Clock Domains Report


=========================================================================
*                      Synthesis Options Summary                        *
=========================================================================
---- Source Parameters
Input File Name                    : "cnt_espera.prj"
Ignore Synthesis Constraint File   : NO

---- Target Parameters
Output File Name                   : "cnt_espera"
Output Format                      : NGC
Target Device                      : xc6slx9-2-tqg144

---- Source Options
Top Module Name                    : cnt_espera
Automatic FSM Extraction           : YES
FSM Encoding Algorithm             : Auto
Safe Implementation                : No
FSM Style                          : LUT
RAM Extraction                     : Yes
RAM Style                          : Auto
ROM Extraction                     : Yes
Shift Register Extraction          : YES
ROM Style                          : Auto
Resource Sharing                   : YES
Asynchronous To Synchronous        : NO
Shift Register Minimum Size        : 2
Use DSP Block                      : Auto
Automatic Register Balancing       : No

---- Target Options
LUT Combining                      : Auto
Reduce Control Sets                : Auto
Add IO Buffers                     : YES
Global Maximum Fanout              : 100000
Add Generic Clock Buffer(BUFG)     : 16
Register Duplication               : YES
Optimize Instantiated Primitives   : NO
Use Clock Enable                   : Auto
Use Synchronous Set                : Auto
Use Synchronous Reset              : Auto
Pack IO Registers into IOBs        : Auto
Equivalent register Removal        : YES

---- General Options
Optimization Goal                  : Speed
Optimization Effort                : 1
Power Reduction                    : NO
Keep Hierarchy                     : No
Netlist Hierarchy                  : As_Optimized
RTL Output                         : Yes
Global Optimization                : AllClockNets
Read Cores                         : YES
Write Timing Constraints           : NO
Cross Clock Analysis               : NO
Hierarchy Separator                : /
Bus Delimiter                      : <>
Case Specifier                     : Maintain
Slice Utilization Ratio            : 100
BRAM Utilization Ratio             : 100
DSP48 Utilization Ratio            : 100
Auto BRAM Packing                  : NO
Slice Utilization Ratio Delta      : 5

=========================================================================


=========================================================================
*                          HDL Parsing                                  *
=========================================================================
Parsing VHDL file "/home/pedro/Documents/ISE/RACIMOStorm/cnt_espera.vhd" into library work
Parsing entity <cnt_espera>.
Parsing architecture <Behavioral> of entity <cnt_espera>.

=========================================================================
*                            HDL Elaboration                            *
=========================================================================

Elaborating entity <cnt_espera> (architecture <Behavioral>) from library <work>.

=========================================================================
*                           HDL Synthesis                               *
=========================================================================

Synthesizing Unit <cnt_espera>.
    Related source file is "/home/pedro/Documents/ISE/RACIMOStorm/cnt_espera.vhd".
    Found 20-bit register for signal <q_bus>.
    Found 20-bit adder for signal <q_bus[19]_GND_6_o_add_5_OUT> created at line 44.
    Found 20-bit comparator lessequal for signal <bus_sel_INV_1_o> created at line 41
    Summary:
	inferred   1 Adder/Subtractor(s).
	inferred  20 D-type flip-flop(s).
	inferred   1 Comparator(s).
Unit <cnt_espera> synthesized.

=========================================================================
HDL Synthesis Report

Macro Statistics
# Adders/Subtractors                                   : 1
 20-bit adder                                          : 1
# Registers                                            : 1
 20-bit register                                       : 1
# Comparators                                          : 1
 20-bit comparator lessequal                           : 1

=========================================================================

=========================================================================
*                       Advanced HDL Synthesis                          *
=========================================================================


Synthesizing (advanced) Unit <cnt_espera>.
The following registers are absorbed into counter <q_bus>: 1 register on signal <q_bus>.
Unit <cnt_espera> synthesized (advanced).

=========================================================================
Advanced HDL Synthesis Report

Macro Statistics
# Counters                                             : 1
 20-bit up counter                                     : 1
# Comparators                                          : 1
 20-bit comparator lessequal                           : 1

=========================================================================

=========================================================================
*                         Low Level Synthesis                           *
=========================================================================

Optimizing unit <cnt_espera> ...
WARNING:Xst:1293 - FF/Latch <q_bus_11> has a constant value of 0 in block <cnt_espera>. This FF/Latch will be trimmed during the optimization process.
WARNING:Xst:1896 - Due to other FF/Latch trimming, FF/Latch <q_bus_10> has a constant value of 0 in block <cnt_espera>. This FF/Latch will be trimmed during the optimization process.
WARNING:Xst:1896 - Due to other FF/Latch trimming, FF/Latch <q_bus_14> has a constant value of 0 in block <cnt_espera>. This FF/Latch will be trimmed during the optimization process.
WARNING:Xst:1896 - Due to other FF/Latch trimming, FF/Latch <q_bus_12> has a constant value of 0 in block <cnt_espera>. This FF/Latch will be trimmed during the optimization process.
WARNING:Xst:1896 - Due to other FF/Latch trimming, FF/Latch <q_bus_13> has a constant value of 0 in block <cnt_espera>. This FF/Latch will be trimmed during the optimization process.
WARNING:Xst:1896 - Due to other FF/Latch trimming, FF/Latch <q_bus_17> has a constant value of 0 in block <cnt_espera>. This FF/Latch will be trimmed during the optimization process.
WARNING:Xst:1896 - Due to other FF/Latch trimming, FF/Latch <q_bus_15> has a constant value of 0 in block <cnt_espera>. This FF/Latch will be trimmed during the optimization process.
WARNING:Xst:1896 - Due to other FF/Latch trimming, FF/Latch <q_bus_16> has a constant value of 0 in block <cnt_espera>. This FF/Latch will be trimmed during the optimization process.
WARNING:Xst:1896 - Due to other FF/Latch trimming, FF/Latch <q_bus_18> has a constant value of 0 in block <cnt_espera>. This FF/Latch will be trimmed during the optimization process.
WARNING:Xst:1896 - Due to other FF/Latch trimming, FF/Latch <q_bus_19> has a constant value of 0 in block <cnt_espera>. This FF/Latch will be trimmed during the optimization process.

Mapping all equations...
Building and optimizing final netlist ...
Found area constraint ratio of 100 (+ 5) on block cnt_espera, actual ratio is 0.

Final Macro Processing ...

=========================================================================
Final Register Report

Macro Statistics
# Registers                                            : 10
 Flip-Flops                                            : 10

=========================================================================

=========================================================================
*                           Partition Report                            *
=========================================================================

Partition Implementation Status
-------------------------------

  No Partitions were found in this design.

-------------------------------

=========================================================================
*                            Design Summary                             *
=========================================================================

Top Level Output File Name         : cnt_espera.ngc

Primitive and Black Box Usage:
------------------------------
# BELS                             : 45
#      GND                         : 1
#      INV                         : 1
#      LUT1                        : 9
#      LUT2                        : 1
#      LUT3                        : 1
#      LUT4                        : 10
#      LUT6                        : 2
#      MUXCY                       : 9
#      VCC                         : 1
#      XORCY                       : 10
# FlipFlops/Latches                : 10
#      FD                          : 10
# Clock Buffers                    : 1
#      BUFGP                       : 1
# IO Buffers                       : 3
#      IBUF                        : 2
#      OBUF                        : 1

Device utilization summary:
---------------------------

Selected Device : 6slx9tqg144-2 


Slice Logic Utilization: 
 Number of Slice Registers:              10  out of  11440     0%  
 Number of Slice LUTs:                   24  out of   5720     0%  
    Number used as Logic:                24  out of   5720     0%  

Slice Logic Distribution: 
 Number of LUT Flip Flop pairs used:     24
   Number with an unused Flip Flop:      14  out of     24    58%  
   Number with an unused LUT:             0  out of     24     0%  
   Number of fully used LUT-FF pairs:    10  out of     24    41%  
   Number of unique control sets:         1

IO Utilization: 
 Number of IOs:                           4
 Number of bonded IOBs:                   4  out of    102     3%  

Specific Feature Utilization:
 Number of BUFG/BUFGCTRLs:                1  out of     16     6%  

---------------------------
Partition Resource Summary:
---------------------------

  No Partitions were found in this design.

---------------------------


=========================================================================
Timing Report

NOTE: THESE TIMING NUMBERS ARE ONLY A SYNTHESIS ESTIMATE.
      FOR ACCURATE TIMING INFORMATION PLEASE REFER TO THE TRACE REPORT
      GENERATED AFTER PLACE-and-ROUTE.

Clock Information:
------------------
-----------------------------------+------------------------+-------+
Clock Signal                       | Clock buffer(FF name)  | Load  |
-----------------------------------+------------------------+-------+
clk                                | BUFGP                  | 10    |
-----------------------------------+------------------------+-------+

Asynchronous Control Signals Information:
----------------------------------------
No asynchronous control signals found in this design

Timing Summary:
---------------
Speed Grade: -2

   Minimum period: 4.069ns (Maximum Frequency: 245.761MHz)
   Minimum input arrival time before clock: 5.102ns
   Maximum output required time after clock: 6.222ns
   Maximum combinational path delay: No path found

Timing Details:
---------------
All values displayed in nanoseconds (ns)

=========================================================================
Timing constraint: Default period analysis for Clock 'clk'
  Clock period: 4.069ns (frequency: 245.761MHz)
  Total number of paths / destination ports: 135 / 10
-------------------------------------------------------------------------
Delay:               4.069ns (Levels of Logic = 3)
  Source:            q_bus_4 (FF)
  Destination:       q_bus_0 (FF)
  Source Clock:      clk rising
  Destination Clock: clk rising

  Data Path: q_bus_4 to q_bus_0
                                Gate     Net
    Cell:in->out      fanout   Delay   Delay  Logical Name (Net Name)
    ----------------------------------------  ------------
     FD:C->Q               3   0.525   0.874  q_bus_4 (q_bus_4)
     LUT2:I0->O            2   0.250   0.834  salida_espera2_SW0 (N3)
     LUT6:I4->O           10   0.250   1.008  Mcount_q_bus_val1 (Mcount_q_bus_val)
     LUT4:I3->O            1   0.254   0.000  q_bus_0_rstpot (q_bus_0_rstpot)
     FD:D                      0.074          q_bus_0
    ----------------------------------------
    Total                      4.069ns (1.353ns logic, 2.716ns route)
                                       (33.3% logic, 66.7% route)

=========================================================================
Timing constraint: Default OFFSET IN BEFORE for Clock 'clk'
  Total number of paths / destination ports: 30 / 10
-------------------------------------------------------------------------
Offset:              5.102ns (Levels of Logic = 4)
  Source:            en_cnt_espera (PAD)
  Destination:       q_bus_0 (FF)
  Destination Clock: clk rising

  Data Path: en_cnt_espera to q_bus_0
                                Gate     Net
    Cell:in->out      fanout   Delay   Delay  Logical Name (Net Name)
    ----------------------------------------  ------------
     IBUF:I->O            11   1.328   1.267  en_cnt_espera_IBUF (en_cnt_espera_IBUF)
     LUT3:I0->O            1   0.235   0.682  salida_espera2_SW1 (N5)
     LUT6:I5->O           10   0.254   1.008  Mcount_q_bus_val1 (Mcount_q_bus_val)
     LUT4:I3->O            1   0.254   0.000  q_bus_0_rstpot (q_bus_0_rstpot)
     FD:D                      0.074          q_bus_0
    ----------------------------------------
    Total                      5.102ns (2.145ns logic, 2.957ns route)
                                       (42.0% logic, 58.0% route)

=========================================================================
Timing constraint: Default OFFSET OUT AFTER for Clock 'clk'
  Total number of paths / destination ports: 7 / 1
-------------------------------------------------------------------------
Offset:              6.222ns (Levels of Logic = 3)
  Source:            q_bus_4 (FF)
  Destination:       salida_espera (PAD)
  Source Clock:      clk rising

  Data Path: q_bus_4 to salida_espera
                                Gate     Net
    Cell:in->out      fanout   Delay   Delay  Logical Name (Net Name)
    ----------------------------------------  ------------
     FD:C->Q               3   0.525   0.874  q_bus_4 (q_bus_4)
     LUT2:I0->O            2   0.250   0.726  salida_espera2_SW0 (N3)
     LUT6:I5->O            1   0.254   0.681  salida_espera2 (salida_espera_OBUF)
     OBUF:I->O                 2.912          salida_espera_OBUF (salida_espera)
    ----------------------------------------
    Total                      6.222ns (3.941ns logic, 2.281ns route)
                                       (63.3% logic, 36.7% route)

=========================================================================

Cross Clock Domains Report:
--------------------------

Clock to Setup on destination clock clk
---------------+---------+---------+---------+---------+
               | Src:Rise| Src:Fall| Src:Rise| Src:Fall|
Source Clock   |Dest:Rise|Dest:Rise|Dest:Fall|Dest:Fall|
---------------+---------+---------+---------+---------+
clk            |    4.069|         |         |         |
---------------+---------+---------+---------+---------+

=========================================================================


Total REAL time to Xst completion: 23.00 secs
Total CPU time to Xst completion: 21.81 secs
 
--> 


Total memory usage is 393868 kilobytes

Number of errors   :    0 (   0 filtered)
Number of warnings :   10 (   0 filtered)
Number of infos    :    0 (   0 filtered)

