Release 14.7 - xst P.20131013 (lin64)
Copyright (c) 1995-2013 Xilinx, Inc.  All rights reserved.
--> 
Parameter TMPDIR set to xst/projnav.tmp


Total REAL time to Xst completion: 0.00 secs
Total CPU time to Xst completion: 0.12 secs
 
--> 
Parameter xsthdpdir set to xst


Total REAL time to Xst completion: 0.00 secs
Total CPU time to Xst completion: 0.13 secs
 
--> 
Reading design: Maquina_Memoria_RAM.prj

TABLE OF CONTENTS
  1) Synthesis Options Summary
  2) HDL Parsing
  3) HDL Elaboration
  4) HDL Synthesis
       4.1) HDL Synthesis Report
  5) Advanced HDL Synthesis
       5.1) Advanced HDL Synthesis Report
  6) Low Level Synthesis
  7) Partition Report
  8) Design Summary
       8.1) Primitive and Black Box Usage
       8.2) Device utilization summary
       8.3) Partition Resource Summary
       8.4) Timing Report
            8.4.1) Clock Information
            8.4.2) Asynchronous Control Signals Information
            8.4.3) Timing Summary
            8.4.4) Timing Details
            8.4.5) Cross Clock Domains Report


=========================================================================
*                      Synthesis Options Summary                        *
=========================================================================
---- Source Parameters
Input File Name                    : "Maquina_Memoria_RAM.prj"
Ignore Synthesis Constraint File   : NO

---- Target Parameters
Output File Name                   : "Maquina_Memoria_RAM"
Output Format                      : NGC
Target Device                      : xc6slx9-2-tqg144

---- Source Options
Top Module Name                    : Maquina_Memoria_RAM
Automatic FSM Extraction           : YES
FSM Encoding Algorithm             : Auto
Safe Implementation                : No
FSM Style                          : LUT
RAM Extraction                     : Yes
RAM Style                          : Auto
ROM Extraction                     : Yes
Shift Register Extraction          : YES
ROM Style                          : Auto
Resource Sharing                   : YES
Asynchronous To Synchronous        : NO
Shift Register Minimum Size        : 2
Use DSP Block                      : Auto
Automatic Register Balancing       : No

---- Target Options
LUT Combining                      : Auto
Reduce Control Sets                : Auto
Add IO Buffers                     : YES
Global Maximum Fanout              : 100000
Add Generic Clock Buffer(BUFG)     : 16
Register Duplication               : YES
Optimize Instantiated Primitives   : NO
Use Clock Enable                   : Auto
Use Synchronous Set                : Auto
Use Synchronous Reset              : Auto
Pack IO Registers into IOBs        : Auto
Equivalent register Removal        : YES

---- General Options
Optimization Goal                  : Speed
Optimization Effort                : 1
Power Reduction                    : NO
Keep Hierarchy                     : No
Netlist Hierarchy                  : As_Optimized
RTL Output                         : Yes
Global Optimization                : AllClockNets
Read Cores                         : YES
Write Timing Constraints           : NO
Cross Clock Analysis               : NO
Hierarchy Separator                : /
Bus Delimiter                      : <>
Case Specifier                     : Maintain
Slice Utilization Ratio            : 100
BRAM Utilization Ratio             : 100
DSP48 Utilization Ratio            : 100
Auto BRAM Packing                  : NO
Slice Utilization Ratio Delta      : 5

=========================================================================


=========================================================================
*                          HDL Parsing                                  *
=========================================================================
Parsing VHDL file "/home/pedro/Documents/ISE/RACIMOStorm/Maquina_Memoria_RAM.vhd" into library work
Parsing entity <Maquina_Memoria_RAM>.
Parsing architecture <Behavioral> of entity <maquina_memoria_ram>.

=========================================================================
*                            HDL Elaboration                            *
=========================================================================

Elaborating entity <Maquina_Memoria_RAM> (architecture <Behavioral>) from library <work>.
INFO:HDLCompiler:679 - "/home/pedro/Documents/ISE/RACIMOStorm/Maquina_Memoria_RAM.vhd" Line 119. Case statement is complete. others clause is never selected

=========================================================================
*                           HDL Synthesis                               *
=========================================================================

Synthesizing Unit <Maquina_Memoria_RAM>.
    Related source file is "/home/pedro/Documents/ISE/RACIMOStorm/Maquina_Memoria_RAM.vhd".
    Found 4-bit register for signal <q_bus>.
    Found finite state machine <FSM_0> for signal <q_bus>.
    -----------------------------------------------------------------------
    | States             | 12                                             |
    | Transitions        | 30                                             |
    | Inputs             | 6                                              |
    | Outputs            | 7                                              |
    | Clock              | clk (rising_edge)                              |
    | Reset              | rst_maquina (positive)                         |
    | Reset type         | synchronous                                    |
    | Reset State        | s0                                             |
    | Power Up State     | s0                                             |
    | Encoding           | auto                                           |
    | Implementation     | LUT                                            |
    -----------------------------------------------------------------------
    Found 4-bit adder for signal <numero_ter> created at line 36.
    Found 4-bit comparator equal for signal <numero[3]_numero_ter[3]_equal_10_o> created at line 107
    Summary:
	inferred   1 Adder/Subtractor(s).
	inferred   1 Comparator(s).
	inferred   1 Finite State Machine(s).
Unit <Maquina_Memoria_RAM> synthesized.

=========================================================================
HDL Synthesis Report

Macro Statistics
# Adders/Subtractors                                   : 1
 4-bit adder                                           : 1
# Comparators                                          : 1
 4-bit comparator equal                                : 1
# FSMs                                                 : 1

=========================================================================

=========================================================================
*                       Advanced HDL Synthesis                          *
=========================================================================


=========================================================================
Advanced HDL Synthesis Report

Macro Statistics
# Adders/Subtractors                                   : 1
 4-bit adder                                           : 1
# Comparators                                          : 1
 4-bit comparator equal                                : 1
# FSMs                                                 : 1

=========================================================================

=========================================================================
*                         Low Level Synthesis                           *
=========================================================================
Analyzing FSM <MFsm> for best encoding.
Optimizing FSM <FSM_0> on signal <q_bus[1:4]> with user encoding.
------------------------
 State      | Encoding
------------------------
 s0         | 0000
 s1         | 0001
 espera1    | 0010
 habi1      | 0011
 desa1      | 0100
 esp_esc    | 0101
 esp_mem    | 0110
 s2         | 0111
 habi2      | 1000
 desa2      | 1001
 senal_fini | 1010
 senal_end  | 1011
------------------------

Optimizing unit <Maquina_Memoria_RAM> ...

Mapping all equations...
Building and optimizing final netlist ...
Found area constraint ratio of 100 (+ 5) on block Maquina_Memoria_RAM, actual ratio is 0.

Final Macro Processing ...

=========================================================================
Final Register Report

Macro Statistics
# Registers                                            : 4
 Flip-Flops                                            : 4

=========================================================================

=========================================================================
*                           Partition Report                            *
=========================================================================

Partition Implementation Status
-------------------------------

  No Partitions were found in this design.

-------------------------------

=========================================================================
*                            Design Summary                             *
=========================================================================

Top Level Output File Name         : Maquina_Memoria_RAM.ngc

Primitive and Black Box Usage:
------------------------------
# BELS                             : 15
#      LUT3                        : 2
#      LUT4                        : 5
#      LUT5                        : 2
#      LUT6                        : 4
#      MUXF7                       : 2
# FlipFlops/Latches                : 4
#      FDR                         : 4
# Clock Buffers                    : 1
#      BUFGP                       : 1
# IO Buffers                       : 13
#      IBUF                        : 6
#      OBUF                        : 7

Device utilization summary:
---------------------------

Selected Device : 6slx9tqg144-2 


Slice Logic Utilization: 
 Number of Slice Registers:               4  out of  11440     0%  
 Number of Slice LUTs:                   13  out of   5720     0%  
    Number used as Logic:                13  out of   5720     0%  

Slice Logic Distribution: 
 Number of LUT Flip Flop pairs used:     13
   Number with an unused Flip Flop:       9  out of     13    69%  
   Number with an unused LUT:             0  out of     13     0%  
   Number of fully used LUT-FF pairs:     4  out of     13    30%  
   Number of unique control sets:         1

IO Utilization: 
 Number of IOs:                          18
 Number of bonded IOBs:                  14  out of    102    13%  

Specific Feature Utilization:
 Number of BUFG/BUFGCTRLs:                1  out of     16     6%  

---------------------------
Partition Resource Summary:
---------------------------

  No Partitions were found in this design.

---------------------------


=========================================================================
Timing Report

NOTE: THESE TIMING NUMBERS ARE ONLY A SYNTHESIS ESTIMATE.
      FOR ACCURATE TIMING INFORMATION PLEASE REFER TO THE TRACE REPORT
      GENERATED AFTER PLACE-and-ROUTE.

Clock Information:
------------------
-----------------------------------+------------------------+-------+
Clock Signal                       | Clock buffer(FF name)  | Load  |
-----------------------------------+------------------------+-------+
clk                                | BUFGP                  | 4     |
-----------------------------------+------------------------+-------+

Asynchronous Control Signals Information:
----------------------------------------
No asynchronous control signals found in this design

Timing Summary:
---------------
Speed Grade: -2

   Minimum period: 2.540ns (Maximum Frequency: 393.701MHz)
   Minimum input arrival time before clock: 3.162ns
   Maximum output required time after clock: 5.717ns
   Maximum combinational path delay: No path found

Timing Details:
---------------
All values displayed in nanoseconds (ns)

=========================================================================
Timing constraint: Default period analysis for Clock 'clk'
  Clock period: 2.540ns (frequency: 393.701MHz)
  Total number of paths / destination ports: 22 / 4
-------------------------------------------------------------------------
Delay:               2.540ns (Levels of Logic = 2)
  Source:            q_bus_FSM_FFd4 (FF)
  Destination:       q_bus_FSM_FFd3 (FF)
  Source Clock:      clk rising
  Destination Clock: clk rising

  Data Path: q_bus_FSM_FFd4 to q_bus_FSM_FFd3
                                Gate     Net
    Cell:in->out      fanout   Delay   Delay  Logical Name (Net Name)
    ----------------------------------------  ------------
     FDR:C->Q             12   0.525   1.524  q_bus_FSM_FFd4 (q_bus_FSM_FFd4)
     LUT6:I0->O            1   0.254   0.000  q_bus_FSM_FFd3-In3_F (N5)
     MUXF7:I0->O           1   0.163   0.000  q_bus_FSM_FFd3-In3 (q_bus_FSM_FFd3-In)
     FDR:D                     0.074          q_bus_FSM_FFd3
    ----------------------------------------
    Total                      2.540ns (1.016ns logic, 1.524ns route)
                                       (40.0% logic, 60.0% route)

=========================================================================
Timing constraint: Default OFFSET IN BEFORE for Clock 'clk'
  Total number of paths / destination ports: 18 / 8
-------------------------------------------------------------------------
Offset:              3.162ns (Levels of Logic = 3)
  Source:            en_maquina (PAD)
  Destination:       q_bus_FSM_FFd4 (FF)
  Destination Clock: clk rising

  Data Path: en_maquina to q_bus_FSM_FFd4
                                Gate     Net
    Cell:in->out      fanout   Delay   Delay  Logical Name (Net Name)
    ----------------------------------------  ------------
     IBUF:I->O             6   1.328   1.331  en_maquina_IBUF (en_maquina_IBUF)
     LUT6:I0->O            1   0.254   0.000  q_bus_FSM_FFd4-In3_G (N4)
     MUXF7:I1->O           1   0.175   0.000  q_bus_FSM_FFd4-In3 (q_bus_FSM_FFd4-In)
     FDR:D                     0.074          q_bus_FSM_FFd4
    ----------------------------------------
    Total                      3.162ns (1.831ns logic, 1.331ns route)
                                       (57.9% logic, 42.1% route)

=========================================================================
Timing constraint: Default OFFSET OUT AFTER for Clock 'clk'
  Total number of paths / destination ports: 26 / 7
-------------------------------------------------------------------------
Offset:              5.717ns (Levels of Logic = 2)
  Source:            q_bus_FSM_FFd4 (FF)
  Destination:       out_wr (PAD)
  Source Clock:      clk rising

  Data Path: q_bus_FSM_FFd4 to out_wr
                                Gate     Net
    Cell:in->out      fanout   Delay   Delay  Logical Name (Net Name)
    ----------------------------------------  ------------
     FDR:C->Q             12   0.525   1.345  q_bus_FSM_FFd4 (q_bus_FSM_FFd4)
     LUT4:I0->O            1   0.254   0.681  q_bus_Salidas<4>1 (out_wr_OBUF)
     OBUF:I->O                 2.912          out_wr_OBUF (out_wr)
    ----------------------------------------
    Total                      5.717ns (3.691ns logic, 2.026ns route)
                                       (64.6% logic, 35.4% route)

=========================================================================

Cross Clock Domains Report:
--------------------------

Clock to Setup on destination clock clk
---------------+---------+---------+---------+---------+
               | Src:Rise| Src:Fall| Src:Rise| Src:Fall|
Source Clock   |Dest:Rise|Dest:Rise|Dest:Fall|Dest:Fall|
---------------+---------+---------+---------+---------+
clk            |    2.540|         |         |         |
---------------+---------+---------+---------+---------+

=========================================================================


Total REAL time to Xst completion: 26.00 secs
Total CPU time to Xst completion: 22.88 secs
 
--> 


Total memory usage is 393960 kilobytes

Number of errors   :    0 (   0 filtered)
Number of warnings :    0 (   0 filtered)
Number of infos    :    0 (   0 filtered)

