Release 14.7 - xst P.20131013 (lin64)
Copyright (c) 1995-2013 Xilinx, Inc.  All rights reserved.
--> 
Parameter TMPDIR set to xst/projnav.tmp


Total REAL time to Xst completion: 1.00 secs
Total CPU time to Xst completion: 0.13 secs
 
--> 
Parameter xsthdpdir set to xst


Total REAL time to Xst completion: 1.00 secs
Total CPU time to Xst completion: 0.13 secs
 
--> 
Reading design: Modulo_Lectura.prj

TABLE OF CONTENTS
  1) Synthesis Options Summary
  2) HDL Parsing
  3) HDL Elaboration
  4) HDL Synthesis
       4.1) HDL Synthesis Report
  5) Advanced HDL Synthesis
       5.1) Advanced HDL Synthesis Report
  6) Low Level Synthesis
  7) Partition Report
  8) Design Summary
       8.1) Primitive and Black Box Usage
       8.2) Device utilization summary
       8.3) Partition Resource Summary
       8.4) Timing Report
            8.4.1) Clock Information
            8.4.2) Asynchronous Control Signals Information
            8.4.3) Timing Summary
            8.4.4) Timing Details
            8.4.5) Cross Clock Domains Report


=========================================================================
*                      Synthesis Options Summary                        *
=========================================================================
---- Source Parameters
Input File Name                    : "Modulo_Lectura.prj"
Ignore Synthesis Constraint File   : NO

---- Target Parameters
Output File Name                   : "Modulo_Lectura"
Output Format                      : NGC
Target Device                      : xc6slx9-2-tqg144

---- Source Options
Top Module Name                    : Modulo_Lectura
Automatic FSM Extraction           : YES
FSM Encoding Algorithm             : Auto
Safe Implementation                : No
FSM Style                          : LUT
RAM Extraction                     : Yes
RAM Style                          : Auto
ROM Extraction                     : Yes
Shift Register Extraction          : YES
ROM Style                          : Auto
Resource Sharing                   : YES
Asynchronous To Synchronous        : NO
Shift Register Minimum Size        : 2
Use DSP Block                      : Auto
Automatic Register Balancing       : No

---- Target Options
LUT Combining                      : Auto
Reduce Control Sets                : Auto
Add IO Buffers                     : YES
Global Maximum Fanout              : 100000
Add Generic Clock Buffer(BUFG)     : 16
Register Duplication               : YES
Optimize Instantiated Primitives   : NO
Use Clock Enable                   : Auto
Use Synchronous Set                : Auto
Use Synchronous Reset              : Auto
Pack IO Registers into IOBs        : Auto
Equivalent register Removal        : YES

---- General Options
Optimization Goal                  : Speed
Optimization Effort                : 1
Power Reduction                    : NO
Keep Hierarchy                     : No
Netlist Hierarchy                  : As_Optimized
RTL Output                         : Yes
Global Optimization                : AllClockNets
Read Cores                         : YES
Write Timing Constraints           : NO
Cross Clock Analysis               : NO
Hierarchy Separator                : /
Bus Delimiter                      : <>
Case Specifier                     : Maintain
Slice Utilization Ratio            : 100
BRAM Utilization Ratio             : 100
DSP48 Utilization Ratio            : 100
Auto BRAM Packing                  : NO
Slice Utilization Ratio Delta      : 5

=========================================================================


=========================================================================
*                          HDL Parsing                                  *
=========================================================================
Parsing VHDL file "/home/pedro/Documents/ISE/RACIMOStorm/SCL.vhd" into library work
Parsing entity <debounce>.
Parsing architecture <arch> of entity <debounce>.
Parsing VHDL file "/home/pedro/Documents/ISE/RACIMOStorm/Maquina_Estados.vhd" into library work
Parsing entity <Maquina_Estados>.
Parsing architecture <Behavioral> of entity <maquina_estados>.
Parsing VHDL file "/home/pedro/Documents/ISE/RACIMOStorm/I2C_slave.vhd" into library work
Parsing entity <I2C_slave>.
Parsing architecture <arch> of entity <i2c_slave>.
Parsing VHDL file "/home/pedro/Documents/ISE/RACIMOStorm/div_frec_lectura.vhd" into library work
Parsing entity <div_frec_lectura>.
Parsing architecture <Behavioral> of entity <div_frec_lectura>.
Parsing VHDL file "/home/pedro/Documents/ISE/RACIMOStorm/Contador_Lectura.vhd" into library work
Parsing entity <Contador_Lectura>.
Parsing architecture <Behavioral> of entity <contador_lectura>.
Parsing VHDL file "/home/pedro/Documents/ISE/RACIMOStorm/Modulo_Lectura.vhd" into library work
Parsing entity <Modulo_Lectura>.
Parsing architecture <Behavioral> of entity <modulo_lectura>.
WARNING:HDLCompiler:946 - "/home/pedro/Documents/ISE/RACIMOStorm/Modulo_Lectura.vhd" Line 104: Actual for formal port rst_maquina is neither a static name nor a globally static expression

=========================================================================
*                            HDL Elaboration                            *
=========================================================================

Elaborating entity <Modulo_Lectura> (architecture <Behavioral>) from library <work>.

Elaborating entity <Maquina_Estados> (architecture <Behavioral>) from library <work>.
INFO:HDLCompiler:679 - "/home/pedro/Documents/ISE/RACIMOStorm/Maquina_Estados.vhd" Line 90. Case statement is complete. others clause is never selected

Elaborating entity <Contador_Lectura> (architecture <Behavioral>) from library <work>.

Elaborating entity <div_frec_lectura> (architecture <Behavioral>) from library <work>.

Elaborating entity <I2C_slave> (architecture <arch>) with generics from library <work>.
WARNING:HDLCompiler:871 - "/home/pedro/Documents/ISE/RACIMOStorm/I2C_slave.vhd" Line 64: Using initial value '0' for scl_wen_reg since it is never assigned
WARNING:HDLCompiler:871 - "/home/pedro/Documents/ISE/RACIMOStorm/I2C_slave.vhd" Line 65: Using initial value '0' for scl_o_reg since it is never assigned

Elaborating entity <debounce> (architecture <arch>) with generics from library <work>.
INFO:HDLCompiler:679 - "/home/pedro/Documents/ISE/RACIMOStorm/I2C_slave.vhd" Line 264. Case statement is complete. others clause is never selected

=========================================================================
*                           HDL Synthesis                               *
=========================================================================

Synthesizing Unit <Modulo_Lectura>.
    Related source file is "/home/pedro/Documents/ISE/RACIMOStorm/Modulo_Lectura.vhd".
INFO:Xst:3210 - "/home/pedro/Documents/ISE/RACIMOStorm/Modulo_Lectura.vhd" line 131: Output port <read_req> of the instance <i2cSlave> is unconnected or connected to loadless signal.
    Found 8-bit register for signal <data_to_master>.
    Summary:
	inferred   8 D-type flip-flop(s).
	inferred   1 Multiplexer(s).
Unit <Modulo_Lectura> synthesized.

Synthesizing Unit <Maquina_Estados>.
    Related source file is "/home/pedro/Documents/ISE/RACIMOStorm/Maquina_Estados.vhd".
    Found 3-bit register for signal <q_bus>.
    Found finite state machine <FSM_0> for signal <q_bus>.
    -----------------------------------------------------------------------
    | States             | 6                                              |
    | Transitions        | 17                                             |
    | Inputs             | 4                                              |
    | Outputs            | 14                                             |
    | Clock              | clk (rising_edge)                              |
    | Reset              | rst_maquina (positive)                         |
    | Reset type         | synchronous                                    |
    | Reset State        | s0                                             |
    | Power Up State     | s0                                             |
    | Encoding           | auto                                           |
    | Implementation     | LUT                                            |
    -----------------------------------------------------------------------
    Summary:
	inferred   1 Finite State Machine(s).
Unit <Maquina_Estados> synthesized.

Synthesizing Unit <Contador_Lectura>.
    Related source file is "/home/pedro/Documents/ISE/RACIMOStorm/Contador_Lectura.vhd".
    Found 20-bit register for signal <q_bus>.
    Found 20-bit adder for signal <q_bus[19]_GND_8_o_add_5_OUT> created at line 43.
    Found 20-bit comparator greater for signal <bus_sel_INV_4_o> created at line 40
    Summary:
	inferred   1 Adder/Subtractor(s).
	inferred  20 D-type flip-flop(s).
	inferred   1 Comparator(s).
	inferred   1 Multiplexer(s).
Unit <Contador_Lectura> synthesized.

Synthesizing Unit <div_frec_lectura>.
    Related source file is "/home/pedro/Documents/ISE/RACIMOStorm/div_frec_lectura.vhd".
    Found 4-bit register for signal <q_bus>.
    Found 4-bit comparator lessequal for signal <bus_sel_INV_5_o> created at line 38
    Summary:
	inferred   4 D-type flip-flop(s).
	inferred   1 Comparator(s).
Unit <div_frec_lectura> synthesized.

Synthesizing Unit <I2C_slave>.
    Related source file is "/home/pedro/Documents/ISE/RACIMOStorm/I2C_slave.vhd".
        SLAVE_ADDR = "0001000"
Always blocking tristate driving signal <scl> is removed.
    Found 1-bit register for signal <sda_reg>.
    Found 1-bit register for signal <scl_prev_reg>.
    Found 1-bit register for signal <sda_prev_reg>.
    Found 1-bit register for signal <scl_rising_reg>.
    Found 1-bit register for signal <scl_falling_reg>.
    Found 1-bit register for signal <start_reg>.
    Found 1-bit register for signal <stop_reg>.
    Found 1-bit register for signal <sda_o_reg>.
    Found 1-bit register for signal <sda_wen_reg>.
    Found 1-bit register for signal <data_valid_reg>.
    Found 1-bit register for signal <read_req_reg>.
    Found 3-bit register for signal <state_reg>.
    Found 4-bit register for signal <bits_processed_reg>.
    Found 7-bit register for signal <addr_reg>.
    Found 1-bit register for signal <cmd_reg>.
    Found 8-bit register for signal <data_to_master_reg>.
    Found 7-bit register for signal <data_reg>.
    Found 8-bit register for signal <data_from_master_reg>.
    Found 1-bit register for signal <continue_reg>.
    Found 1-bit register for signal <scl_reg>.
    Found finite state machine <FSM_1> for signal <state_reg>.
    -----------------------------------------------------------------------
    | States             | 8                                              |
    | Transitions        | 30                                             |
    | Inputs             | 9                                              |
    | Outputs            | 4                                              |
    | Clock              | clk (rising_edge)                              |
    | Reset              | stop_reg (positive)                            |
    | Reset type         | synchronous                                    |
    | Reset State        | idle                                           |
    | Power Up State     | idle                                           |
    | Encoding           | auto                                           |
    | Implementation     | LUT                                            |
    -----------------------------------------------------------------------
    Found 4-bit adder for signal <bits_processed_reg[3]_GND_12_o_add_38_OUT> created at line 224.
    Found 3-bit subtractor for signal <GND_12_o_GND_12_o_sub_5_OUT<2:0>> created at line 160.
    Found 3-bit subtractor for signal <GND_12_o_GND_12_o_sub_36_OUT<2:0>> created at line 221.
    Found 1-bit 8-to-1 multiplexer for signal <GND_12_o_data_to_master_reg[7]_Mux_36_o> created at line 221.
    Found 1-bit tristate buffer for signal <sda> created at line 293
    Found 4-bit comparator greater for signal <bits_processed_reg[3]_GND_12_o_LessThan_25_o> created at line 203
    Summary:
	inferred   3 Adder/Subtractor(s).
	inferred  48 D-type flip-flop(s).
	inferred   1 Comparator(s).
	inferred  31 Multiplexer(s).
	inferred   1 Tristate(s).
	inferred   1 Finite State Machine(s).
Unit <I2C_slave> synthesized.

Synthesizing Unit <debounce>.
    Related source file is "/home/pedro/Documents/ISE/RACIMOStorm/SCL.vhd".
        WAIT_CYCLES = 4
    Found 1-bit register for signal <state_reg>.
    Found 2-bit register for signal <counter>.
    Found 1-bit register for signal <out_reg>.
    Found 1-bit register for signal <signal_in_reg>.
    Found 2-bit subtractor for signal <GND_13_o_GND_13_o_sub_3_OUT<1:0>> created at line 54.
    Summary:
	inferred   1 Adder/Subtractor(s).
	inferred   5 D-type flip-flop(s).
Unit <debounce> synthesized.

=========================================================================
HDL Synthesis Report

Macro Statistics
# Adders/Subtractors                                   : 6
 2-bit subtractor                                      : 2
 20-bit adder                                          : 1
 3-bit subtractor                                      : 2
 4-bit adder                                           : 1
# Registers                                            : 30
 1-bit register                                        : 20
 2-bit register                                        : 2
 20-bit register                                       : 1
 4-bit register                                        : 2
 7-bit register                                        : 2
 8-bit register                                        : 3
# Comparators                                          : 3
 20-bit comparator greater                             : 1
 4-bit comparator greater                              : 1
 4-bit comparator lessequal                            : 1
# Multiplexers                                         : 33
 1-bit 2-to-1 multiplexer                              : 23
 1-bit 8-to-1 multiplexer                              : 1
 20-bit 2-to-1 multiplexer                             : 1
 4-bit 2-to-1 multiplexer                              : 7
 8-bit 2-to-1 multiplexer                              : 1
# Tristates                                            : 1
 1-bit tristate buffer                                 : 1
# FSMs                                                 : 2
# Xors                                                 : 4
 1-bit xor2                                            : 4

=========================================================================

=========================================================================
*                       Advanced HDL Synthesis                          *
=========================================================================

WARNING:Xst:1293 - FF/Latch <q_bus_0> has a constant value of 0 in block <Inst_div_frec_lectura>. This FF/Latch will be trimmed during the optimization process.
WARNING:Xst:1293 - FF/Latch <q_bus_1> has a constant value of 0 in block <Inst_div_frec_lectura>. This FF/Latch will be trimmed during the optimization process.
WARNING:Xst:1293 - FF/Latch <q_bus_2> has a constant value of 0 in block <Inst_div_frec_lectura>. This FF/Latch will be trimmed during the optimization process.
WARNING:Xst:1293 - FF/Latch <q_bus_3> has a constant value of 0 in block <Inst_div_frec_lectura>. This FF/Latch will be trimmed during the optimization process.

Synthesizing (advanced) Unit <Contador_Lectura>.
The following registers are absorbed into counter <q_bus>: 1 register on signal <q_bus>.
Unit <Contador_Lectura> synthesized (advanced).

Synthesizing (advanced) Unit <debounce>.
The following registers are absorbed into counter <counter>: 1 register on signal <counter>.
Unit <debounce> synthesized (advanced).

=========================================================================
Advanced HDL Synthesis Report

Macro Statistics
# Adders/Subtractors                                   : 3
 3-bit subtractor                                      : 2
 4-bit adder                                           : 1
# Counters                                             : 3
 2-bit down counter                                    : 2
 20-bit up counter                                     : 1
# Registers                                            : 66
 Flip-Flops                                            : 66
# Comparators                                          : 3
 20-bit comparator greater                             : 1
 4-bit comparator greater                              : 1
 4-bit comparator lessequal                            : 1
# Multiplexers                                         : 32
 1-bit 2-to-1 multiplexer                              : 23
 1-bit 8-to-1 multiplexer                              : 1
 4-bit 2-to-1 multiplexer                              : 7
 8-bit 2-to-1 multiplexer                              : 1
# FSMs                                                 : 2
# Xors                                                 : 4
 1-bit xor2                                            : 4

=========================================================================

=========================================================================
*                         Low Level Synthesis                           *
=========================================================================
WARNING:Xst:1293 - FF/Latch <q_bus_0> has a constant value of 0 in block <div_frec_lectura>. This FF/Latch will be trimmed during the optimization process.
WARNING:Xst:1896 - Due to other FF/Latch trimming, FF/Latch <q_bus_1> has a constant value of 0 in block <div_frec_lectura>. This FF/Latch will be trimmed during the optimization process.
WARNING:Xst:1896 - Due to other FF/Latch trimming, FF/Latch <q_bus_2> has a constant value of 0 in block <div_frec_lectura>. This FF/Latch will be trimmed during the optimization process.
WARNING:Xst:1896 - Due to other FF/Latch trimming, FF/Latch <q_bus_3> has a constant value of 0 in block <div_frec_lectura>. This FF/Latch will be trimmed during the optimization process.
Analyzing FSM <MFsm> for best encoding.
Optimizing FSM <FSM_0> on signal <q_bus[1:3]> with gray encoding.
-------------------
 State | Encoding
-------------------
 s0    | 000
 s1    | 001
 s2    | 011
 s3    | 010
 s4    | 110
 s5    | 111
-------------------
Analyzing FSM <MFsm> for best encoding.
Optimizing FSM <i2cSlave/FSM_1> on signal <state_reg[1:3]> with user encoding.
---------------------------------
 State               | Encoding
---------------------------------
 idle                | 000
 get_address_and_cmd | 001
 answer_ack_start    | 010
 write               | 011
 read                | 100
 read_ack_start      | 101
 read_ack_got_rising | 110
 read_stop           | 111
---------------------------------
WARNING:Xst:2677 - Node <i2cSlave/read_req_reg> of sequential type is unconnected in block <Modulo_Lectura>.

Optimizing unit <Modulo_Lectura> ...

Optimizing unit <debounce> ...

Mapping all equations...
Building and optimizing final netlist ...
Found area constraint ratio of 100 (+ 5) on block Modulo_Lectura, actual ratio is 2.
FlipFlop i2cSlave/bits_processed_reg_0 has been replicated 1 time(s)
FlipFlop i2cSlave/bits_processed_reg_2 has been replicated 1 time(s)

Final Macro Processing ...

=========================================================================
Final Register Report

Macro Statistics
# Registers                                            : 93
 Flip-Flops                                            : 93

=========================================================================

=========================================================================
*                           Partition Report                            *
=========================================================================

Partition Implementation Status
-------------------------------

  No Partitions were found in this design.

-------------------------------

=========================================================================
*                            Design Summary                             *
=========================================================================

Top Level Output File Name         : Modulo_Lectura.ngc

Primitive and Black Box Usage:
------------------------------
# BELS                             : 164
#      GND                         : 1
#      INV                         : 3
#      LUT2                        : 16
#      LUT3                        : 23
#      LUT4                        : 11
#      LUT5                        : 23
#      LUT6                        : 45
#      MUXCY                       : 19
#      MUXF7                       : 2
#      VCC                         : 1
#      XORCY                       : 20
# FlipFlops/Latches                : 93
#      FD                          : 23
#      FDE                         : 38
#      FDR                         : 6
#      FDRE                        : 26
# Clock Buffers                    : 1
#      BUFGP                       : 1
# IO Buffers                       : 49
#      IBUF                        : 16
#      IOBUF                       : 1
#      OBUF                        : 32

Device utilization summary:
---------------------------

Selected Device : 6slx9tqg144-2 


Slice Logic Utilization: 
 Number of Slice Registers:              93  out of  11440     0%  
 Number of Slice LUTs:                  121  out of   5720     2%  
    Number used as Logic:               121  out of   5720     2%  

Slice Logic Distribution: 
 Number of LUT Flip Flop pairs used:    131
   Number with an unused Flip Flop:      38  out of    131    29%  
   Number with an unused LUT:            10  out of    131     7%  
   Number of fully used LUT-FF pairs:    83  out of    131    63%  
   Number of unique control sets:        11

IO Utilization: 
 Number of IOs:                          51
 Number of bonded IOBs:                  50  out of    102    49%  

Specific Feature Utilization:
 Number of BUFG/BUFGCTRLs:                1  out of     16     6%  

---------------------------
Partition Resource Summary:
---------------------------

  No Partitions were found in this design.

---------------------------


=========================================================================
Timing Report

NOTE: THESE TIMING NUMBERS ARE ONLY A SYNTHESIS ESTIMATE.
      FOR ACCURATE TIMING INFORMATION PLEASE REFER TO THE TRACE REPORT
      GENERATED AFTER PLACE-and-ROUTE.

Clock Information:
------------------
-----------------------------------+------------------------+-------+
Clock Signal                       | Clock buffer(FF name)  | Load  |
-----------------------------------+------------------------+-------+
CLK                                | BUFGP                  | 93    |
-----------------------------------+------------------------+-------+

Asynchronous Control Signals Information:
----------------------------------------
No asynchronous control signals found in this design

Timing Summary:
---------------
Speed Grade: -2

   Minimum period: 5.028ns (Maximum Frequency: 198.896MHz)
   Minimum input arrival time before clock: 3.488ns
   Maximum output required time after clock: 6.191ns
   Maximum combinational path delay: No path found

Timing Details:
---------------
All values displayed in nanoseconds (ns)

=========================================================================
Timing constraint: Default period analysis for Clock 'CLK'
  Clock period: 5.028ns (frequency: 198.896MHz)
  Total number of paths / destination ports: 4188 / 184
-------------------------------------------------------------------------
Delay:               5.028ns (Levels of Logic = 22)
  Source:            Inst_Contador_Lectura/q_bus_18 (FF)
  Destination:       Inst_Contador_Lectura/q_bus_19 (FF)
  Source Clock:      CLK rising
  Destination Clock: CLK rising

  Data Path: Inst_Contador_Lectura/q_bus_18 to Inst_Contador_Lectura/q_bus_19
                                Gate     Net
    Cell:in->out      fanout   Delay   Delay  Logical Name (Net Name)
    ----------------------------------------  ------------
     FDRE:C->Q             4   0.525   1.080  Inst_Contador_Lectura/q_bus_18 (Inst_Contador_Lectura/q_bus_18)
     LUT4:I0->O           20   0.254   1.394  Inst_Contador_Lectura/bus_sel_INV_4_o_inv_inv21 (Inst_Contador_Lectura/bus_sel_INV_4_o_inv_inv2)
     LUT6:I4->O            4   0.250   0.803  Inst_Contador_Lectura/bus_sel_INV_4_o_inv_inv23 (Inst_Contador_Lectura/bus_sel_INV_4_o_inv_inv)
     MUXCY:CI->O           1   0.023   0.000  Inst_Contador_Lectura/Mcount_q_bus_cy<0> (Inst_Contador_Lectura/Mcount_q_bus_cy<0>)
     MUXCY:CI->O           1   0.023   0.000  Inst_Contador_Lectura/Mcount_q_bus_cy<1> (Inst_Contador_Lectura/Mcount_q_bus_cy<1>)
     MUXCY:CI->O           1   0.023   0.000  Inst_Contador_Lectura/Mcount_q_bus_cy<2> (Inst_Contador_Lectura/Mcount_q_bus_cy<2>)
     MUXCY:CI->O           1   0.023   0.000  Inst_Contador_Lectura/Mcount_q_bus_cy<3> (Inst_Contador_Lectura/Mcount_q_bus_cy<3>)
     MUXCY:CI->O           1   0.023   0.000  Inst_Contador_Lectura/Mcount_q_bus_cy<4> (Inst_Contador_Lectura/Mcount_q_bus_cy<4>)
     MUXCY:CI->O           1   0.023   0.000  Inst_Contador_Lectura/Mcount_q_bus_cy<5> (Inst_Contador_Lectura/Mcount_q_bus_cy<5>)
     MUXCY:CI->O           1   0.023   0.000  Inst_Contador_Lectura/Mcount_q_bus_cy<6> (Inst_Contador_Lectura/Mcount_q_bus_cy<6>)
     MUXCY:CI->O           1   0.023   0.000  Inst_Contador_Lectura/Mcount_q_bus_cy<7> (Inst_Contador_Lectura/Mcount_q_bus_cy<7>)
     MUXCY:CI->O           1   0.023   0.000  Inst_Contador_Lectura/Mcount_q_bus_cy<8> (Inst_Contador_Lectura/Mcount_q_bus_cy<8>)
     MUXCY:CI->O           1   0.023   0.000  Inst_Contador_Lectura/Mcount_q_bus_cy<9> (Inst_Contador_Lectura/Mcount_q_bus_cy<9>)
     MUXCY:CI->O           1   0.023   0.000  Inst_Contador_Lectura/Mcount_q_bus_cy<10> (Inst_Contador_Lectura/Mcount_q_bus_cy<10>)
     MUXCY:CI->O           1   0.023   0.000  Inst_Contador_Lectura/Mcount_q_bus_cy<11> (Inst_Contador_Lectura/Mcount_q_bus_cy<11>)
     MUXCY:CI->O           1   0.023   0.000  Inst_Contador_Lectura/Mcount_q_bus_cy<12> (Inst_Contador_Lectura/Mcount_q_bus_cy<12>)
     MUXCY:CI->O           1   0.023   0.000  Inst_Contador_Lectura/Mcount_q_bus_cy<13> (Inst_Contador_Lectura/Mcount_q_bus_cy<13>)
     MUXCY:CI->O           1   0.023   0.000  Inst_Contador_Lectura/Mcount_q_bus_cy<14> (Inst_Contador_Lectura/Mcount_q_bus_cy<14>)
     MUXCY:CI->O           1   0.023   0.000  Inst_Contador_Lectura/Mcount_q_bus_cy<15> (Inst_Contador_Lectura/Mcount_q_bus_cy<15>)
     MUXCY:CI->O           1   0.023   0.000  Inst_Contador_Lectura/Mcount_q_bus_cy<16> (Inst_Contador_Lectura/Mcount_q_bus_cy<16>)
     MUXCY:CI->O           1   0.023   0.000  Inst_Contador_Lectura/Mcount_q_bus_cy<17> (Inst_Contador_Lectura/Mcount_q_bus_cy<17>)
     MUXCY:CI->O           0   0.023   0.000  Inst_Contador_Lectura/Mcount_q_bus_cy<18> (Inst_Contador_Lectura/Mcount_q_bus_cy<18>)
     XORCY:CI->O           1   0.206   0.000  Inst_Contador_Lectura/Mcount_q_bus_xor<19> (Inst_Contador_Lectura/Mcount_q_bus19)
     FDRE:D                    0.074          Inst_Contador_Lectura/q_bus_19
    ----------------------------------------
    Total                      5.028ns (1.751ns logic, 3.277ns route)
                                       (34.8% logic, 65.2% route)

=========================================================================
Timing constraint: Default OFFSET IN BEFORE for Clock 'CLK'
  Total number of paths / destination ports: 21 / 16
-------------------------------------------------------------------------
Offset:              3.488ns (Levels of Logic = 2)
  Source:            RESET (PAD)
  Destination:       Inst_Maquina_Estados/q_bus_FSM_FFd3 (FF)
  Destination Clock: CLK rising

  Data Path: RESET to Inst_Maquina_Estados/q_bus_FSM_FFd3
                                Gate     Net
    Cell:in->out      fanout   Delay   Delay  Logical Name (Net Name)
    ----------------------------------------  ------------
     IBUF:I->O             1   1.328   0.681  RESET_IBUF (RESET_IBUF)
     INV:I->O              3   0.255   0.765  RESET_INV_1_o1_INV_0 (RESET_INV_1_o)
     FDR:R                     0.459          Inst_Maquina_Estados/q_bus_FSM_FFd3
    ----------------------------------------
    Total                      3.488ns (2.042ns logic, 1.446ns route)
                                       (58.5% logic, 41.5% route)

=========================================================================
Timing constraint: Default OFFSET OUT AFTER for Clock 'CLK'
  Total number of paths / destination ports: 48 / 31
-------------------------------------------------------------------------
Offset:              6.191ns (Levels of Logic = 2)
  Source:            Inst_Maquina_Estados/q_bus_FSM_FFd3 (FF)
  Destination:       LED<7> (PAD)
  Source Clock:      CLK rising

  Data Path: Inst_Maquina_Estados/q_bus_FSM_FFd3 to LED<7>
                                Gate     Net
    Cell:in->out      fanout   Delay   Delay  Logical Name (Net Name)
    ----------------------------------------  ------------
     FDR:C->Q             11   0.525   1.147  Inst_Maquina_Estados/q_bus_FSM_FFd3 (Inst_Maquina_Estados/q_bus_FSM_FFd3)
     LUT2:I0->O           23   0.250   1.357  LED<6>1 (LED_6_OBUF)
     OBUF:I->O                 2.912          LED_7_OBUF (LED<7>)
    ----------------------------------------
    Total                      6.191ns (3.687ns logic, 2.504ns route)
                                       (59.6% logic, 40.4% route)

=========================================================================

Cross Clock Domains Report:
--------------------------

Clock to Setup on destination clock CLK
---------------+---------+---------+---------+---------+
               | Src:Rise| Src:Fall| Src:Rise| Src:Fall|
Source Clock   |Dest:Rise|Dest:Rise|Dest:Fall|Dest:Fall|
---------------+---------+---------+---------+---------+
CLK            |    5.028|         |         |         |
---------------+---------+---------+---------+---------+

=========================================================================


Total REAL time to Xst completion: 31.00 secs
Total CPU time to Xst completion: 27.85 secs
 
--> 


Total memory usage is 409120 kilobytes

Number of errors   :    0 (   0 filtered)
Number of warnings :   12 (   0 filtered)
Number of infos    :    1 (   0 filtered)

