Release 14.7 - xst P.20131013 (lin64)
Copyright (c) 1995-2013 Xilinx, Inc.  All rights reserved.
--> 
Parameter TMPDIR set to xst/projnav.tmp


Total REAL time to Xst completion: 0.00 secs
Total CPU time to Xst completion: 0.13 secs
 
--> 
Parameter xsthdpdir set to xst


Total REAL time to Xst completion: 0.00 secs
Total CPU time to Xst completion: 0.13 secs
 
--> 
Reading design: SM_CTRL.prj

TABLE OF CONTENTS
  1) Synthesis Options Summary
  2) HDL Parsing
  3) HDL Elaboration
  4) HDL Synthesis
       4.1) HDL Synthesis Report
  5) Advanced HDL Synthesis
       5.1) Advanced HDL Synthesis Report
  6) Low Level Synthesis
  7) Partition Report
  8) Design Summary
       8.1) Primitive and Black Box Usage
       8.2) Device utilization summary
       8.3) Partition Resource Summary
       8.4) Timing Report
            8.4.1) Clock Information
            8.4.2) Asynchronous Control Signals Information
            8.4.3) Timing Summary
            8.4.4) Timing Details
            8.4.5) Cross Clock Domains Report


=========================================================================
*                      Synthesis Options Summary                        *
=========================================================================
---- Source Parameters
Input File Name                    : "SM_CTRL.prj"
Ignore Synthesis Constraint File   : NO

---- Target Parameters
Output File Name                   : "SM_CTRL"
Output Format                      : NGC
Target Device                      : xc6slx9-2-tqg144

---- Source Options
Top Module Name                    : SM_CTRL
Automatic FSM Extraction           : YES
FSM Encoding Algorithm             : Auto
Safe Implementation                : No
FSM Style                          : LUT
RAM Extraction                     : Yes
RAM Style                          : Auto
ROM Extraction                     : Yes
Shift Register Extraction          : YES
ROM Style                          : Auto
Resource Sharing                   : YES
Asynchronous To Synchronous        : NO
Shift Register Minimum Size        : 2
Use DSP Block                      : Auto
Automatic Register Balancing       : No

---- Target Options
LUT Combining                      : Auto
Reduce Control Sets                : Auto
Add IO Buffers                     : YES
Global Maximum Fanout              : 100000
Add Generic Clock Buffer(BUFG)     : 16
Register Duplication               : YES
Optimize Instantiated Primitives   : NO
Use Clock Enable                   : Auto
Use Synchronous Set                : Auto
Use Synchronous Reset              : Auto
Pack IO Registers into IOBs        : Auto
Equivalent register Removal        : YES

---- General Options
Optimization Goal                  : Speed
Optimization Effort                : 1
Power Reduction                    : NO
Keep Hierarchy                     : No
Netlist Hierarchy                  : As_Optimized
RTL Output                         : Yes
Global Optimization                : AllClockNets
Read Cores                         : YES
Write Timing Constraints           : NO
Cross Clock Analysis               : NO
Hierarchy Separator                : /
Bus Delimiter                      : <>
Case Specifier                     : Maintain
Slice Utilization Ratio            : 100
BRAM Utilization Ratio             : 100
DSP48 Utilization Ratio            : 100
Auto BRAM Packing                  : NO
Slice Utilization Ratio Delta      : 5

=========================================================================


=========================================================================
*                          HDL Parsing                                  *
=========================================================================
Parsing VHDL file "/home/pedro/Documents/ISE/RACIMOStorm/SM_CTRL.vhd" into library work
Parsing entity <SM_CTRL>.
Parsing architecture <Behavioral> of entity <sm_ctrl>.

=========================================================================
*                            HDL Elaboration                            *
=========================================================================

Elaborating entity <SM_CTRL> (architecture <Behavioral>) from library <work>.
INFO:HDLCompiler:679 - "/home/pedro/Documents/ISE/RACIMOStorm/SM_CTRL.vhd" Line 165. Case statement is complete. others clause is never selected

=========================================================================
*                           HDL Synthesis                               *
=========================================================================

Synthesizing Unit <SM_CTRL>.
    Related source file is "/home/pedro/Documents/ISE/RACIMOStorm/SM_CTRL.vhd".
    Found 4-bit register for signal <q_bus>.
    Found finite state machine <FSM_0> for signal <q_bus>.
    -----------------------------------------------------------------------
    | States             | 14                                             |
    | Transitions        | 40                                             |
    | Inputs             | 7                                              |
    | Outputs            | 9                                              |
    | Clock              | clk (rising_edge)                              |
    | Reset              | rst_sm_ctrl (positive)                         |
    | Reset type         | synchronous                                    |
    | Reset State        | s0                                             |
    | Power Up State     | s0                                             |
    | Encoding           | auto                                           |
    | Implementation     | LUT                                            |
    -----------------------------------------------------------------------
    Summary:
	inferred   1 Finite State Machine(s).
Unit <SM_CTRL> synthesized.

=========================================================================
HDL Synthesis Report

Macro Statistics
# FSMs                                                 : 1

=========================================================================

=========================================================================
*                       Advanced HDL Synthesis                          *
=========================================================================


=========================================================================
Advanced HDL Synthesis Report

Macro Statistics
# FSMs                                                 : 1

=========================================================================

=========================================================================
*                         Low Level Synthesis                           *
=========================================================================
Analyzing FSM <MFsm> for best encoding.
Optimizing FSM <FSM_0> on signal <q_bus[1:4]> with gray encoding.
---------------------
 State   | Encoding
---------------------
 s0      | 0000
 s1      | 0010
 s2      | 0111
 s3      | 0011
 s4      | 0100
 s5      | 0001
 s6      | 1111
 s7      | 1100
 esp_esc | 0101
 esp_bor | 1110
 p_esc   | 0110
 p_bor   | 1101
 r_esc   | 1010
 r_bor   | 1011
---------------------

Optimizing unit <SM_CTRL> ...

Mapping all equations...
Building and optimizing final netlist ...
Found area constraint ratio of 100 (+ 5) on block SM_CTRL, actual ratio is 0.

Final Macro Processing ...

=========================================================================
Final Register Report

Macro Statistics
# Registers                                            : 4
 Flip-Flops                                            : 4

=========================================================================

=========================================================================
*                           Partition Report                            *
=========================================================================

Partition Implementation Status
-------------------------------

  No Partitions were found in this design.

-------------------------------

=========================================================================
*                            Design Summary                             *
=========================================================================

Top Level Output File Name         : SM_CTRL.ngc

Primitive and Black Box Usage:
------------------------------
# BELS                             : 22
#      LUT3                        : 2
#      LUT4                        : 9
#      LUT5                        : 4
#      LUT6                        : 6
#      MUXF7                       : 1
# FlipFlops/Latches                : 4
#      FDR                         : 4
# Clock Buffers                    : 1
#      BUFGP                       : 1
# IO Buffers                       : 17
#      IBUF                        : 8
#      OBUF                        : 9

Device utilization summary:
---------------------------

Selected Device : 6slx9tqg144-2 


Slice Logic Utilization: 
 Number of Slice Registers:               4  out of  11440     0%  
 Number of Slice LUTs:                   21  out of   5720     0%  
    Number used as Logic:                21  out of   5720     0%  

Slice Logic Distribution: 
 Number of LUT Flip Flop pairs used:     21
   Number with an unused Flip Flop:      17  out of     21    80%  
   Number with an unused LUT:             0  out of     21     0%  
   Number of fully used LUT-FF pairs:     4  out of     21    19%  
   Number of unique control sets:         1

IO Utilization: 
 Number of IOs:                          18
 Number of bonded IOBs:                  18  out of    102    17%  

Specific Feature Utilization:
 Number of BUFG/BUFGCTRLs:                1  out of     16     6%  

---------------------------
Partition Resource Summary:
---------------------------

  No Partitions were found in this design.

---------------------------


=========================================================================
Timing Report

NOTE: THESE TIMING NUMBERS ARE ONLY A SYNTHESIS ESTIMATE.
      FOR ACCURATE TIMING INFORMATION PLEASE REFER TO THE TRACE REPORT
      GENERATED AFTER PLACE-and-ROUTE.

Clock Information:
------------------
-----------------------------------+------------------------+-------+
Clock Signal                       | Clock buffer(FF name)  | Load  |
-----------------------------------+------------------------+-------+
clk                                | BUFGP                  | 4     |
-----------------------------------+------------------------+-------+

Asynchronous Control Signals Information:
----------------------------------------
No asynchronous control signals found in this design

Timing Summary:
---------------
Speed Grade: -2

   Minimum period: 3.362ns (Maximum Frequency: 297.442MHz)
   Minimum input arrival time before clock: 4.064ns
   Maximum output required time after clock: 5.842ns
   Maximum combinational path delay: No path found

Timing Details:
---------------
All values displayed in nanoseconds (ns)

=========================================================================
Timing constraint: Default period analysis for Clock 'clk'
  Clock period: 3.362ns (frequency: 297.442MHz)
  Total number of paths / destination ports: 34 / 4
-------------------------------------------------------------------------
Delay:               3.362ns (Levels of Logic = 2)
  Source:            q_bus_FSM_FFd2 (FF)
  Destination:       q_bus_FSM_FFd4 (FF)
  Source Clock:      clk rising
  Destination Clock: clk rising

  Data Path: q_bus_FSM_FFd2 to q_bus_FSM_FFd4
                                Gate     Net
    Cell:in->out      fanout   Delay   Delay  Logical Name (Net Name)
    ----------------------------------------  ------------
     FDR:C->Q             15   0.525   1.383  q_bus_FSM_FFd2 (q_bus_FSM_FFd2)
     LUT4:I1->O            1   0.235   0.910  q_bus_FSM_FFd4-In3 (q_bus_FSM_FFd4-In3)
     LUT6:I3->O            1   0.235   0.000  q_bus_FSM_FFd4-In5 (q_bus_FSM_FFd4-In)
     FDR:D                     0.074          q_bus_FSM_FFd4
    ----------------------------------------
    Total                      3.362ns (1.069ns logic, 2.293ns route)
                                       (31.8% logic, 68.2% route)

=========================================================================
Timing constraint: Default OFFSET IN BEFORE for Clock 'clk'
  Total number of paths / destination ports: 31 / 8
-------------------------------------------------------------------------
Offset:              4.064ns (Levels of Logic = 3)
  Source:            sw2 (PAD)
  Destination:       q_bus_FSM_FFd4 (FF)
  Destination Clock: clk rising

  Data Path: sw2 to q_bus_FSM_FFd4
                                Gate     Net
    Cell:in->out      fanout   Delay   Delay  Logical Name (Net Name)
    ----------------------------------------  ------------
     IBUF:I->O             3   1.328   1.196  sw2_IBUF (sw2_IBUF)
     LUT5:I0->O            1   0.254   0.958  q_bus_FSM_FFd4-In4 (q_bus_FSM_FFd4-In4)
     LUT6:I2->O            1   0.254   0.000  q_bus_FSM_FFd4-In5 (q_bus_FSM_FFd4-In)
     FDR:D                     0.074          q_bus_FSM_FFd4
    ----------------------------------------
    Total                      4.064ns (1.910ns logic, 2.154ns route)
                                       (47.0% logic, 53.0% route)

=========================================================================
Timing constraint: Default OFFSET OUT AFTER for Clock 'clk'
  Total number of paths / destination ports: 33 / 9
-------------------------------------------------------------------------
Offset:              5.842ns (Levels of Logic = 2)
  Source:            q_bus_FSM_FFd3 (FF)
  Destination:       borrado (PAD)
  Source Clock:      clk rising

  Data Path: q_bus_FSM_FFd3 to borrado
                                Gate     Net
    Cell:in->out      fanout   Delay   Delay  Logical Name (Net Name)
    ----------------------------------------  ------------
     FDR:C->Q             19   0.525   1.489  q_bus_FSM_FFd3 (q_bus_FSM_FFd3)
     LUT4:I1->O            1   0.235   0.681  borrado1 (borrado_OBUF)
     OBUF:I->O                 2.912          borrado_OBUF (borrado)
    ----------------------------------------
    Total                      5.842ns (3.672ns logic, 2.170ns route)
                                       (62.9% logic, 37.1% route)

=========================================================================

Cross Clock Domains Report:
--------------------------

Clock to Setup on destination clock clk
---------------+---------+---------+---------+---------+
               | Src:Rise| Src:Fall| Src:Rise| Src:Fall|
Source Clock   |Dest:Rise|Dest:Rise|Dest:Fall|Dest:Fall|
---------------+---------+---------+---------+---------+
clk            |    3.362|         |         |         |
---------------+---------+---------+---------+---------+

=========================================================================


Total REAL time to Xst completion: 27.00 secs
Total CPU time to Xst completion: 25.28 secs
 
--> 


Total memory usage is 391424 kilobytes

Number of errors   :    0 (   0 filtered)
Number of warnings :    0 (   0 filtered)
Number of infos    :    0 (   0 filtered)

