Release 14.7 - xst P.20131013 (lin64)
Copyright (c) 1995-2013 Xilinx, Inc.  All rights reserved.
--> 
Parameter TMPDIR set to xst/projnav.tmp


Total REAL time to Xst completion: 1.00 secs
Total CPU time to Xst completion: 0.13 secs
 
--> 
Parameter xsthdpdir set to xst


Total REAL time to Xst completion: 1.00 secs
Total CPU time to Xst completion: 0.13 secs
 
--> 
Reading design: Borrado.prj

TABLE OF CONTENTS
  1) Synthesis Options Summary
  2) HDL Parsing
  3) HDL Elaboration
  4) HDL Synthesis
       4.1) HDL Synthesis Report
  5) Advanced HDL Synthesis
       5.1) Advanced HDL Synthesis Report
  6) Low Level Synthesis
  7) Partition Report
  8) Design Summary
       8.1) Primitive and Black Box Usage
       8.2) Device utilization summary
       8.3) Partition Resource Summary
       8.4) Timing Report
            8.4.1) Clock Information
            8.4.2) Asynchronous Control Signals Information
            8.4.3) Timing Summary
            8.4.4) Timing Details
            8.4.5) Cross Clock Domains Report


=========================================================================
*                      Synthesis Options Summary                        *
=========================================================================
---- Source Parameters
Input File Name                    : "Borrado.prj"
Ignore Synthesis Constraint File   : NO

---- Target Parameters
Output File Name                   : "Borrado"
Output Format                      : NGC
Target Device                      : xc6slx9-2-tqg144

---- Source Options
Top Module Name                    : Borrado
Automatic FSM Extraction           : YES
FSM Encoding Algorithm             : Auto
Safe Implementation                : No
FSM Style                          : LUT
RAM Extraction                     : Yes
RAM Style                          : Auto
ROM Extraction                     : Yes
Shift Register Extraction          : YES
ROM Style                          : Auto
Resource Sharing                   : YES
Asynchronous To Synchronous        : NO
Shift Register Minimum Size        : 2
Use DSP Block                      : Auto
Automatic Register Balancing       : No

---- Target Options
LUT Combining                      : Auto
Reduce Control Sets                : Auto
Add IO Buffers                     : YES
Global Maximum Fanout              : 100000
Add Generic Clock Buffer(BUFG)     : 16
Register Duplication               : YES
Optimize Instantiated Primitives   : NO
Use Clock Enable                   : Auto
Use Synchronous Set                : Auto
Use Synchronous Reset              : Auto
Pack IO Registers into IOBs        : Auto
Equivalent register Removal        : YES

---- General Options
Optimization Goal                  : Speed
Optimization Effort                : 1
Power Reduction                    : NO
Keep Hierarchy                     : No
Netlist Hierarchy                  : As_Optimized
RTL Output                         : Yes
Global Optimization                : AllClockNets
Read Cores                         : YES
Write Timing Constraints           : NO
Cross Clock Analysis               : NO
Hierarchy Separator                : /
Bus Delimiter                      : <>
Case Specifier                     : Maintain
Slice Utilization Ratio            : 100
BRAM Utilization Ratio             : 100
DSP48 Utilization Ratio            : 100
Auto BRAM Packing                  : NO
Slice Utilization Ratio Delta      : 5

=========================================================================


=========================================================================
*                          HDL Parsing                                  *
=========================================================================
Parsing VHDL file "/home/pedro/Documents/ISE/Escritura_Borrado_Lectura/Escritura/Borrado.vhd" into library work
Parsing entity <Borrado>.
Parsing architecture <Behavioral> of entity <borrado>.

=========================================================================
*                            HDL Elaboration                            *
=========================================================================

Elaborating entity <Borrado> (architecture <Behavioral>) from library <work>.
INFO:HDLCompiler:679 - "/home/pedro/Documents/ISE/Escritura_Borrado_Lectura/Escritura/Borrado.vhd" Line 88. Case statement is complete. others clause is never selected

=========================================================================
*                           HDL Synthesis                               *
=========================================================================

Synthesizing Unit <Borrado>.
    Related source file is "/home/pedro/Documents/ISE/Escritura_Borrado_Lectura/Escritura/Borrado.vhd".
    Found 4-bit register for signal <q_bus>.
    Found finite state machine <FSM_0> for signal <q_bus>.
    -----------------------------------------------------------------------
    | States             | 13                                             |
    | Transitions        | 27                                             |
    | Inputs             | 2                                              |
    | Outputs            | 25                                             |
    | Clock              | clk (rising_edge)                              |
    | Reset              | rst_bor (positive)                             |
    | Reset type         | synchronous                                    |
    | Reset State        | s0                                             |
    | Power Up State     | s0                                             |
    | Encoding           | auto                                           |
    | Implementation     | LUT                                            |
    -----------------------------------------------------------------------
    Summary:
	inferred   1 Finite State Machine(s).
Unit <Borrado> synthesized.

=========================================================================
HDL Synthesis Report

Macro Statistics
# FSMs                                                 : 1

=========================================================================

=========================================================================
*                       Advanced HDL Synthesis                          *
=========================================================================


=========================================================================
Advanced HDL Synthesis Report

Macro Statistics
# FSMs                                                 : 1

=========================================================================

=========================================================================
*                         Low Level Synthesis                           *
=========================================================================
Analyzing FSM <MFsm> for best encoding.
Optimizing FSM <FSM_0> on signal <q_bus[1:13]> with one-hot encoding.
------------------------
 State | Encoding
------------------------
 s0    | 0000000000001
 s1    | 0000000000010
 s2    | 0000000000100
 s3    | 0000000001000
 s4    | 0000000010000
 s5    | 0000000100000
 s6    | 0000001000000
 s7    | 0000010000000
 s8    | 0000100000000
 s9    | 0001000000000
 s10   | 0010000000000
 s11   | 0100000000000
 s12   | 1000000000000
------------------------

Optimizing unit <Borrado> ...

Mapping all equations...
Building and optimizing final netlist ...
Found area constraint ratio of 100 (+ 5) on block Borrado, actual ratio is 0.

Final Macro Processing ...

=========================================================================
Final Register Report

Macro Statistics
# Registers                                            : 13
 Flip-Flops                                            : 13

=========================================================================

=========================================================================
*                           Partition Report                            *
=========================================================================

Partition Implementation Status
-------------------------------

  No Partitions were found in this design.

-------------------------------

=========================================================================
*                            Design Summary                             *
=========================================================================

Top Level Output File Name         : Borrado.ngc

Primitive and Black Box Usage:
------------------------------
# BELS                             : 21
#      GND                         : 1
#      LUT2                        : 3
#      LUT3                        : 13
#      LUT4                        : 2
#      LUT6                        : 1
#      VCC                         : 1
# FlipFlops/Latches                : 13
#      FDR                         : 12
#      FDS                         : 1
# Clock Buffers                    : 1
#      BUFGP                       : 1
# IO Buffers                       : 42
#      IBUF                        : 3
#      OBUF                        : 39

Device utilization summary:
---------------------------

Selected Device : 6slx9tqg144-2 


Slice Logic Utilization: 
 Number of Slice Registers:              13  out of  11440     0%  
 Number of Slice LUTs:                   19  out of   5720     0%  
    Number used as Logic:                19  out of   5720     0%  

Slice Logic Distribution: 
 Number of LUT Flip Flop pairs used:     19
   Number with an unused Flip Flop:       6  out of     19    31%  
   Number with an unused LUT:             0  out of     19     0%  
   Number of fully used LUT-FF pairs:    13  out of     19    68%  
   Number of unique control sets:         1

IO Utilization: 
 Number of IOs:                          43
 Number of bonded IOBs:                  43  out of    102    42%  

Specific Feature Utilization:
 Number of BUFG/BUFGCTRLs:                1  out of     16     6%  

---------------------------
Partition Resource Summary:
---------------------------

  No Partitions were found in this design.

---------------------------


=========================================================================
Timing Report

NOTE: THESE TIMING NUMBERS ARE ONLY A SYNTHESIS ESTIMATE.
      FOR ACCURATE TIMING INFORMATION PLEASE REFER TO THE TRACE REPORT
      GENERATED AFTER PLACE-and-ROUTE.

Clock Information:
------------------
-----------------------------------+------------------------+-------+
Clock Signal                       | Clock buffer(FF name)  | Load  |
-----------------------------------+------------------------+-------+
clk                                | BUFGP                  | 13    |
-----------------------------------+------------------------+-------+

Asynchronous Control Signals Information:
----------------------------------------
No asynchronous control signals found in this design

Timing Summary:
---------------
Speed Grade: -2

   Minimum period: 1.723ns (Maximum Frequency: 580.383MHz)
   Minimum input arrival time before clock: 3.030ns
   Maximum output required time after clock: 6.178ns
   Maximum combinational path delay: No path found

Timing Details:
---------------
All values displayed in nanoseconds (ns)

=========================================================================
Timing constraint: Default period analysis for Clock 'clk'
  Clock period: 1.723ns (frequency: 580.383MHz)
  Total number of paths / destination ports: 26 / 13
-------------------------------------------------------------------------
Delay:               1.723ns (Levels of Logic = 1)
  Source:            q_bus_FSM_FFd1 (FF)
  Destination:       q_bus_FSM_FFd13 (FF)
  Source Clock:      clk rising
  Destination Clock: clk rising

  Data Path: q_bus_FSM_FFd1 to q_bus_FSM_FFd13
                                Gate     Net
    Cell:in->out      fanout   Delay   Delay  Logical Name (Net Name)
    ----------------------------------------  ------------
     FDR:C->Q              3   0.525   0.874  q_bus_FSM_FFd1 (q_bus_FSM_FFd1)
     LUT4:I2->O            1   0.250   0.000  q_bus_FSM_FFd13-In1 (q_bus_FSM_FFd13-In)
     FDS:D                     0.074          q_bus_FSM_FFd13
    ----------------------------------------
    Total                      1.723ns (0.849ns logic, 0.874ns route)
                                       (49.3% logic, 50.7% route)

=========================================================================
Timing constraint: Default OFFSET IN BEFORE for Clock 'clk'
  Total number of paths / destination ports: 28 / 26
-------------------------------------------------------------------------
Offset:              3.030ns (Levels of Logic = 2)
  Source:            en_bor (PAD)
  Destination:       q_bus_FSM_FFd13 (FF)
  Destination Clock: clk rising

  Data Path: en_bor to q_bus_FSM_FFd13
                                Gate     Net
    Cell:in->out      fanout   Delay   Delay  Logical Name (Net Name)
    ----------------------------------------  ------------
     IBUF:I->O            13   1.328   1.374  en_bor_IBUF (en_bor_IBUF)
     LUT4:I0->O            1   0.254   0.000  q_bus_FSM_FFd13-In1 (q_bus_FSM_FFd13-In)
     FDS:D                     0.074          q_bus_FSM_FFd13
    ----------------------------------------
    Total                      3.030ns (1.656ns logic, 1.374ns route)
                                       (54.7% logic, 45.3% route)

=========================================================================
Timing constraint: Default OFFSET OUT AFTER for Clock 'clk'
  Total number of paths / destination ports: 64 / 24
-------------------------------------------------------------------------
Offset:              6.178ns (Levels of Logic = 3)
  Source:            q_bus_FSM_FFd3 (FF)
  Destination:       we_bor (PAD)
  Source Clock:      clk rising

  Data Path: q_bus_FSM_FFd3 to we_bor
                                Gate     Net
    Cell:in->out      fanout   Delay   Delay  Logical Name (Net Name)
    ----------------------------------------  ------------
     FDR:C->Q              3   0.525   0.874  q_bus_FSM_FFd3 (q_bus_FSM_FFd3)
     LUT2:I0->O            1   0.250   0.682  q_bus__n0039<0>_SW0 (N2)
     LUT6:I5->O            1   0.254   0.681  q_bus__n0039<0> (we_bor_OBUF)
     OBUF:I->O                 2.912          we_bor_OBUF (we_bor)
    ----------------------------------------
    Total                      6.178ns (3.941ns logic, 2.237ns route)
                                       (63.8% logic, 36.2% route)

=========================================================================

Cross Clock Domains Report:
--------------------------

Clock to Setup on destination clock clk
---------------+---------+---------+---------+---------+
               | Src:Rise| Src:Fall| Src:Rise| Src:Fall|
Source Clock   |Dest:Rise|Dest:Rise|Dest:Fall|Dest:Fall|
---------------+---------+---------+---------+---------+
clk            |    1.723|         |         |         |
---------------+---------+---------+---------+---------+

=========================================================================


Total REAL time to Xst completion: 22.00 secs
Total CPU time to Xst completion: 20.86 secs
 
--> 


Total memory usage is 391524 kilobytes

Number of errors   :    0 (   0 filtered)
Number of warnings :    0 (   0 filtered)
Number of infos    :    0 (   0 filtered)

