Release 14.7 - xst P.20131013 (lin64)
Copyright (c) 1995-2013 Xilinx, Inc.  All rights reserved.
--> 
Parameter TMPDIR set to xst/projnav.tmp


Total REAL time to Xst completion: 0.00 secs
Total CPU time to Xst completion: 0.13 secs
 
--> 
Parameter xsthdpdir set to xst


Total REAL time to Xst completion: 0.00 secs
Total CPU time to Xst completion: 0.13 secs
 
--> 
Reading design: CNT2S.prj

TABLE OF CONTENTS
  1) Synthesis Options Summary
  2) HDL Parsing
  3) HDL Elaboration
  4) HDL Synthesis
       4.1) HDL Synthesis Report
  5) Advanced HDL Synthesis
       5.1) Advanced HDL Synthesis Report
  6) Low Level Synthesis
  7) Partition Report
  8) Design Summary
       8.1) Primitive and Black Box Usage
       8.2) Device utilization summary
       8.3) Partition Resource Summary
       8.4) Timing Report
            8.4.1) Clock Information
            8.4.2) Asynchronous Control Signals Information
            8.4.3) Timing Summary
            8.4.4) Timing Details
            8.4.5) Cross Clock Domains Report


=========================================================================
*                      Synthesis Options Summary                        *
=========================================================================
---- Source Parameters
Input File Name                    : "CNT2S.prj"
Ignore Synthesis Constraint File   : NO

---- Target Parameters
Output File Name                   : "CNT2S"
Output Format                      : NGC
Target Device                      : xc6slx9-2-tqg144

---- Source Options
Top Module Name                    : CNT2S
Automatic FSM Extraction           : YES
FSM Encoding Algorithm             : Auto
Safe Implementation                : No
FSM Style                          : LUT
RAM Extraction                     : Yes
RAM Style                          : Auto
ROM Extraction                     : Yes
Shift Register Extraction          : YES
ROM Style                          : Auto
Resource Sharing                   : YES
Asynchronous To Synchronous        : NO
Shift Register Minimum Size        : 2
Use DSP Block                      : Auto
Automatic Register Balancing       : No

---- Target Options
LUT Combining                      : Auto
Reduce Control Sets                : Auto
Add IO Buffers                     : YES
Global Maximum Fanout              : 100000
Add Generic Clock Buffer(BUFG)     : 16
Register Duplication               : YES
Optimize Instantiated Primitives   : NO
Use Clock Enable                   : Auto
Use Synchronous Set                : Auto
Use Synchronous Reset              : Auto
Pack IO Registers into IOBs        : Auto
Equivalent register Removal        : YES

---- General Options
Optimization Goal                  : Speed
Optimization Effort                : 1
Power Reduction                    : NO
Keep Hierarchy                     : No
Netlist Hierarchy                  : As_Optimized
RTL Output                         : Yes
Global Optimization                : AllClockNets
Read Cores                         : YES
Write Timing Constraints           : NO
Cross Clock Analysis               : NO
Hierarchy Separator                : /
Bus Delimiter                      : <>
Case Specifier                     : Maintain
Slice Utilization Ratio            : 100
BRAM Utilization Ratio             : 100
DSP48 Utilization Ratio            : 100
Auto BRAM Packing                  : NO
Slice Utilization Ratio Delta      : 5

=========================================================================


=========================================================================
*                          HDL Parsing                                  *
=========================================================================
Parsing VHDL file "/home/pedro/Documents/ISE/Escritura_Borrado_Lectura/Escritura/CNT2S.vhd" into library work
Parsing entity <CNT2S>.
Parsing architecture <Behavioral> of entity <cnt2s>.

=========================================================================
*                            HDL Elaboration                            *
=========================================================================

Elaborating entity <CNT2S> (architecture <Behavioral>) from library <work>.

=========================================================================
*                           HDL Synthesis                               *
=========================================================================

Synthesizing Unit <CNT2S>.
    Related source file is "/home/pedro/Documents/ISE/Escritura_Borrado_Lectura/Escritura/CNT2S.vhd".
    Found 28-bit register for signal <Q_Bus>.
    Found 28-bit adder for signal <Q_Bus[27]_GND_6_o_add_5_OUT> created at line 46.
    Found 28-bit comparator lessequal for signal <Bus_Sel_INV_1_o> created at line 43
    Summary:
	inferred   1 Adder/Subtractor(s).
	inferred  28 D-type flip-flop(s).
	inferred   1 Comparator(s).
Unit <CNT2S> synthesized.

=========================================================================
HDL Synthesis Report

Macro Statistics
# Adders/Subtractors                                   : 1
 28-bit adder                                          : 1
# Registers                                            : 1
 28-bit register                                       : 1
# Comparators                                          : 1
 28-bit comparator lessequal                           : 1

=========================================================================

=========================================================================
*                       Advanced HDL Synthesis                          *
=========================================================================


Synthesizing (advanced) Unit <CNT2S>.
The following registers are absorbed into counter <Q_Bus>: 1 register on signal <Q_Bus>.
Unit <CNT2S> synthesized (advanced).

=========================================================================
Advanced HDL Synthesis Report

Macro Statistics
# Counters                                             : 1
 28-bit up counter                                     : 1
# Comparators                                          : 1
 28-bit comparator lessequal                           : 1

=========================================================================

=========================================================================
*                         Low Level Synthesis                           *
=========================================================================

Optimizing unit <CNT2S> ...

Mapping all equations...
Building and optimizing final netlist ...
Found area constraint ratio of 100 (+ 5) on block CNT2S, actual ratio is 0.

Final Macro Processing ...

=========================================================================
Final Register Report

Macro Statistics
# Registers                                            : 28
 Flip-Flops                                            : 28

=========================================================================

=========================================================================
*                           Partition Report                            *
=========================================================================

Partition Implementation Status
-------------------------------

  No Partitions were found in this design.

-------------------------------

=========================================================================
*                            Design Summary                             *
=========================================================================

Top Level Output File Name         : CNT2S.ngc

Primitive and Black Box Usage:
------------------------------
# BELS                             : 126
#      GND                         : 1
#      INV                         : 1
#      LUT1                        : 27
#      LUT2                        : 1
#      LUT3                        : 2
#      LUT4                        : 29
#      LUT5                        : 2
#      LUT6                        : 6
#      MUXCY                       : 27
#      MUXF7                       : 1
#      VCC                         : 1
#      XORCY                       : 28
# FlipFlops/Latches                : 28
#      FD                          : 28
# Clock Buffers                    : 1
#      BUFGP                       : 1
# IO Buffers                       : 3
#      IBUF                        : 2
#      OBUF                        : 1

Device utilization summary:
---------------------------

Selected Device : 6slx9tqg144-2 


Slice Logic Utilization: 
 Number of Slice Registers:              28  out of  11440     0%  
 Number of Slice LUTs:                   68  out of   5720     1%  
    Number used as Logic:                68  out of   5720     1%  

Slice Logic Distribution: 
 Number of LUT Flip Flop pairs used:     68
   Number with an unused Flip Flop:      40  out of     68    58%  
   Number with an unused LUT:             0  out of     68     0%  
   Number of fully used LUT-FF pairs:    28  out of     68    41%  
   Number of unique control sets:         1

IO Utilization: 
 Number of IOs:                           4
 Number of bonded IOBs:                   4  out of    102     3%  

Specific Feature Utilization:
 Number of BUFG/BUFGCTRLs:                1  out of     16     6%  

---------------------------
Partition Resource Summary:
---------------------------

  No Partitions were found in this design.

---------------------------


=========================================================================
Timing Report

NOTE: THESE TIMING NUMBERS ARE ONLY A SYNTHESIS ESTIMATE.
      FOR ACCURATE TIMING INFORMATION PLEASE REFER TO THE TRACE REPORT
      GENERATED AFTER PLACE-and-ROUTE.

Clock Information:
------------------
-----------------------------------+------------------------+-------+
Clock Signal                       | Clock buffer(FF name)  | Load  |
-----------------------------------+------------------------+-------+
CLK                                | BUFGP                  | 28    |
-----------------------------------+------------------------+-------+

Asynchronous Control Signals Information:
----------------------------------------
No asynchronous control signals found in this design

Timing Summary:
---------------
Speed Grade: -2

   Minimum period: 4.697ns (Maximum Frequency: 212.902MHz)
   Minimum input arrival time before clock: 6.183ns
   Maximum output required time after clock: 8.121ns
   Maximum combinational path delay: No path found

Timing Details:
---------------
All values displayed in nanoseconds (ns)

=========================================================================
Timing constraint: Default period analysis for Clock 'CLK'
  Clock period: 4.697ns (frequency: 212.902MHz)
  Total number of paths / destination ports: 1134 / 28
-------------------------------------------------------------------------
Delay:               4.697ns (Levels of Logic = 3)
  Source:            Q_Bus_13 (FF)
  Destination:       Q_Bus_1 (FF)
  Source Clock:      CLK rising
  Destination Clock: CLK rising

  Data Path: Q_Bus_13 to Q_Bus_1
                                Gate     Net
    Cell:in->out      fanout   Delay   Delay  Logical Name (Net Name)
    ----------------------------------------  ------------
     FD:C->Q               3   0.525   1.196  Q_Bus_13 (Q_Bus_13)
     LUT5:I0->O            4   0.254   1.032  DISP_OUT32 (DISP_OUT31)
     LUT6:I3->O           14   0.235   1.127  Mcount_Q_Bus_val281 (Mcount_Q_Bus_val)
     LUT4:I3->O            1   0.254   0.000  Q_Bus_1_rstpot (Q_Bus_1_rstpot)
     FD:D                      0.074          Q_Bus_1
    ----------------------------------------
    Total                      4.697ns (1.342ns logic, 3.355ns route)
                                       (28.6% logic, 71.4% route)

=========================================================================
Timing constraint: Default OFFSET IN BEFORE for Clock 'CLK'
  Total number of paths / destination ports: 140 / 28
-------------------------------------------------------------------------
Offset:              6.183ns (Levels of Logic = 4)
  Source:            EN_DISP (PAD)
  Destination:       Q_Bus_1 (FF)
  Destination Clock: CLK rising

  Data Path: EN_DISP to Q_Bus_1
                                Gate     Net
    Cell:in->out      fanout   Delay   Delay  Logical Name (Net Name)
    ----------------------------------------  ------------
     IBUF:I->O            30   1.328   1.715  EN_DISP_IBUF (EN_DISP_IBUF)
     LUT4:I1->O            3   0.235   1.196  DISP_OUT34_SW0 (N3)
     LUT6:I1->O           14   0.254   1.127  Mcount_Q_Bus_val281 (Mcount_Q_Bus_val)
     LUT4:I3->O            1   0.254   0.000  Q_Bus_1_rstpot (Q_Bus_1_rstpot)
     FD:D                      0.074          Q_Bus_1
    ----------------------------------------
    Total                      6.183ns (2.145ns logic, 4.038ns route)
                                       (34.7% logic, 65.3% route)

=========================================================================
Timing constraint: Default OFFSET OUT AFTER for Clock 'CLK'
  Total number of paths / destination ports: 19 / 1
-------------------------------------------------------------------------
Offset:              8.121ns (Levels of Logic = 4)
  Source:            Q_Bus_13 (FF)
  Destination:       DISP_OUT (PAD)
  Source Clock:      CLK rising

  Data Path: Q_Bus_13 to DISP_OUT
                                Gate     Net
    Cell:in->out      fanout   Delay   Delay  Logical Name (Net Name)
    ----------------------------------------  ------------
     FD:C->Q               3   0.525   1.196  Q_Bus_13 (Q_Bus_13)
     LUT5:I0->O            4   0.254   1.259  DISP_OUT32 (DISP_OUT31)
     LUT6:I0->O            1   0.254   0.790  DISP_OUT33 (DISP_OUT32)
     LUT6:I4->O            1   0.250   0.681  DISP_OUT34 (DISP_OUT_OBUF)
     OBUF:I->O                 2.912          DISP_OUT_OBUF (DISP_OUT)
    ----------------------------------------
    Total                      8.121ns (4.195ns logic, 3.926ns route)
                                       (51.7% logic, 48.3% route)

=========================================================================

Cross Clock Domains Report:
--------------------------

Clock to Setup on destination clock CLK
---------------+---------+---------+---------+---------+
               | Src:Rise| Src:Fall| Src:Rise| Src:Fall|
Source Clock   |Dest:Rise|Dest:Rise|Dest:Fall|Dest:Fall|
---------------+---------+---------+---------+---------+
CLK            |    4.697|         |         |         |
---------------+---------+---------+---------+---------+

=========================================================================


Total REAL time to Xst completion: 22.00 secs
Total CPU time to Xst completion: 21.51 secs
 
--> 


Total memory usage is 393864 kilobytes

Number of errors   :    0 (   0 filtered)
Number of warnings :    0 (   0 filtered)
Number of infos    :    0 (   0 filtered)

