Running: /opt/Xilinx/14.7/ISE_DS/ISE/bin/lin64/unwrapped/fuse -relaunch -intstyle "ise" -incremental -lib "secureip" -o "/home/pedro/Documents/ISE/Escritura_Borrado_Lectura/Escritura/Simulacion_TOP_isim_beh.exe" -prj "/home/pedro/Documents/ISE/Escritura_Borrado_Lectura/Escritura/Simulacion_TOP_beh.prj" "work.Simulacion_TOP" 
ISim P.20131013 (signature 0xfbc00daa)
Number of CPUs detected in this system: 2
Turning on mult-threading, number of parallel sub-compilation jobs: 4 
Determining compilation order of HDL files
Parsing VHDL file "/home/pedro/Documents/ISE/Escritura_Borrado_Lectura/Escritura/SM_CTRL.vhd" into library work
Parsing VHDL file "/home/pedro/Documents/ISE/Escritura_Borrado_Lectura/Escritura/Lectura.vhd" into library work
Parsing VHDL file "/home/pedro/Documents/ISE/Escritura_Borrado_Lectura/Escritura/Escritura_SM.vhd" into library work
Parsing VHDL file "/home/pedro/Documents/ISE/Escritura_Borrado_Lectura/Escritura/DIV_FREQ.vhd" into library work
Parsing VHDL file "/home/pedro/Documents/ISE/Escritura_Borrado_Lectura/Escritura/CNT2S.vhd" into library work
Parsing VHDL file "/home/pedro/Documents/ISE/Escritura_Borrado_Lectura/Escritura/Borrado.vhd" into library work
Parsing VHDL file "/home/pedro/Documents/ISE/Escritura_Borrado_Lectura/Escritura/TOP.vhd" into library work
Parsing VHDL file "/home/pedro/Documents/ISE/Escritura_Borrado_Lectura/Escritura/Simulacion_TOP.vhd" into library work
Starting static elaboration
Completed static elaboration
Fuse Memory Usage: 98336 KB
Fuse CPU Usage: 2200 ms
Compiling package standard
Compiling package std_logic_1164
Compiling package numeric_std
Compiling package std_logic_arith
Compiling package std_logic_unsigned
Compiling architecture behavioral of entity SM_CTRL [sm_ctrl_default]
Compiling architecture behavioral of entity DIV_FREQ [div_freq_default]
Compiling architecture behavioral of entity Escritura_SM [escritura_sm_default]
Compiling architecture behavioral of entity Borrado [borrado_default]
Compiling architecture behavioral of entity Lectura [lectura_default]
Compiling architecture behavioral of entity CNT2S [cnt2s_default]
Compiling architecture behavioral of entity TOP [top_default]
Compiling architecture behavior of entity simulacion_top
Time Resolution for simulation is 1ps.
Compiled 20 VHDL Units
Built simulation executable /home/pedro/Documents/ISE/Escritura_Borrado_Lectura/Escritura/Simulacion_TOP_isim_beh.exe
Fuse Memory Usage: 412264 KB
Fuse CPU Usage: 2650 ms
GCC CPU Usage: 640 ms
