Release 14.7 Map P.20131013 (lin64)
Xilinx Mapping Report File for Design 'TOP'

Design Information
------------------
Command Line   : map -intstyle ise -p xc6slx9-tqg144-2 -w -logic_opt off -ol
high -t 1 -xt 0 -register_duplication off -r 4 -global_opt off -mt off -ir off
-pr off -lc off -power off -o TOP_map.ncd TOP.ngd TOP.pcf 
Target Device  : xc6slx9
Target Package : tqg144
Target Speed   : -2
Mapper Version : spartan6 -- $Revision: 1.55 $
Mapped Date    : Sun Apr  5 15:34:21 2020

Design Summary
--------------
Number of errors:      0
Number of warnings:    8
Slice Logic Utilization:
  Number of Slice Registers:                    57 out of  11,440    1%
    Number used as Flip Flops:                  57
    Number used as Latches:                      0
    Number used as Latch-thrus:                  0
    Number used as AND/OR logics:                0
  Number of Slice LUTs:                        151 out of   5,720    2%
    Number used as logic:                      151 out of   5,720    2%
      Number using O6 output only:             130
      Number using O5 output only:               1
      Number using O5 and O6:                   20
      Number used as ROM:                        0
    Number used as Memory:                       0 out of   1,440    0%

Slice Logic Distribution:
  Number of occupied Slices:                    58 out of   1,430    4%
  Number of MUXCYs used:                        28 out of   2,860    1%
  Number of LUT Flip Flop pairs used:          151
    Number with an unused Flip Flop:           103 out of     151   68%
    Number with an unused LUT:                   0 out of     151    0%
    Number of fully used LUT-FF pairs:          48 out of     151   31%
    Number of unique control sets:               4
    Number of slice register sites lost
      to control set restrictions:              15 out of  11,440    1%

  A LUT Flip Flop pair for this architecture represents one LUT paired with
  one Flip Flop within a slice.  A control set is a unique combination of
  clock, reset, set, and enable signals for a registered element.
  The Slice Logic Distribution report is not meaningful if the design is
  over-mapped for a non-slice resource or if Placement fails.

IO Utilization:
  Number of bonded IOBs:                        45 out of     102   44%
    Number of LOCed IOBs:                       45 out of      45  100%

Specific Feature Utilization:
  Number of RAMB16BWERs:                         0 out of      32    0%
  Number of RAMB8BWERs:                          0 out of      64    0%
  Number of BUFIO2/BUFIO2_2CLKs:                 0 out of      32    0%
  Number of BUFIO2FB/BUFIO2FB_2CLKs:             0 out of      32    0%
  Number of BUFG/BUFGMUXs:                       1 out of      16    6%
    Number used as BUFGs:                        1
    Number used as BUFGMUX:                      0
  Number of DCM/DCM_CLKGENs:                     0 out of       4    0%
  Number of ILOGIC2/ISERDES2s:                   0 out of     200    0%
  Number of IODELAY2/IODRP2/IODRP2_MCBs:         0 out of     200    0%
  Number of OLOGIC2/OSERDES2s:                   0 out of     200    0%
  Number of BSCANs:                              0 out of       4    0%
  Number of BUFHs:                               0 out of     128    0%
  Number of BUFPLLs:                             0 out of       8    0%
  Number of BUFPLL_MCBs:                         0 out of       4    0%
  Number of DSP48A1s:                            0 out of      16    0%
  Number of ICAPs:                               0 out of       1    0%
  Number of MCBs:                                0 out of       2    0%
  Number of PCILOGICSEs:                         0 out of       2    0%
  Number of PLL_ADVs:                            0 out of       2    0%
  Number of PMVs:                                0 out of       1    0%
  Number of STARTUPs:                            0 out of       1    0%
  Number of SUSPEND_SYNCs:                       0 out of       1    0%

Average Fanout of Non-Clock Nets:                4.08

Peak Memory Usage:  694 MB
Total REAL time to MAP completion:  21 secs 
Total CPU time to MAP completion:   20 secs 

Table of Contents
-----------------
Section 1 - Errors
Section 2 - Warnings
Section 3 - Informational
Section 4 - Removed Logic Summary
Section 5 - Removed Logic
Section 6 - IOB Properties
Section 7 - RPMs
Section 8 - Guide Report
Section 9 - Area Group and Partition Summary
Section 10 - Timing Report
Section 11 - Configuration String Information
Section 12 - Control Set Information
Section 13 - Utilization by Hierarchy

Section 1 - Errors
------------------

Section 2 - Warnings
--------------------
WARNING:PhysDesignRules:781 - PULLUP on an active net. PULLUP of comp
   LED<0>_PULLUP is set but the tri state is not configured. 
WARNING:PhysDesignRules:781 - PULLUP on an active net. PULLUP of comp
   LED<1>_PULLUP is set but the tri state is not configured. 
WARNING:PhysDesignRules:781 - PULLUP on an active net. PULLUP of comp
   LED<2>_PULLUP is set but the tri state is not configured. 
WARNING:PhysDesignRules:781 - PULLUP on an active net. PULLUP of comp
   LED<3>_PULLUP is set but the tri state is not configured. 
WARNING:PhysDesignRules:781 - PULLUP on an active net. PULLUP of comp
   LED<4>_PULLUP is set but the tri state is not configured. 
WARNING:PhysDesignRules:781 - PULLUP on an active net. PULLUP of comp
   LED<5>_PULLUP is set but the tri state is not configured. 
WARNING:PhysDesignRules:781 - PULLUP on an active net. PULLUP of comp
   LED<6>_PULLUP is set but the tri state is not configured. 
WARNING:PhysDesignRules:781 - PULLUP on an active net. PULLUP of comp
   LED<7>_PULLUP is set but the tri state is not configured. 

Section 3 - Informational
-------------------------
INFO:MapLib:562 - No environment variables are currently set.
INFO:Pack:1716 - Initializing temperature to 85.000 Celsius. (default - Range:
   0.000 to 85.000 Celsius)
INFO:Pack:1720 - Initializing voltage to 1.140 Volts. (default - Range: 1.140 to
   1.260 Volts)
INFO:Map:215 - The Interim Design Summary has been generated in the MAP Report
   (.mrp).
INFO:Pack:1650 - Map created a placed design.

Section 4 - Removed Logic Summary
---------------------------------
   2 block(s) optimized away

Section 5 - Removed Logic
-------------------------

Optimized Block(s):
TYPE 		BLOCK
GND 		XST_GND
VCC 		XST_VCC

To enable printing of redundant blocks removed and signals merged, set the
detailed map report option and rerun map.

Section 6 - IOB Properties
--------------------------

+---------------------------------------------------------------------------------------------------------------------------------------------------------+
| IOB Name                           | Type             | Direction | IO Standard          | Diff  | Drive    | Slew | Reg (s)      | Resistor | IOB      |
|                                    |                  |           |                      | Term  | Strength | Rate |              |          | Delay    |
+---------------------------------------------------------------------------------------------------------------------------------------------------------+
| A<0>                               | IOB              | OUTPUT    | LVCMOS33             |       | 8        | FAST |              |          |          |
| A<1>                               | IOB              | OUTPUT    | LVCMOS33             |       | 8        | FAST |              |          |          |
| A<2>                               | IOB              | OUTPUT    | LVCMOS33             |       | 8        | FAST |              |          |          |
| A<3>                               | IOB              | OUTPUT    | LVCMOS33             |       | 8        | FAST |              |          |          |
| A<4>                               | IOB              | OUTPUT    | LVCMOS33             |       | 8        | FAST |              |          |          |
| A<5>                               | IOB              | OUTPUT    | LVCMOS33             |       | 8        | FAST |              |          |          |
| A<6>                               | IOB              | OUTPUT    | LVCMOS33             |       | 8        | FAST |              |          |          |
| A<7>                               | IOB              | OUTPUT    | LVCMOS33             |       | 8        | FAST |              |          |          |
| A<8>                               | IOB              | OUTPUT    | LVCMOS33             |       | 8        | FAST |              |          |          |
| A<9>                               | IOB              | OUTPUT    | LVCMOS33             |       | 8        | FAST |              |          |          |
| A<10>                              | IOB              | OUTPUT    | LVCMOS33             |       | 8        | FAST |              |          |          |
| A<11>                              | IOB              | OUTPUT    | LVCMOS33             |       | 8        | FAST |              |          |          |
| A<12>                              | IOB              | OUTPUT    | LVCMOS33             |       | 8        | FAST |              |          |          |
| A<13>                              | IOB              | OUTPUT    | LVCMOS33             |       | 8        | FAST |              |          |          |
| A<14>                              | IOB              | OUTPUT    | LVCMOS33             |       | 8        | FAST |              |          |          |
| A<15>                              | IOB              | OUTPUT    | LVCMOS33             |       | 8        | FAST |              |          |          |
| A<16>                              | IOB              | OUTPUT    | LVCMOS33             |       | 8        | FAST |              |          |          |
| A<17>                              | IOB              | OUTPUT    | LVCMOS33             |       | 8        | FAST |              |          |          |
| A<18>                              | IOB              | OUTPUT    | LVCMOS33             |       | 8        | FAST |              |          |          |
| A<19>                              | IOB              | OUTPUT    | LVCMOS33             |       | 8        | FAST |              |          |          |
| CE                                 | IOB              | OUTPUT    | LVCMOS33             |       | 8        | FAST |              |          |          |
| CLK                                | IOB              | INPUT     | LVCMOS25             |       |          |      |              |          |          |
| DQ_BIDIR<0>                        | IOB              | BIDIR     | LVCMOS33             |       | 8        | FAST |              |          |          |
| DQ_BIDIR<1>                        | IOB              | BIDIR     | LVCMOS33             |       | 8        | FAST |              |          |          |
| DQ_BIDIR<2>                        | IOB              | BIDIR     | LVCMOS33             |       | 8        | FAST |              |          |          |
| DQ_BIDIR<3>                        | IOB              | BIDIR     | LVCMOS33             |       | 8        | FAST |              |          |          |
| DQ_BIDIR<4>                        | IOB              | BIDIR     | LVCMOS33             |       | 8        | FAST |              |          |          |
| DQ_BIDIR<5>                        | IOB              | BIDIR     | LVCMOS33             |       | 8        | FAST |              |          |          |
| DQ_BIDIR<6>                        | IOB              | BIDIR     | LVCMOS33             |       | 8        | FAST |              |          |          |
| DQ_BIDIR<7>                        | IOB              | BIDIR     | LVCMOS33             |       | 8        | FAST |              |          |          |
| LED<0>                             | IOB              | OUTPUT    | LVCMOS33             |       | 8        | FAST |              | PULLUP   |          |
| LED<1>                             | IOB              | OUTPUT    | LVCMOS33             |       | 8        | FAST |              | PULLUP   |          |
| LED<2>                             | IOB              | OUTPUT    | LVCMOS33             |       | 8        | FAST |              | PULLUP   |          |
| LED<3>                             | IOB              | OUTPUT    | LVCMOS33             |       | 8        | FAST |              | PULLUP   |          |
| LED<4>                             | IOB              | OUTPUT    | LVCMOS33             |       | 8        | FAST |              | PULLUP   |          |
| LED<5>                             | IOB              | OUTPUT    | LVCMOS33             |       | 8        | FAST |              | PULLUP   |          |
| LED<6>                             | IOB              | OUTPUT    | LVCMOS33             |       | 8        | FAST |              | PULLUP   |          |
| LED<7>                             | IOB              | OUTPUT    | LVCMOS33             |       | 8        | FAST |              | PULLUP   |          |
| OE                                 | IOB              | OUTPUT    | LVCMOS33             |       | 8        | FAST |              |          |          |
| RST_MEM                            | IOB              | OUTPUT    | LVCMOS33             |       | 8        | FAST |              |          |          |
| SW0                                | IOB              | INPUT     | LVCMOS33             |       |          |      |              | PULLUP   |          |
| SW1                                | IOB              | INPUT     | LVCMOS33             |       |          |      |              | PULLUP   |          |
| SW2                                | IOB              | INPUT     | LVCMOS33             |       |          |      |              | PULLUP   |          |
| WE                                 | IOB              | OUTPUT    | LVCMOS33             |       | 8        | FAST |              |          |          |
| boton_reset                        | IOB              | INPUT     | LVCMOS33             |       |          |      |              | PULLUP   |          |
+---------------------------------------------------------------------------------------------------------------------------------------------------------+

Section 7 - RPMs
----------------

Section 8 - Guide Report
------------------------
Guide not run on this design.

Section 9 - Area Group and Partition Summary
--------------------------------------------

Partition Implementation Status
-------------------------------

  No Partitions were found in this design.

-------------------------------

Area Group Information
----------------------

  No area groups were found in this design.

----------------------

Section 10 - Timing Report
--------------------------
A logic-level (pre-route) timing report can be generated by using Xilinx static
timing analysis tools, Timing Analyzer (GUI) or TRCE (command line), with the
mapped NCD and PCF files. Please note that this timing report will be generated
using estimated delay information. For accurate numbers, please generate a
timing report with the post Place and Route NCD file.

For more information about the Timing Analyzer, consult the Xilinx Timing
Analyzer Reference Manual; for more information about TRCE, consult the Xilinx
Command Line Tools User Guide "TRACE" chapter.

Section 11 - Configuration String Details
-----------------------------------------
Use the "-detail" map option to print out Configuration Strings

Section 12 - Control Set Information
------------------------------------
Use the "-detail" map option to print out Control Set Information.

Section 13 - Utilization by Hierarchy
-------------------------------------
Use the "-detail" map option to print out the Utilization by Hierarchy section.
