--------------------------------------------------------------------------------
Release 14.7 Trace  (lin64)
Copyright (c) 1995-2013 Xilinx, Inc.  All rights reserved.

/opt/Xilinx/14.7/ISE_DS/ISE/bin/lin64/unwrapped/trce -intstyle ise -v 3 -s 2 -n
3 -fastpaths -xml READ.twx READ.ncd -o READ.twr READ.pcf -ucf FPGA.ucf

Design file:              READ.ncd
Physical constraint file: READ.pcf
Device,package,speed:     xc6slx9,tqg144,C,-2 (PRODUCTION 1.23 2013-10-13)
Report level:             verbose report

Environment Variable      Effect 
--------------------      ------ 
NONE                      No environment variables were set
--------------------------------------------------------------------------------

INFO:Timing:2698 - No timing constraints found, doing default enumeration.
INFO:Timing:3412 - To improve timing, see the Timing Closure User Guide (UG612).
INFO:Timing:2752 - To get complete path coverage, use the unconstrained paths 
   option. All paths that are not constrained will be reported in the 
   unconstrained paths section(s) of the report.
INFO:Timing:3339 - The clock-to-out numbers in this timing report are based on 
   a 50 Ohm transmission line loading model.  For the details of this model, 
   and for more information on accounting for different loading conditions, 
   please see the device datasheet.



Data Sheet report:
-----------------
All values displayed in nanoseconds (ns)

Pad to Pad
---------------+---------------+---------+
Source Pad     |Destination Pad|  Delay  |
---------------+---------------+---------+
DQ<0>          |LED<0>         |    9.566|
DQ<1>          |LED<1>         |    9.223|
DQ<2>          |LED<2>         |    9.401|
DQ<3>          |LED<3>         |    9.181|
DQ<4>          |LED<4>         |    9.657|
DQ<5>          |LED<5>         |    9.220|
DQ<6>          |LED<6>         |    9.039|
DQ<7>          |LED<7>         |    8.923|
W0             |WE             |   11.220|
W1             |WE             |   11.573|
W2             |WE             |   11.886|
W3             |WE             |   11.850|
---------------+---------------+---------+


Analysis completed Fri Feb  7 14:39:32 2020 
--------------------------------------------------------------------------------

Trace Settings:
-------------------------
Trace Settings 

Peak Memory Usage: 382 MB



