Release 14.7 - xst P.20131013 (lin64)
Copyright (c) 1995-2013 Xilinx, Inc.  All rights reserved.
--> 
Parameter TMPDIR set to xst/projnav.tmp


Total REAL time to Xst completion: 0.00 secs
Total CPU time to Xst completion: 0.14 secs
 
--> 
Parameter xsthdpdir set to xst


Total REAL time to Xst completion: 0.00 secs
Total CPU time to Xst completion: 0.14 secs
 
--> 
Reading design: MaquinaEstados_Lectura.prj

TABLE OF CONTENTS
  1) Synthesis Options Summary
  2) HDL Parsing
  3) HDL Elaboration
  4) HDL Synthesis
       4.1) HDL Synthesis Report
  5) Advanced HDL Synthesis
       5.1) Advanced HDL Synthesis Report
  6) Low Level Synthesis
  7) Partition Report
  8) Design Summary
       8.1) Primitive and Black Box Usage
       8.2) Device utilization summary
       8.3) Partition Resource Summary
       8.4) Timing Report
            8.4.1) Clock Information
            8.4.2) Asynchronous Control Signals Information
            8.4.3) Timing Summary
            8.4.4) Timing Details
            8.4.5) Cross Clock Domains Report


=========================================================================
*                      Synthesis Options Summary                        *
=========================================================================
---- Source Parameters
Input File Name                    : "MaquinaEstados_Lectura.prj"
Ignore Synthesis Constraint File   : NO

---- Target Parameters
Output File Name                   : "MaquinaEstados_Lectura"
Output Format                      : NGC
Target Device                      : xc6slx9-2-tqg144

---- Source Options
Top Module Name                    : MaquinaEstados_Lectura
Automatic FSM Extraction           : YES
FSM Encoding Algorithm             : Auto
Safe Implementation                : No
FSM Style                          : LUT
RAM Extraction                     : Yes
RAM Style                          : Auto
ROM Extraction                     : Yes
Shift Register Extraction          : YES
ROM Style                          : Auto
Resource Sharing                   : YES
Asynchronous To Synchronous        : NO
Shift Register Minimum Size        : 2
Use DSP Block                      : Auto
Automatic Register Balancing       : No

---- Target Options
LUT Combining                      : Auto
Reduce Control Sets                : Auto
Add IO Buffers                     : YES
Global Maximum Fanout              : 100000
Add Generic Clock Buffer(BUFG)     : 16
Register Duplication               : YES
Optimize Instantiated Primitives   : NO
Use Clock Enable                   : Auto
Use Synchronous Set                : Auto
Use Synchronous Reset              : Auto
Pack IO Registers into IOBs        : Auto
Equivalent register Removal        : YES

---- General Options
Optimization Goal                  : Speed
Optimization Effort                : 1
Power Reduction                    : NO
Keep Hierarchy                     : No
Netlist Hierarchy                  : As_Optimized
RTL Output                         : Yes
Global Optimization                : AllClockNets
Read Cores                         : YES
Write Timing Constraints           : NO
Cross Clock Analysis               : NO
Hierarchy Separator                : /
Bus Delimiter                      : <>
Case Specifier                     : Maintain
Slice Utilization Ratio            : 100
BRAM Utilization Ratio             : 100
DSP48 Utilization Ratio            : 100
Auto BRAM Packing                  : NO
Slice Utilization Ratio Delta      : 5

=========================================================================


=========================================================================
*                          HDL Parsing                                  *
=========================================================================
Parsing VHDL file "/home/pedro/Documents/ISE/Final/Lectura/MaquinaEstados_Lectura.vhd" into library work
Parsing entity <MaquinaEstados_Lectura>.
Parsing architecture <Behavioral> of entity <maquinaestados_lectura>.

=========================================================================
*                            HDL Elaboration                            *
=========================================================================

Elaborating entity <MaquinaEstados_Lectura> (architecture <Behavioral>) from library <work>.
INFO:HDLCompiler:679 - "/home/pedro/Documents/ISE/Final/Lectura/MaquinaEstados_Lectura.vhd" Line 84. Case statement is complete. others clause is never selected

=========================================================================
*                           HDL Synthesis                               *
=========================================================================

Synthesizing Unit <MaquinaEstados_Lectura>.
    Related source file is "/home/pedro/Documents/ISE/Final/Lectura/MaquinaEstados_Lectura.vhd".
    Found 3-bit register for signal <q_bus>.
    Found finite state machine <FSM_0> for signal <q_bus>.
    -----------------------------------------------------------------------
    | States             | 5                                              |
    | Transitions        | 14                                             |
    | Inputs             | 4                                              |
    | Outputs            | 14                                             |
    | Clock              | clk (rising_edge)                              |
    | Reset              | rst_maquina (positive)                         |
    | Reset type         | synchronous                                    |
    | Reset State        | s0                                             |
    | Power Up State     | s0                                             |
    | Encoding           | auto                                           |
    | Implementation     | LUT                                            |
    -----------------------------------------------------------------------
    Summary:
	inferred   1 Finite State Machine(s).
Unit <MaquinaEstados_Lectura> synthesized.

=========================================================================
HDL Synthesis Report

Macro Statistics
# FSMs                                                 : 1

=========================================================================

=========================================================================
*                       Advanced HDL Synthesis                          *
=========================================================================


=========================================================================
Advanced HDL Synthesis Report

Macro Statistics
# FSMs                                                 : 1

=========================================================================

=========================================================================
*                         Low Level Synthesis                           *
=========================================================================
Analyzing FSM <MFsm> for best encoding.
Optimizing FSM <FSM_0> on signal <q_bus[1:3]> with gray encoding.
-------------------
 State | Encoding
-------------------
 s0    | 000
 s2    | 001
 s3    | 011
 s4    | 010
 s5    | 110
-------------------

Optimizing unit <MaquinaEstados_Lectura> ...

Mapping all equations...
Building and optimizing final netlist ...
Found area constraint ratio of 100 (+ 5) on block MaquinaEstados_Lectura, actual ratio is 0.

Final Macro Processing ...

=========================================================================
Final Register Report

Macro Statistics
# Registers                                            : 3
 Flip-Flops                                            : 3

=========================================================================

=========================================================================
*                           Partition Report                            *
=========================================================================

Partition Implementation Status
-------------------------------

  No Partitions were found in this design.

-------------------------------

=========================================================================
*                            Design Summary                             *
=========================================================================

Top Level Output File Name         : MaquinaEstados_Lectura.ngc

Primitive and Black Box Usage:
------------------------------
# BELS                             : 10
#      INV                         : 1
#      LUT2                        : 2
#      LUT3                        : 3
#      LUT5                        : 1
#      LUT6                        : 2
#      VCC                         : 1
# FlipFlops/Latches                : 3
#      FDR                         : 3
# Clock Buffers                    : 1
#      BUFGP                       : 1
# IO Buffers                       : 43
#      IBUF                        : 17
#      OBUF                        : 26

Device utilization summary:
---------------------------

Selected Device : 6slx9tqg144-2 


Slice Logic Utilization: 
 Number of Slice Registers:               3  out of  11440     0%  
 Number of Slice LUTs:                    9  out of   5720     0%  
    Number used as Logic:                 9  out of   5720     0%  

Slice Logic Distribution: 
 Number of LUT Flip Flop pairs used:      9
   Number with an unused Flip Flop:       6  out of      9    66%  
   Number with an unused LUT:             0  out of      9     0%  
   Number of fully used LUT-FF pairs:     3  out of      9    33%  
   Number of unique control sets:         1

IO Utilization: 
 Number of IOs:                          44
 Number of bonded IOBs:                  44  out of    102    43%  

Specific Feature Utilization:
 Number of BUFG/BUFGCTRLs:                1  out of     16     6%  

---------------------------
Partition Resource Summary:
---------------------------

  No Partitions were found in this design.

---------------------------


=========================================================================
Timing Report

NOTE: THESE TIMING NUMBERS ARE ONLY A SYNTHESIS ESTIMATE.
      FOR ACCURATE TIMING INFORMATION PLEASE REFER TO THE TRACE REPORT
      GENERATED AFTER PLACE-and-ROUTE.

Clock Information:
------------------
-----------------------------------+------------------------+-------+
Clock Signal                       | Clock buffer(FF name)  | Load  |
-----------------------------------+------------------------+-------+
clk                                | BUFGP                  | 3     |
-----------------------------------+------------------------+-------+

Asynchronous Control Signals Information:
----------------------------------------
No asynchronous control signals found in this design

Timing Summary:
---------------
Speed Grade: -2

   Minimum period: 1.972ns (Maximum Frequency: 507.099MHz)
   Minimum input arrival time before clock: 2.852ns
   Maximum output required time after clock: 5.574ns
   Maximum combinational path delay: 4.921ns

Timing Details:
---------------
All values displayed in nanoseconds (ns)

=========================================================================
Timing constraint: Default period analysis for Clock 'clk'
  Clock period: 1.972ns (frequency: 507.099MHz)
  Total number of paths / destination ports: 9 / 3
-------------------------------------------------------------------------
Delay:               1.972ns (Levels of Logic = 1)
  Source:            q_bus_FSM_FFd1 (FF)
  Destination:       q_bus_FSM_FFd1 (FF)
  Source Clock:      clk rising
  Destination Clock: clk rising

  Data Path: q_bus_FSM_FFd1 to q_bus_FSM_FFd1
                                Gate     Net
    Cell:in->out      fanout   Delay   Delay  Logical Name (Net Name)
    ----------------------------------------  ------------
     FDR:C->Q              7   0.525   1.138  q_bus_FSM_FFd1 (q_bus_FSM_FFd1)
     LUT5:I2->O            1   0.235   0.000  q_bus_FSM_FFd1-In1 (q_bus_FSM_FFd1-In)
     FDR:D                     0.074          q_bus_FSM_FFd1
    ----------------------------------------
    Total                      1.972ns (0.834ns logic, 1.138ns route)
                                       (42.3% logic, 57.7% route)

=========================================================================
Timing constraint: Default OFFSET IN BEFORE for Clock 'clk'
  Total number of paths / destination ports: 11 / 6
-------------------------------------------------------------------------
Offset:              2.852ns (Levels of Logic = 2)
  Source:            en_maquina (PAD)
  Destination:       q_bus_FSM_FFd3 (FF)
  Destination Clock: clk rising

  Data Path: en_maquina to q_bus_FSM_FFd3
                                Gate     Net
    Cell:in->out      fanout   Delay   Delay  Logical Name (Net Name)
    ----------------------------------------  ------------
     IBUF:I->O             3   1.328   1.196  en_maquina_IBUF (en_maquina_IBUF)
     LUT6:I1->O            1   0.254   0.000  q_bus_FSM_FFd3-In1 (q_bus_FSM_FFd3-In)
     FDR:D                     0.074          q_bus_FSM_FFd3
    ----------------------------------------
    Total                      2.852ns (1.656ns logic, 1.196ns route)
                                       (58.1% logic, 41.9% route)

=========================================================================
Timing constraint: Default OFFSET OUT AFTER for Clock 'clk'
  Total number of paths / destination ports: 24 / 11
-------------------------------------------------------------------------
Offset:              5.574ns (Levels of Logic = 2)
  Source:            q_bus_FSM_FFd3 (FF)
  Destination:       led<7> (PAD)
  Source Clock:      clk rising

  Data Path: q_bus_FSM_FFd3 to led<7>
                                Gate     Net
    Cell:in->out      fanout   Delay   Delay  Logical Name (Net Name)
    ----------------------------------------  ------------
     FDR:C->Q              9   0.525   1.084  q_bus_FSM_FFd3 (q_bus_FSM_FFd3)
     LUT2:I0->O            4   0.250   0.803  led<6>1 (led_6_OBUF)
     OBUF:I->O                 2.912          led_7_OBUF (led<7>)
    ----------------------------------------
    Total                      5.574ns (3.687ns logic, 1.887ns route)
                                       (66.1% logic, 33.9% route)

=========================================================================
Timing constraint: Default path analysis
  Total number of paths / destination ports: 12 / 12
-------------------------------------------------------------------------
Delay:               4.921ns (Levels of Logic = 2)
  Source:            dq<11> (PAD)
  Destination:       out_dq<11> (PAD)

  Data Path: dq<11> to out_dq<11>
                                Gate     Net
    Cell:in->out      fanout   Delay   Delay  Logical Name (Net Name)
    ----------------------------------------  ------------
     IBUF:I->O             1   1.328   0.681  dq_11_IBUF (out_dq_11_OBUF)
     OBUF:I->O                 2.912          out_dq_11_OBUF (out_dq<11>)
    ----------------------------------------
    Total                      4.921ns (4.240ns logic, 0.681ns route)
                                       (86.2% logic, 13.8% route)

=========================================================================

Cross Clock Domains Report:
--------------------------

Clock to Setup on destination clock clk
---------------+---------+---------+---------+---------+
               | Src:Rise| Src:Fall| Src:Rise| Src:Fall|
Source Clock   |Dest:Rise|Dest:Rise|Dest:Fall|Dest:Fall|
---------------+---------+---------+---------+---------+
clk            |    1.972|         |         |         |
---------------+---------+---------+---------+---------+

=========================================================================


Total REAL time to Xst completion: 23.00 secs
Total CPU time to Xst completion: 21.69 secs
 
--> 


Total memory usage is 391468 kilobytes

Number of errors   :    0 (   0 filtered)
Number of warnings :    0 (   0 filtered)
Number of infos    :    0 (   0 filtered)

