--------------- Rebuild Started: 11/27/2019 11:36:43 Project: PSOC_Racimo_Storm, Configuration: ARM GCC 5.4-2016-q2-update Debug ---------------
Deleting file ".\CortexM3\ARM_GCC_541\Debug\main.o"
Deleting file ".\CortexM3\ARM_GCC_541\Debug\cyfitter_cfg.o"
Deleting file ".\CortexM3\ARM_GCC_541\Debug\cymetadata.o"
Deleting file ".\CortexM3\ARM_GCC_541\Debug\Mixer.o"
Deleting file ".\CortexM3\ARM_GCC_541\Debug\Mixer_PM.o"
Deleting file ".\CortexM3\ARM_GCC_541\Debug\VIN.o"
Deleting file ".\CortexM3\ARM_GCC_541\Debug\VREF.o"
Deleting file ".\CortexM3\ARM_GCC_541\Debug\ENCODER.o"
Deleting file ".\CortexM3\ARM_GCC_541\Debug\VOUT.o"
Deleting file ".\CortexM3\ARM_GCC_541\Debug\Cm3Start.o"
Deleting file ".\CortexM3\ARM_GCC_541\Debug\CyBootAsmGnu.o"
Deleting file ".\CortexM3\ARM_GCC_541\Debug\CyDmac.o"
Deleting file ".\CortexM3\ARM_GCC_541\Debug\CyFlash.o"
Deleting file ".\CortexM3\ARM_GCC_541\Debug\CyLib.o"
Deleting file ".\CortexM3\ARM_GCC_541\Debug\cyPm.o"
Deleting file ".\CortexM3\ARM_GCC_541\Debug\CySpc.o"
Deleting file ".\CortexM3\ARM_GCC_541\Debug\cyutils.o"
Deleting file ".\CortexM3\ARM_GCC_541\Debug\cy_em_eeprom.o"
Deleting file ".\CortexM3\ARM_GCC_541\Debug\EZI2C.o"
Deleting file ".\CortexM3\ARM_GCC_541\Debug\EZI2C_PM.o"
Deleting file ".\CortexM3\ARM_GCC_541\Debug\EZI2C_INT.o"
Deleting file ".\CortexM3\ARM_GCC_541\Debug\Pin.o"
Deleting file ".\CortexM3\ARM_GCC_541\Debug\PSOC_Racimo_Storm.hex"
Deleting file ".\CortexM3\ARM_GCC_541\Debug\PSOC_Racimo_Storm.elf"
Deleting file ".\CortexM3\ARM_GCC_541\Debug\PSOC_Racimo_Storm.map"
Deleting file ".\PSOC_Racimo_Storm.cycdx"
Deleting file ".\PSOC_Racimo_Storm.svd"
Deleting file ".\PSOC_Racimo_Storm.rpt"
Deleting file ".\PSOC_Racimo_Storm_timing.html"
Deleting file ".\CortexM3\ARM_GCC_541\Debug\.deps\SOURCE_C__ARM_GCC_GENERIC.P"
Deleting file ".\CortexM3\ARM_GCC_541\Debug\.deps\SOURCE_ASM__ARM_GCC_GENERIC.P"
cydsfit.exe -.appdatapath "C:\Users\leonf\AppData\Local\Cypress Semiconductor\PSoC Creator\4.2" -.fdsnotice -.fdswarpdepfile=warp_dependencies.txt -.fdselabdepfile=elab_dependencies.txt -.fdsbldfile=generated_files.txt -.fdsreffile=referenced_files.txt -p "C:\Users\leonf\OneDrive\Desktop\Proyecto Racimo Storm\Documentacion nueva version\Codigos y datos\psoc\PSOC_Racimo_Storm.cydsn\PSOC_Racimo_Storm.cyprj" -d CY8C5888LTI-LP097 -s "C:\Users\leonf\OneDrive\Desktop\Proyecto Racimo Storm\Documentacion nueva version\Codigos y datos\psoc\PSOC_Racimo_Storm.cydsn\Generated_Source\PSoC5" -- -yv2 -q10 -ygs -o2 -v3 -.fftcfgtype=LE
Elaborating Design...
ADD: sdb.M0061: information: Info from component: Mixer. Frequency of the LO input is not known to the design. Please set valid frequency in the text box provided in the configure window for mixer to operate properly.
 * C:\Users\leonf\OneDrive\Desktop\Proyecto Racimo Storm\Documentacion nueva version\Codigos y datos\psoc\PSOC_Racimo_Storm.cydsn\TopDesign\TopDesign.cysch (Instance:Mixer)
HDL Generation...
Synthesis...
Tech Mapping...
Analog Placement...
Log: apr.M0058: The analog placement iterative improvement is 30% done. (App=cydsfit)
Log: apr.M0058: The analog placement iterative improvement is 66% done. (App=cydsfit)
Analog Routing...
Analog Code Generation...
Digital Placement...
Digital Routing...
Bitstream Generation...
Bitstream Verification...
Static timing analysis...
API Generation...
--------------- Rebuild Canceled: 11/27/2019 11:37:09 ---------------
