Release 14.7 - ngc2edif P.20131013 (lin64)
Copyright (c) 1995-2013 Xilinx, Inc.  All rights reserved.
Reading design TOP.ngc ...
WARNING:NetListWriters:298 - No output is written to TOP.xncf, ignored.
Processing design ...
   Preping design's networks ...
   Preping design's macros ...
WARNING:NetListWriters:306 - Signal bus _n0015<24 : 4> on block TOP is not
   reconstructed, because there are some missing bus signals.
  finished :Prep
Writing EDIF netlist file TOP.edif ...
ngc2edif: Total memory usage is 103744 kilobytes

Release 14.7 - ngc2edif P.20131013 (lin64)
Copyright (c) 1995-2013 Xilinx, Inc.  All rights reserved.
Reading design TOP.ngc ...
WARNING:NetListWriters:298 - No output is written to TOP.xncf, ignored.
Processing design ...
   Preping design's networks ...
   Preping design's macros ...
WARNING:NetListWriters:306 - Signal bus _n0015<24 : 4> on block TOP is not
   reconstructed, because there are some missing bus signals.
  finished :Prep
Writing EDIF netlist file TOP.edif ...
ngc2edif: Total memory usage is 103744 kilobytes

