Release 14.7 - xst P.20131013 (lin64)
Copyright (c) 1995-2013 Xilinx, Inc.  All rights reserved.
--> 
Parameter TMPDIR set to xst/projnav.tmp


Total REAL time to Xst completion: 0.00 secs
Total CPU time to Xst completion: 0.13 secs
 
--> 
Parameter xsthdpdir set to xst


Total REAL time to Xst completion: 0.00 secs
Total CPU time to Xst completion: 0.13 secs
 
--> 
Reading design: TOP.prj

TABLE OF CONTENTS
  1) Synthesis Options Summary
  2) HDL Parsing
  3) HDL Elaboration
  4) HDL Synthesis
       4.1) HDL Synthesis Report
  5) Advanced HDL Synthesis
       5.1) Advanced HDL Synthesis Report
  6) Low Level Synthesis
  7) Partition Report
  8) Design Summary
       8.1) Primitive and Black Box Usage
       8.2) Device utilization summary
       8.3) Partition Resource Summary
       8.4) Timing Report
            8.4.1) Clock Information
            8.4.2) Asynchronous Control Signals Information
            8.4.3) Timing Summary
            8.4.4) Timing Details
            8.4.5) Cross Clock Domains Report


=========================================================================
*                      Synthesis Options Summary                        *
=========================================================================
---- Source Parameters
Input File Name                    : "TOP.prj"
Ignore Synthesis Constraint File   : NO

---- Target Parameters
Output File Name                   : "TOP"
Output Format                      : NGC
Target Device                      : xc6slx9-2-tqg144

---- Source Options
Top Module Name                    : TOP
Automatic FSM Extraction           : YES
FSM Encoding Algorithm             : Auto
Safe Implementation                : No
FSM Style                          : LUT
RAM Extraction                     : Yes
RAM Style                          : Auto
ROM Extraction                     : Yes
Shift Register Extraction          : YES
ROM Style                          : Auto
Resource Sharing                   : YES
Asynchronous To Synchronous        : NO
Shift Register Minimum Size        : 2
Use DSP Block                      : Auto
Automatic Register Balancing       : No

---- Target Options
LUT Combining                      : Auto
Reduce Control Sets                : Auto
Add IO Buffers                     : YES
Global Maximum Fanout              : 100000
Add Generic Clock Buffer(BUFG)     : 16
Register Duplication               : YES
Optimize Instantiated Primitives   : NO
Use Clock Enable                   : Auto
Use Synchronous Set                : Auto
Use Synchronous Reset              : Auto
Pack IO Registers into IOBs        : Auto
Equivalent register Removal        : YES

---- General Options
Optimization Goal                  : Speed
Optimization Effort                : 1
Power Reduction                    : NO
Keep Hierarchy                     : No
Netlist Hierarchy                  : As_Optimized
RTL Output                         : Yes
Global Optimization                : AllClockNets
Read Cores                         : YES
Write Timing Constraints           : NO
Cross Clock Analysis               : NO
Hierarchy Separator                : /
Bus Delimiter                      : <>
Case Specifier                     : Maintain
Slice Utilization Ratio            : 100
BRAM Utilization Ratio             : 100
DSP48 Utilization Ratio            : 100
Auto BRAM Packing                  : NO
Slice Utilization Ratio Delta      : 5

=========================================================================


=========================================================================
*                          HDL Parsing                                  *
=========================================================================
Parsing VHDL file "/home/pedro/Documents/ISE/Erase_Sequence/SM.vhd" into library work
Parsing entity <SM>.
Parsing architecture <Behavioral> of entity <sm>.
Parsing VHDL file "/home/pedro/Documents/ISE/Erase_Sequence/Div_Fre_Var.vhd" into library work
Parsing entity <Div_Fre_Var>.
Parsing architecture <Behavioral> of entity <div_fre_var>.
Parsing VHDL file "/home/pedro/Documents/ISE/Erase_Sequence/CNT_101.vhd" into library work
Parsing entity <CNT_101>.
Parsing architecture <Behavioral> of entity <cnt_101>.
Parsing VHDL file "/home/pedro/Documents/ISE/Erase_Sequence/TOP.vhd" into library work
Parsing entity <TOP>.
Parsing architecture <Behavioral> of entity <top>.
WARNING:HDLCompiler:946 - "/home/pedro/Documents/ISE/Erase_Sequence/TOP.vhd" Line 117: Actual for formal port en_cnt is neither a static name nor a globally static expression

=========================================================================
*                            HDL Elaboration                            *
=========================================================================

Elaborating entity <TOP> (architecture <Behavioral>) from library <work>.

Elaborating entity <SM> (architecture <Behavioral>) from library <work>.

Elaborating entity <Div_Fre_Var> (architecture <Behavioral>) from library <work>.

Elaborating entity <CNT_101> (architecture <Behavioral>) from library <work>.

=========================================================================
*                           HDL Synthesis                               *
=========================================================================

Synthesizing Unit <TOP>.
    Related source file is "/home/pedro/Documents/ISE/Erase_Sequence/TOP.vhd".
    Found 8x28-bit Read Only RAM for signal <_n0017>
    Summary:
	inferred   1 RAM(s).
Unit <TOP> synthesized.

Synthesizing Unit <SM>.
    Related source file is "/home/pedro/Documents/ISE/Erase_Sequence/SM.vhd".
    Found 2-bit register for signal <q_bus>.
    Found finite state machine <FSM_0> for signal <q_bus>.
    -----------------------------------------------------------------------
    | States             | 4                                              |
    | Transitions        | 11                                             |
    | Inputs             | 3                                              |
    | Outputs            | 3                                              |
    | Clock              | CLK (rising_edge)                              |
    | Power Up State     | s0                                             |
    | Encoding           | auto                                           |
    | Implementation     | LUT                                            |
    -----------------------------------------------------------------------
    Summary:
	inferred   1 Finite State Machine(s).
Unit <SM> synthesized.

Synthesizing Unit <Div_Fre_Var>.
    Related source file is "/home/pedro/Documents/ISE/Erase_Sequence/Div_Fre_Var.vhd".
    Found 27-bit register for signal <Q_Bus>.
    Found 27-bit adder for signal <Q_Bus[26]_GND_9_o_add_4_OUT> created at line 43.
    Found 27-bit comparator greater for signal <Bus_Sel_INV_3_o> created at line 40
    Summary:
	inferred   1 Adder/Subtractor(s).
	inferred  27 D-type flip-flop(s).
	inferred   1 Comparator(s).
Unit <Div_Fre_Var> synthesized.

Synthesizing Unit <CNT_101>.
    Related source file is "/home/pedro/Documents/ISE/Erase_Sequence/CNT_101.vhd".
    Found 3-bit register for signal <q_bus>.
    Found 3-bit adder for signal <q_bus[2]_GND_10_o_add_4_OUT> created at line 35.
    Found 3-bit comparator greater for signal <n0002> created at line 35
    Summary:
	inferred   1 Adder/Subtractor(s).
	inferred   3 D-type flip-flop(s).
	inferred   1 Comparator(s).
Unit <CNT_101> synthesized.

=========================================================================
HDL Synthesis Report

Macro Statistics
# RAMs                                                 : 1
 8x28-bit single-port Read Only RAM                    : 1
# Adders/Subtractors                                   : 2
 27-bit adder                                          : 1
 3-bit adder                                           : 1
# Registers                                            : 2
 27-bit register                                       : 1
 3-bit register                                        : 1
# Comparators                                          : 2
 27-bit comparator greater                             : 1
 3-bit comparator greater                              : 1
# FSMs                                                 : 1

=========================================================================

=========================================================================
*                       Advanced HDL Synthesis                          *
=========================================================================


Synthesizing (advanced) Unit <CNT_101>.
The following registers are absorbed into counter <q_bus>: 1 register on signal <q_bus>.
Unit <CNT_101> synthesized (advanced).

Synthesizing (advanced) Unit <Div_Fre_Var>.
The following registers are absorbed into counter <Q_Bus>: 1 register on signal <Q_Bus>.
Unit <Div_Fre_Var> synthesized (advanced).

Synthesizing (advanced) Unit <TOP>.
INFO:Xst:3218 - HDL ADVISOR - The RAM <Mram__n0017> will be implemented on LUTs either because you have described an asynchronous read or because of currently unsupported block RAM features. If you have described an asynchronous read, making it synchronous would allow you to take advantage of available block RAM resources, for optimized device usage and improved timings. Please refer to your documentation for coding guidelines.
    -----------------------------------------------------------------------
    | ram_type           | Distributed                         |          |
    -----------------------------------------------------------------------
    | Port A                                                              |
    |     aspect ratio   | 8-word x 28-bit                     |          |
    |     weA            | connected to signal <GND>           | high     |
    |     addrA          | connected to signal <bus_cnt>       |          |
    |     diA            | connected to signal <GND>           |          |
    |     doA            | connected to internal node          |          |
    -----------------------------------------------------------------------
Unit <TOP> synthesized (advanced).

=========================================================================
Advanced HDL Synthesis Report

Macro Statistics
# RAMs                                                 : 1
 8x28-bit single-port distributed Read Only RAM        : 1
# Counters                                             : 2
 27-bit up counter                                     : 1
 3-bit up counter                                      : 1
# Comparators                                          : 2
 27-bit comparator greater                             : 1
 3-bit comparator greater                              : 1
# FSMs                                                 : 1

=========================================================================

=========================================================================
*                         Low Level Synthesis                           *
=========================================================================
Analyzing FSM <MFsm> for best encoding.
Optimizing FSM <FSM_0> on signal <q_bus[1:2]> with user encoding.
-------------------
 State | Encoding
-------------------
 s0    | 00
 s1    | 01
 s2    | 10
 s3    | 11
-------------------

Optimizing unit <TOP> ...
WARNING:Xst:1293 - FF/Latch <Inst_Div_Fre_Var/Q_Bus_26> has a constant value of 0 in block <TOP>. This FF/Latch will be trimmed during the optimization process.
WARNING:Xst:1896 - Due to other FF/Latch trimming, FF/Latch <Inst_Div_Fre_Var/Q_Bus_25> has a constant value of 0 in block <TOP>. This FF/Latch will be trimmed during the optimization process.
WARNING:Xst:1896 - Due to other FF/Latch trimming, FF/Latch <Inst_Div_Fre_Var/Q_Bus_24> has a constant value of 0 in block <TOP>. This FF/Latch will be trimmed during the optimization process.
WARNING:Xst:1896 - Due to other FF/Latch trimming, FF/Latch <Inst_Div_Fre_Var/Q_Bus_23> has a constant value of 0 in block <TOP>. This FF/Latch will be trimmed during the optimization process.
WARNING:Xst:1896 - Due to other FF/Latch trimming, FF/Latch <Inst_Div_Fre_Var/Q_Bus_22> has a constant value of 0 in block <TOP>. This FF/Latch will be trimmed during the optimization process.
WARNING:Xst:1896 - Due to other FF/Latch trimming, FF/Latch <Inst_Div_Fre_Var/Q_Bus_21> has a constant value of 0 in block <TOP>. This FF/Latch will be trimmed during the optimization process.
WARNING:Xst:1896 - Due to other FF/Latch trimming, FF/Latch <Inst_Div_Fre_Var/Q_Bus_20> has a constant value of 0 in block <TOP>. This FF/Latch will be trimmed during the optimization process.
WARNING:Xst:1896 - Due to other FF/Latch trimming, FF/Latch <Inst_Div_Fre_Var/Q_Bus_19> has a constant value of 0 in block <TOP>. This FF/Latch will be trimmed during the optimization process.
WARNING:Xst:1896 - Due to other FF/Latch trimming, FF/Latch <Inst_Div_Fre_Var/Q_Bus_18> has a constant value of 0 in block <TOP>. This FF/Latch will be trimmed during the optimization process.
WARNING:Xst:1896 - Due to other FF/Latch trimming, FF/Latch <Inst_Div_Fre_Var/Q_Bus_17> has a constant value of 0 in block <TOP>. This FF/Latch will be trimmed during the optimization process.
WARNING:Xst:1896 - Due to other FF/Latch trimming, FF/Latch <Inst_Div_Fre_Var/Q_Bus_16> has a constant value of 0 in block <TOP>. This FF/Latch will be trimmed during the optimization process.
WARNING:Xst:1896 - Due to other FF/Latch trimming, FF/Latch <Inst_Div_Fre_Var/Q_Bus_15> has a constant value of 0 in block <TOP>. This FF/Latch will be trimmed during the optimization process.
WARNING:Xst:1896 - Due to other FF/Latch trimming, FF/Latch <Inst_Div_Fre_Var/Q_Bus_14> has a constant value of 0 in block <TOP>. This FF/Latch will be trimmed during the optimization process.
WARNING:Xst:1896 - Due to other FF/Latch trimming, FF/Latch <Inst_Div_Fre_Var/Q_Bus_13> has a constant value of 0 in block <TOP>. This FF/Latch will be trimmed during the optimization process.
WARNING:Xst:1896 - Due to other FF/Latch trimming, FF/Latch <Inst_Div_Fre_Var/Q_Bus_12> has a constant value of 0 in block <TOP>. This FF/Latch will be trimmed during the optimization process.
WARNING:Xst:1896 - Due to other FF/Latch trimming, FF/Latch <Inst_Div_Fre_Var/Q_Bus_11> has a constant value of 0 in block <TOP>. This FF/Latch will be trimmed during the optimization process.
WARNING:Xst:1896 - Due to other FF/Latch trimming, FF/Latch <Inst_Div_Fre_Var/Q_Bus_10> has a constant value of 0 in block <TOP>. This FF/Latch will be trimmed during the optimization process.
WARNING:Xst:1896 - Due to other FF/Latch trimming, FF/Latch <Inst_Div_Fre_Var/Q_Bus_9> has a constant value of 0 in block <TOP>. This FF/Latch will be trimmed during the optimization process.
WARNING:Xst:1896 - Due to other FF/Latch trimming, FF/Latch <Inst_Div_Fre_Var/Q_Bus_8> has a constant value of 0 in block <TOP>. This FF/Latch will be trimmed during the optimization process.
WARNING:Xst:1896 - Due to other FF/Latch trimming, FF/Latch <Inst_Div_Fre_Var/Q_Bus_7> has a constant value of 0 in block <TOP>. This FF/Latch will be trimmed during the optimization process.
WARNING:Xst:1896 - Due to other FF/Latch trimming, FF/Latch <Inst_Div_Fre_Var/Q_Bus_6> has a constant value of 0 in block <TOP>. This FF/Latch will be trimmed during the optimization process.

Mapping all equations...
Building and optimizing final netlist ...
Found area constraint ratio of 100 (+ 5) on block TOP, actual ratio is 0.

Final Macro Processing ...

=========================================================================
Final Register Report

Macro Statistics
# Registers                                            : 11
 Flip-Flops                                            : 11

=========================================================================

=========================================================================
*                           Partition Report                            *
=========================================================================

Partition Implementation Status
-------------------------------

  No Partitions were found in this design.

-------------------------------

=========================================================================
*                            Design Summary                             *
=========================================================================

Top Level Output File Name         : TOP.ngc

Primitive and Black Box Usage:
------------------------------
# BELS                             : 38
#      GND                         : 1
#      INV                         : 1
#      LUT1                        : 5
#      LUT2                        : 1
#      LUT3                        : 5
#      LUT4                        : 1
#      LUT5                        : 3
#      LUT6                        : 3
#      MUXCY                       : 11
#      VCC                         : 1
#      XORCY                       : 6
# FlipFlops/Latches                : 11
#      FD                          : 5
#      FDR                         : 6
# Clock Buffers                    : 1
#      BUFGP                       : 1
# IO Buffers                       : 33
#      IBUF                        : 1
#      OBUF                        : 32

Device utilization summary:
---------------------------

Selected Device : 6slx9tqg144-2 


Slice Logic Utilization: 
 Number of Slice Registers:              11  out of  11440     0%  
 Number of Slice LUTs:                   19  out of   5720     0%  
    Number used as Logic:                19  out of   5720     0%  

Slice Logic Distribution: 
 Number of LUT Flip Flop pairs used:     19
   Number with an unused Flip Flop:       8  out of     19    42%  
   Number with an unused LUT:             0  out of     19     0%  
   Number of fully used LUT-FF pairs:    11  out of     19    57%  
   Number of unique control sets:         2

IO Utilization: 
 Number of IOs:                          34
 Number of bonded IOBs:                  34  out of    102    33%  

Specific Feature Utilization:
 Number of BUFG/BUFGCTRLs:                1  out of     16     6%  

---------------------------
Partition Resource Summary:
---------------------------

  No Partitions were found in this design.

---------------------------


=========================================================================
Timing Report

NOTE: THESE TIMING NUMBERS ARE ONLY A SYNTHESIS ESTIMATE.
      FOR ACCURATE TIMING INFORMATION PLEASE REFER TO THE TRACE REPORT
      GENERATED AFTER PLACE-and-ROUTE.

Clock Information:
------------------
-----------------------------------+------------------------+-------+
Clock Signal                       | Clock buffer(FF name)  | Load  |
-----------------------------------+------------------------+-------+
CLK                                | BUFGP                  | 11    |
-----------------------------------+------------------------+-------+

Asynchronous Control Signals Information:
----------------------------------------
No asynchronous control signals found in this design

Timing Summary:
---------------
Speed Grade: -2

   Minimum period: 4.002ns (Maximum Frequency: 249.859MHz)
   Minimum input arrival time before clock: 2.812ns
   Maximum output required time after clock: 5.819ns
   Maximum combinational path delay: No path found

Timing Details:
---------------
All values displayed in nanoseconds (ns)

=========================================================================
Timing constraint: Default period analysis for Clock 'CLK'
  Clock period: 4.002ns (frequency: 249.859MHz)
  Total number of paths / destination ports: 145 / 17
-------------------------------------------------------------------------
Delay:               4.002ns (Levels of Logic = 7)
  Source:            Inst_Div_Fre_Var/Q_Bus_1 (FF)
  Destination:       Inst_Div_Fre_Var/Q_Bus_0 (FF)
  Source Clock:      CLK rising
  Destination Clock: CLK rising

  Data Path: Inst_Div_Fre_Var/Q_Bus_1 to Inst_Div_Fre_Var/Q_Bus_0
                                Gate     Net
    Cell:in->out      fanout   Delay   Delay  Logical Name (Net Name)
    ----------------------------------------  ------------
     FDR:C->Q              2   0.525   1.156  Inst_Div_Fre_Var/Q_Bus_1 (Inst_Div_Fre_Var/Q_Bus_1)
     LUT5:I0->O            1   0.254   0.000  Inst_Div_Fre_Var/Mcompar_Bus_Sel_INV_3_o_lut<0> (Inst_Div_Fre_Var/Mcompar_Bus_Sel_INV_3_o_lut<0>)
     MUXCY:S->O            1   0.215   0.000  Inst_Div_Fre_Var/Mcompar_Bus_Sel_INV_3_o_cy<0> (Inst_Div_Fre_Var/Mcompar_Bus_Sel_INV_3_o_cy<0>)
     MUXCY:CI->O           1   0.023   0.000  Inst_Div_Fre_Var/Mcompar_Bus_Sel_INV_3_o_cy<1> (Inst_Div_Fre_Var/Mcompar_Bus_Sel_INV_3_o_cy<1>)
     MUXCY:CI->O           1   0.023   0.000  Inst_Div_Fre_Var/Mcompar_Bus_Sel_INV_3_o_cy<2> (Inst_Div_Fre_Var/Mcompar_Bus_Sel_INV_3_o_cy<2>)
     MUXCY:CI->O           1   0.023   0.000  Inst_Div_Fre_Var/Mcompar_Bus_Sel_INV_3_o_cy<3> (Inst_Div_Fre_Var/Mcompar_Bus_Sel_INV_3_o_cy<3>)
     MUXCY:CI->O           1   0.023   0.000  Inst_Div_Fre_Var/Mcompar_Bus_Sel_INV_3_o_cy<4> (Inst_Div_Fre_Var/Mcompar_Bus_Sel_INV_3_o_cy<4>)
     MUXCY:CI->O          11   0.262   1.038  Inst_Div_Fre_Var/Mcompar_Bus_Sel_INV_3_o_cy<5> (Inst_Div_Fre_Var/Bus_Sel_INV_3_o_inv)
     FDR:R                     0.459          Inst_Div_Fre_Var/Q_Bus_0
    ----------------------------------------
    Total                      4.002ns (1.808ns logic, 2.194ns route)
                                       (45.2% logic, 54.8% route)

=========================================================================
Timing constraint: Default OFFSET IN BEFORE for Clock 'CLK'
  Total number of paths / destination ports: 2 / 2
-------------------------------------------------------------------------
Offset:              2.812ns (Levels of Logic = 2)
  Source:            SW0 (PAD)
  Destination:       Inst_SM/q_bus_FSM_FFd2 (FF)
  Destination Clock: CLK rising

  Data Path: SW0 to Inst_SM/q_bus_FSM_FFd2
                                Gate     Net
    Cell:in->out      fanout   Delay   Delay  Logical Name (Net Name)
    ----------------------------------------  ------------
     IBUF:I->O             2   1.328   1.156  SW0_IBUF (SW0_IBUF)
     LUT5:I0->O            1   0.254   0.000  Inst_SM/q_bus_FSM_FFd1-In1 (Inst_SM/q_bus_FSM_FFd1-In)
     FD:D                      0.074          Inst_SM/q_bus_FSM_FFd1
    ----------------------------------------
    Total                      2.812ns (1.656ns logic, 1.156ns route)
                                       (58.9% logic, 41.1% route)

=========================================================================
Timing constraint: Default OFFSET OUT AFTER for Clock 'CLK'
  Total number of paths / destination ports: 72 / 25
-------------------------------------------------------------------------
Offset:              5.819ns (Levels of Logic = 2)
  Source:            Inst_CNT_101/q_bus_2 (FF)
  Destination:       A<14> (PAD)
  Source Clock:      CLK rising

  Data Path: Inst_CNT_101/q_bus_2 to A<14>
                                Gate     Net
    Cell:in->out      fanout   Delay   Delay  Logical Name (Net Name)
    ----------------------------------------  ------------
     FD:C->Q               8   0.525   1.172  Inst_CNT_101/q_bus_2 (Inst_CNT_101/q_bus_2)
     LUT3:I0->O            9   0.235   0.975  _n0017<10>1 (_n0017<10>)
     OBUF:I->O                 2.912          A_14_OBUF (A<14>)
    ----------------------------------------
    Total                      5.819ns (3.672ns logic, 2.147ns route)
                                       (63.1% logic, 36.9% route)

=========================================================================

Cross Clock Domains Report:
--------------------------

Clock to Setup on destination clock CLK
---------------+---------+---------+---------+---------+
               | Src:Rise| Src:Fall| Src:Rise| Src:Fall|
Source Clock   |Dest:Rise|Dest:Rise|Dest:Fall|Dest:Fall|
---------------+---------+---------+---------+---------+
CLK            |    4.002|         |         |         |
---------------+---------+---------+---------+---------+

=========================================================================


Total REAL time to Xst completion: 29.00 secs
Total CPU time to Xst completion: 23.92 secs
 
--> 


Total memory usage is 394276 kilobytes

Number of errors   :    0 (   0 filtered)
Number of warnings :   22 (   0 filtered)
Number of infos    :    1 (   0 filtered)

