Command line:
   Simulacion_Escritura_isim_beh.exe
     -simmode  gui
     -simrunnum  0
     -socket  54965

Sat May  2 17:32:29 2020


 Elaboration Time: 0.08 sec

 Current Memory Usage: 228.684 Meg

 Total Signals          : 376
 Total Nets             : 864
 Total Signal Drivers   : 163
 Total Blocks           : 27
 Total Primitive Blocks : 20
 Total Processes        : 135
 Total Traceable Variables  : 20
 Total Scalar Nets and Variables : 1376
Total Line Count : 505

 Total Simulation Time: 9.66 sec

 Current Memory Usage: 304.185 Meg

Sun May  3 10:05:36 2020

