--------------------------------------------------------------------------------
Release 14.7 Trace  (lin64)
Copyright (c) 1995-2013 Xilinx, Inc.  All rights reserved.

/opt/Xilinx/14.7/ISE_DS/ISE/bin/lin64/unwrapped/trce -intstyle ise -v 3 -s 2 -n
3 -fastpaths -xml TOP_ADC_FPGA_V0.twx TOP_ADC_FPGA_V0.ncd -o
TOP_ADC_FPGA_V0.twr TOP_ADC_FPGA_V0.pcf -ucf DelayLineTDC.ucf

Design file:              TOP_ADC_FPGA_V0.ncd
Physical constraint file: TOP_ADC_FPGA_V0.pcf
Device,package,speed:     xc6slx9,tqg144,C,-2 (PRODUCTION 1.23 2013-10-13)
Report level:             verbose report

Environment Variable      Effect 
--------------------      ------ 
NONE                      No environment variables were set
--------------------------------------------------------------------------------

INFO:Timing:2698 - No timing constraints found, doing default enumeration.
INFO:Timing:3412 - To improve timing, see the Timing Closure User Guide (UG612).
INFO:Timing:2752 - To get complete path coverage, use the unconstrained paths 
   option. All paths that are not constrained will be reported in the 
   unconstrained paths section(s) of the report.
INFO:Timing:3339 - The clock-to-out numbers in this timing report are based on 
   a 50 Ohm transmission line loading model.  For the details of this model, 
   and for more information on accounting for different loading conditions, 
   please see the device datasheet.



Data Sheet report:
-----------------
All values displayed in nanoseconds (ns)

Setup/Hold to clock CLK
------------+------------+------------+------------+------------+------------------+--------+
            |Max Setup to|  Process   |Max Hold to |  Process   |                  | Clock  |
Source      | clk (edge) |   Corner   | clk (edge) |   Corner   |Internal Clock(s) | Phase  |
------------+------------+------------+------------+------------+------------------+--------+
D<8>        |    3.339(R)|      SLOW  |   -1.474(R)|      FAST  |CLK_BUFGP         |   0.000|
D<9>        |    2.989(R)|      SLOW  |   -1.239(R)|      FAST  |CLK_BUFGP         |   0.000|
D<10>       |    2.095(R)|      SLOW  |   -0.742(R)|      SLOW  |CLK_BUFGP         |   0.000|
D<11>       |    2.369(R)|      SLOW  |   -0.894(R)|      FAST  |CLK_BUFGP         |   0.000|
SCL         |    2.765(R)|      SLOW  |   -1.202(R)|      FAST  |CLK_BUFGP         |   0.000|
SDA         |    2.625(R)|      SLOW  |   -1.015(R)|      FAST  |CLK_BUFGP         |   0.000|
------------+------------+------------+------------+------------+------------------+--------+

Clock CLK to Pad
------------+-----------------+------------+-----------------+------------+------------------+--------+
            |Max (slowest) clk|  Process   |Min (fastest) clk|  Process   |                  | Clock  |
Destination |  (edge) to PAD  |   Corner   |  (edge) to PAD  |   Corner   |Internal Clock(s) | Phase  |
------------+-----------------+------------+-----------------+------------+------------------+--------+
CLK_ADC     |         9.410(R)|      SLOW  |         3.932(R)|      FAST  |CLK_BUFGP         |   0.000|
SDA         |        11.284(R)|      SLOW  |         4.790(R)|      FAST  |CLK_BUFGP         |   0.000|
------------+-----------------+------------+-----------------+------------+------------------+--------+

Clock to Setup on destination clock CLK
---------------+---------+---------+---------+---------+
               | Src:Rise| Src:Fall| Src:Rise| Src:Fall|
Source Clock   |Dest:Rise|Dest:Rise|Dest:Fall|Dest:Fall|
---------------+---------+---------+---------+---------+
CLK            |    4.125|         |         |         |
---------------+---------+---------+---------+---------+

Pad to Pad
---------------+---------------+---------+
Source Pad     |Destination Pad|  Delay  |
---------------+---------------+---------+
D<0>           |LED<0>         |    8.935|
D<1>           |LED<1>         |    8.573|
D<2>           |LED<2>         |    9.519|
D<3>           |LED<3>         |    9.185|
D<4>           |LED<4>         |    9.640|
D<5>           |LED<5>         |    9.714|
D<6>           |LED<6>         |   10.491|
D<7>           |LED<7>         |   10.527|
---------------+---------------+---------+


Analysis completed Tue Jan 21 18:17:52 2020 
--------------------------------------------------------------------------------

Trace Settings:
-------------------------
Trace Settings 

Peak Memory Usage: 383 MB



