Command line:
   Simulacio_SM_isim_beh.exe
     -simmode  gui
     -simrunnum  0
     -socket  54664

Thu Feb  6 17:39:16 2020


 Elaboration Time: 0.05 sec

 Current Memory Usage: 195.826 Meg

 Total Signals          : 29
 Total Nets             : 73
 Total Signal Drivers   : 13
 Total Blocks           : 3
 Total Primitive Blocks : 2
 Total Processes        : 11
 Total Traceable Variables  : 9
 Total Scalar Nets and Variables : 434
Total Line Count : 38

 Total Simulation Time: 0.07 sec

 Current Memory Usage: 271.327 Meg

Thu Feb  6 17:39:41 2020

