Command line:
   SImlacion_COntador_isim_beh.exe
     -simmode  gui
     -simrunnum  0
     -socket  55078

Tue Feb  4 15:34:39 2020


 Elaboration Time: 0.07 sec

 Current Memory Usage: 195.99 Meg

 Total Signals          : 9
 Total Nets             : 9
 Total Signal Drivers   : 6
 Total Blocks           : 6
 Total Primitive Blocks : 5
 Total Processes        : 6
 Total Traceable Variables  : 16
 Total Scalar Nets and Variables : 511
Total Line Count : 18

 Total Simulation Time: 0.11 sec

 Current Memory Usage: 271.491 Meg

Tue Feb  4 15:35:24 2020

