Command line:
   Simulacion_isim_beh.exe
     -simmode  gui
     -simrunnum  0
     -socket  47594

Tue Dec 10 17:02:02 2019


 Elaboration Time: 0.06 sec

 Current Memory Usage: 195.981 Meg

 Total Signals          : 8
 Total Nets             : 14
 Total Signal Drivers   : 5
 Total Blocks           : 6
 Total Primitive Blocks : 5
 Total Processes        : 5
 Total Traceable Variables  : 16
 Total Scalar Nets and Variables : 516
Total Line Count : 14

 Total Simulation Time: 0.12 sec

 Current Memory Usage: 271.483 Meg

Tue Dec 10 17:02:44 2019

