Command line:
   Simulacion_isim_beh.exe
     -simmode  gui
     -simrunnum  0
     -socket  53533

Thu Feb  6 11:52:09 2020


 Elaboration Time: 0.04 sec

 Current Memory Usage: 195.981 Meg

 Total Signals          : 10
 Total Nets             : 12
 Total Signal Drivers   : 5
 Total Blocks           : 6
 Total Primitive Blocks : 5
 Total Processes        : 5
 Total Traceable Variables  : 16
 Total Scalar Nets and Variables : 514
Total Line Count : 14

 Total Simulation Time: 0.06 sec

 Current Memory Usage: 271.483 Meg

Thu Feb  6 11:52:54 2020

