Command line:
   Simulacion_Serie_Serie_isim_beh.exe
     -simmode  gui
     -simrunnum  0
     -socket  33437

Thu May  7 19:07:43 2020


 Elaboration Time: 0.06 sec

 Current Memory Usage: 227.549 Meg

 Total Signals          : 14
 Total Nets             : 23
 Total Signal Drivers   : 8
 Total Blocks           : 6
 Total Primitive Blocks : 5
 Total Processes        : 5
 Total Traceable Variables  : 16
 Total Scalar Nets and Variables : 525
Total Line Count : 28

 Total Simulation Time: 0.07 sec

 Current Memory Usage: 303.051 Meg

Thu May  7 23:00:19 2020

