Release 14.7 - xst P.20131013 (lin64)
Copyright (c) 1995-2013 Xilinx, Inc.  All rights reserved.
--> 
Parameter TMPDIR set to xst/projnav.tmp


Total REAL time to Xst completion: 0.00 secs
Total CPU time to Xst completion: 0.11 secs
 
--> 
Parameter xsthdpdir set to xst


Total REAL time to Xst completion: 0.00 secs
Total CPU time to Xst completion: 0.11 secs
 
--> 
Reading design: Div_Fre_Var.prj

TABLE OF CONTENTS
  1) Synthesis Options Summary
  2) HDL Parsing
  3) HDL Elaboration
  4) HDL Synthesis
       4.1) HDL Synthesis Report
  5) Advanced HDL Synthesis
       5.1) Advanced HDL Synthesis Report
  6) Low Level Synthesis
  7) Partition Report
  8) Design Summary
       8.1) Primitive and Black Box Usage
       8.2) Device utilization summary
       8.3) Partition Resource Summary
       8.4) Timing Report
            8.4.1) Clock Information
            8.4.2) Asynchronous Control Signals Information
            8.4.3) Timing Summary
            8.4.4) Timing Details
            8.4.5) Cross Clock Domains Report


=========================================================================
*                      Synthesis Options Summary                        *
=========================================================================
---- Source Parameters
Input File Name                    : "Div_Fre_Var.prj"
Ignore Synthesis Constraint File   : NO

---- Target Parameters
Output File Name                   : "Div_Fre_Var"
Output Format                      : NGC
Target Device                      : xc6slx9-2-tqg144

---- Source Options
Top Module Name                    : Div_Fre_Var
Automatic FSM Extraction           : YES
FSM Encoding Algorithm             : Auto
Safe Implementation                : No
FSM Style                          : LUT
RAM Extraction                     : Yes
RAM Style                          : Auto
ROM Extraction                     : Yes
Shift Register Extraction          : YES
ROM Style                          : Auto
Resource Sharing                   : YES
Asynchronous To Synchronous        : NO
Shift Register Minimum Size        : 2
Use DSP Block                      : Auto
Automatic Register Balancing       : No

---- Target Options
LUT Combining                      : Auto
Reduce Control Sets                : Auto
Add IO Buffers                     : YES
Global Maximum Fanout              : 100000
Add Generic Clock Buffer(BUFG)     : 16
Register Duplication               : YES
Optimize Instantiated Primitives   : NO
Use Clock Enable                   : Auto
Use Synchronous Set                : Auto
Use Synchronous Reset              : Auto
Pack IO Registers into IOBs        : Auto
Equivalent register Removal        : YES

---- General Options
Optimization Goal                  : Speed
Optimization Effort                : 1
Power Reduction                    : NO
Keep Hierarchy                     : No
Netlist Hierarchy                  : As_Optimized
RTL Output                         : Yes
Global Optimization                : AllClockNets
Read Cores                         : YES
Write Timing Constraints           : NO
Cross Clock Analysis               : NO
Hierarchy Separator                : /
Bus Delimiter                      : <>
Case Specifier                     : Maintain
Slice Utilization Ratio            : 100
BRAM Utilization Ratio             : 100
DSP48 Utilization Ratio            : 100
Auto BRAM Packing                  : NO
Slice Utilization Ratio Delta      : 5

=========================================================================


=========================================================================
*                          HDL Parsing                                  *
=========================================================================
Parsing VHDL file "/home/pedro/Documents/ISE/Div_Fre_Variable/Div_Fre_Var.vhd" into library work
Parsing entity <Div_Fre_Var>.
Parsing architecture <Behavioral> of entity <div_fre_var>.

=========================================================================
*                            HDL Elaboration                            *
=========================================================================

Elaborating entity <Div_Fre_Var> (architecture <Behavioral>) from library <work>.

=========================================================================
*                           HDL Synthesis                               *
=========================================================================

Synthesizing Unit <Div_Fre_Var>.
    Related source file is "/home/pedro/Documents/ISE/Div_Fre_Variable/Div_Fre_Var.vhd".
    Found 27-bit register for signal <Q_Bus>.
    Found 27-bit adder for signal <Q_Bus[26]_GND_6_o_add_4_OUT> created at line 43.
    Found 27-bit comparator greater for signal <Bus_Sel_INV_1_o> created at line 40
    Summary:
	inferred   1 Adder/Subtractor(s).
	inferred  27 D-type flip-flop(s).
	inferred   1 Comparator(s).
Unit <Div_Fre_Var> synthesized.

=========================================================================
HDL Synthesis Report

Macro Statistics
# Adders/Subtractors                                   : 1
 27-bit adder                                          : 1
# Registers                                            : 1
 27-bit register                                       : 1
# Comparators                                          : 1
 27-bit comparator greater                             : 1

=========================================================================

=========================================================================
*                       Advanced HDL Synthesis                          *
=========================================================================


Synthesizing (advanced) Unit <Div_Fre_Var>.
The following registers are absorbed into counter <Q_Bus>: 1 register on signal <Q_Bus>.
Unit <Div_Fre_Var> synthesized (advanced).

=========================================================================
Advanced HDL Synthesis Report

Macro Statistics
# Counters                                             : 1
 27-bit up counter                                     : 1
# Comparators                                          : 1
 27-bit comparator greater                             : 1

=========================================================================

=========================================================================
*                         Low Level Synthesis                           *
=========================================================================

Optimizing unit <Div_Fre_Var> ...
WARNING:Xst:1293 - FF/Latch <Q_Bus_19> has a constant value of 0 in block <Div_Fre_Var>. This FF/Latch will be trimmed during the optimization process.
WARNING:Xst:1896 - Due to other FF/Latch trimming, FF/Latch <Q_Bus_20> has a constant value of 0 in block <Div_Fre_Var>. This FF/Latch will be trimmed during the optimization process.
WARNING:Xst:1896 - Due to other FF/Latch trimming, FF/Latch <Q_Bus_21> has a constant value of 0 in block <Div_Fre_Var>. This FF/Latch will be trimmed during the optimization process.
WARNING:Xst:1896 - Due to other FF/Latch trimming, FF/Latch <Q_Bus_22> has a constant value of 0 in block <Div_Fre_Var>. This FF/Latch will be trimmed during the optimization process.
WARNING:Xst:1896 - Due to other FF/Latch trimming, FF/Latch <Q_Bus_23> has a constant value of 0 in block <Div_Fre_Var>. This FF/Latch will be trimmed during the optimization process.
WARNING:Xst:1896 - Due to other FF/Latch trimming, FF/Latch <Q_Bus_24> has a constant value of 0 in block <Div_Fre_Var>. This FF/Latch will be trimmed during the optimization process.
WARNING:Xst:1896 - Due to other FF/Latch trimming, FF/Latch <Q_Bus_25> has a constant value of 0 in block <Div_Fre_Var>. This FF/Latch will be trimmed during the optimization process.
WARNING:Xst:1896 - Due to other FF/Latch trimming, FF/Latch <Q_Bus_26> has a constant value of 0 in block <Div_Fre_Var>. This FF/Latch will be trimmed during the optimization process.

Mapping all equations...
Building and optimizing final netlist ...
Found area constraint ratio of 100 (+ 5) on block Div_Fre_Var, actual ratio is 0.

Final Macro Processing ...

=========================================================================
Final Register Report

Macro Statistics
# Registers                                            : 19
 Flip-Flops                                            : 19

=========================================================================

=========================================================================
*                           Partition Report                            *
=========================================================================

Partition Implementation Status
-------------------------------

  No Partitions were found in this design.

-------------------------------

=========================================================================
*                            Design Summary                             *
=========================================================================

Top Level Output File Name         : Div_Fre_Var.ngc

Primitive and Black Box Usage:
------------------------------
# BELS                             : 87
#      GND                         : 1
#      INV                         : 1
#      LUT1                        : 18
#      LUT2                        : 19
#      LUT4                        : 1
#      LUT5                        : 4
#      MUXCY                       : 23
#      VCC                         : 1
#      XORCY                       : 19
# FlipFlops/Latches                : 19
#      FD                          : 19
# Clock Buffers                    : 1
#      BUFGP                       : 1
# IO Buffers                       : 1
#      OBUF                        : 1

Device utilization summary:
---------------------------

Selected Device : 6slx9tqg144-2 


Slice Logic Utilization: 
 Number of Slice Registers:              19  out of  11440     0%  
 Number of Slice LUTs:                   43  out of   5720     0%  
    Number used as Logic:                43  out of   5720     0%  

Slice Logic Distribution: 
 Number of LUT Flip Flop pairs used:     43
   Number with an unused Flip Flop:      24  out of     43    55%  
   Number with an unused LUT:             0  out of     43     0%  
   Number of fully used LUT-FF pairs:    19  out of     43    44%  
   Number of unique control sets:         1

IO Utilization: 
 Number of IOs:                           2
 Number of bonded IOBs:                   2  out of    102     1%  

Specific Feature Utilization:
 Number of BUFG/BUFGCTRLs:                1  out of     16     6%  

---------------------------
Partition Resource Summary:
---------------------------

  No Partitions were found in this design.

---------------------------


=========================================================================
Timing Report

NOTE: THESE TIMING NUMBERS ARE ONLY A SYNTHESIS ESTIMATE.
      FOR ACCURATE TIMING INFORMATION PLEASE REFER TO THE TRACE REPORT
      GENERATED AFTER PLACE-and-ROUTE.

Clock Information:
------------------
-----------------------------------+------------------------+-------+
Clock Signal                       | Clock buffer(FF name)  | Load  |
-----------------------------------+------------------------+-------+
CLK                                | BUFGP                  | 19    |
-----------------------------------+------------------------+-------+

Asynchronous Control Signals Information:
----------------------------------------
No asynchronous control signals found in this design

Timing Summary:
---------------
Speed Grade: -2

   Minimum period: 4.109ns (Maximum Frequency: 243.368MHz)
   Minimum input arrival time before clock: No path found
   Maximum output required time after clock: 6.692ns
   Maximum combinational path delay: No path found

Timing Details:
---------------
All values displayed in nanoseconds (ns)

=========================================================================
Timing constraint: Default period analysis for Clock 'CLK'
  Clock period: 4.109ns (frequency: 243.368MHz)
  Total number of paths / destination ports: 627 / 19
-------------------------------------------------------------------------
Delay:               4.109ns (Levels of Logic = 7)
  Source:            Q_Bus_6 (FF)
  Destination:       Q_Bus_0 (FF)
  Source Clock:      CLK rising
  Destination Clock: CLK rising

  Data Path: Q_Bus_6 to Q_Bus_0
                                Gate     Net
    Cell:in->out      fanout   Delay   Delay  Logical Name (Net Name)
    ----------------------------------------  ------------
     FD:C->Q               3   0.525   1.196  Q_Bus_6 (Q_Bus_6)
     LUT5:I0->O            1   0.254   0.000  Mcompar_Bus_Sel_INV_1_o_lut<0> (Mcompar_Bus_Sel_INV_1_o_lut<0>)
     MUXCY:S->O            1   0.215   0.000  Mcompar_Bus_Sel_INV_1_o_cy<0> (Mcompar_Bus_Sel_INV_1_o_cy<0>)
     MUXCY:CI->O           1   0.023   0.000  Mcompar_Bus_Sel_INV_1_o_cy<1> (Mcompar_Bus_Sel_INV_1_o_cy<1>)
     MUXCY:CI->O           1   0.023   0.000  Mcompar_Bus_Sel_INV_1_o_cy<2> (Mcompar_Bus_Sel_INV_1_o_cy<2>)
     MUXCY:CI->O           1   0.023   0.000  Mcompar_Bus_Sel_INV_1_o_cy<3> (Mcompar_Bus_Sel_INV_1_o_cy<3>)
     MUXCY:CI->O          20   0.235   1.286  Mcompar_Bus_Sel_INV_1_o_cy<4> (Bus_Sel_INV_1_o_inv)
     LUT2:I1->O            1   0.254   0.000  Q_Bus_0_rstpot (Q_Bus_0_rstpot)
     FD:D                      0.074          Q_Bus_0
    ----------------------------------------
    Total                      4.109ns (1.627ns logic, 2.482ns route)
                                       (39.6% logic, 60.4% route)

=========================================================================
Timing constraint: Default OFFSET OUT AFTER for Clock 'CLK'
  Total number of paths / destination ports: 23 / 1
-------------------------------------------------------------------------
Offset:              6.692ns (Levels of Logic = 7)
  Source:            Q_Bus_6 (FF)
  Destination:       FREQ (PAD)
  Source Clock:      CLK rising

  Data Path: Q_Bus_6 to FREQ
                                Gate     Net
    Cell:in->out      fanout   Delay   Delay  Logical Name (Net Name)
    ----------------------------------------  ------------
     FD:C->Q               3   0.525   1.196  Q_Bus_6 (Q_Bus_6)
     LUT5:I0->O            1   0.254   0.000  Mcompar_Bus_Sel_INV_1_o_lut<0> (Mcompar_Bus_Sel_INV_1_o_lut<0>)
     MUXCY:S->O            1   0.215   0.000  Mcompar_Bus_Sel_INV_1_o_cy<0> (Mcompar_Bus_Sel_INV_1_o_cy<0>)
     MUXCY:CI->O           1   0.023   0.000  Mcompar_Bus_Sel_INV_1_o_cy<1> (Mcompar_Bus_Sel_INV_1_o_cy<1>)
     MUXCY:CI->O           1   0.023   0.000  Mcompar_Bus_Sel_INV_1_o_cy<2> (Mcompar_Bus_Sel_INV_1_o_cy<2>)
     MUXCY:CI->O           1   0.023   0.000  Mcompar_Bus_Sel_INV_1_o_cy<3> (Mcompar_Bus_Sel_INV_1_o_cy<3>)
     MUXCY:CI->O          20   0.235   1.285  Mcompar_Bus_Sel_INV_1_o_cy<4> (Bus_Sel_INV_1_o_inv)
     OBUF:I->O                 2.912          FREQ_OBUF (FREQ)
    ----------------------------------------
    Total                      6.692ns (4.211ns logic, 2.481ns route)
                                       (62.9% logic, 37.1% route)

=========================================================================

Cross Clock Domains Report:
--------------------------

Clock to Setup on destination clock CLK
---------------+---------+---------+---------+---------+
               | Src:Rise| Src:Fall| Src:Rise| Src:Fall|
Source Clock   |Dest:Rise|Dest:Rise|Dest:Fall|Dest:Fall|
---------------+---------+---------+---------+---------+
CLK            |    4.109|         |         |         |
---------------+---------+---------+---------+---------+

=========================================================================


Total REAL time to Xst completion: 23.00 secs
Total CPU time to Xst completion: 22.08 secs
 
--> 


Total memory usage is 393896 kilobytes

Number of errors   :    0 (   0 filtered)
Number of warnings :    8 (   0 filtered)
Number of infos    :    0 (   0 filtered)

