Release 14.7 - xst P.20131013 (lin64)
Copyright (c) 1995-2013 Xilinx, Inc.  All rights reserved.
--> 
Parameter TMPDIR set to xst/projnav.tmp


Total REAL time to Xst completion: 0.00 secs
Total CPU time to Xst completion: 0.16 secs
 
--> 
Parameter xsthdpdir set to xst


Total REAL time to Xst completion: 0.00 secs
Total CPU time to Xst completion: 0.17 secs
 
--> 
Reading design: PWM_SIGNAL.prj

TABLE OF CONTENTS
  1) Synthesis Options Summary
  2) HDL Parsing
  3) HDL Elaboration
  4) HDL Synthesis
       4.1) HDL Synthesis Report
  5) Advanced HDL Synthesis
       5.1) Advanced HDL Synthesis Report
  6) Low Level Synthesis
  7) Partition Report
  8) Design Summary
       8.1) Primitive and Black Box Usage
       8.2) Device utilization summary
       8.3) Partition Resource Summary
       8.4) Timing Report
            8.4.1) Clock Information
            8.4.2) Asynchronous Control Signals Information
            8.4.3) Timing Summary
            8.4.4) Timing Details
            8.4.5) Cross Clock Domains Report


=========================================================================
*                      Synthesis Options Summary                        *
=========================================================================
---- Source Parameters
Input File Name                    : "PWM_SIGNAL.prj"
Ignore Synthesis Constraint File   : NO

---- Target Parameters
Output File Name                   : "PWM_SIGNAL"
Output Format                      : NGC
Target Device                      : xc6slx9-2-tqg144

---- Source Options
Top Module Name                    : PWM_SIGNAL
Automatic FSM Extraction           : YES
FSM Encoding Algorithm             : Auto
Safe Implementation                : No
FSM Style                          : LUT
RAM Extraction                     : Yes
RAM Style                          : Auto
ROM Extraction                     : Yes
Shift Register Extraction          : YES
ROM Style                          : Auto
Resource Sharing                   : YES
Asynchronous To Synchronous        : NO
Shift Register Minimum Size        : 2
Use DSP Block                      : Auto
Automatic Register Balancing       : No

---- Target Options
LUT Combining                      : Auto
Reduce Control Sets                : Auto
Add IO Buffers                     : YES
Global Maximum Fanout              : 100000
Add Generic Clock Buffer(BUFG)     : 16
Register Duplication               : YES
Optimize Instantiated Primitives   : NO
Use Clock Enable                   : Auto
Use Synchronous Set                : Auto
Use Synchronous Reset              : Auto
Pack IO Registers into IOBs        : Auto
Equivalent register Removal        : YES

---- General Options
Optimization Goal                  : Speed
Optimization Effort                : 1
Power Reduction                    : NO
Keep Hierarchy                     : No
Netlist Hierarchy                  : As_Optimized
RTL Output                         : Yes
Global Optimization                : AllClockNets
Read Cores                         : YES
Write Timing Constraints           : NO
Cross Clock Analysis               : NO
Hierarchy Separator                : /
Bus Delimiter                      : <>
Case Specifier                     : Maintain
Slice Utilization Ratio            : 100
BRAM Utilization Ratio             : 100
DSP48 Utilization Ratio            : 100
Auto BRAM Packing                  : NO
Slice Utilization Ratio Delta      : 5

=========================================================================


=========================================================================
*                          HDL Parsing                                  *
=========================================================================
Parsing VHDL file "/home/pedro/Documents/ISE/Div_Fre_Variable/PWM.vhd" into library work
Parsing entity <PWM>.
Parsing architecture <Behavioral> of entity <pwm>.
Parsing VHDL file "/home/pedro/Documents/ISE/Div_Fre_Variable/Div_Fre_Var.vhd" into library work
Parsing entity <Div_Fre_Var>.
Parsing architecture <Behavioral> of entity <div_fre_var>.
Parsing VHDL file "/home/pedro/Documents/ISE/Div_Fre_Variable/PWM_SIGNAL.vhd" into library work
Parsing entity <PWM_SIGNAL>.
Parsing architecture <Behavioral> of entity <pwm_signal>.

=========================================================================
*                            HDL Elaboration                            *
=========================================================================

Elaborating entity <PWM_SIGNAL> (architecture <Behavioral>) from library <work>.

Elaborating entity <Div_Fre_Var> (architecture <Behavioral>) from library <work>.

Elaborating entity <PWM> (architecture <Behavioral>) from library <work>.

=========================================================================
*                           HDL Synthesis                               *
=========================================================================

Synthesizing Unit <PWM_SIGNAL>.
    Related source file is "/home/pedro/Documents/ISE/Div_Fre_Variable/PWM_SIGNAL.vhd".
    Summary:
	no macro.
Unit <PWM_SIGNAL> synthesized.

Synthesizing Unit <Div_Fre_Var>.
    Related source file is "/home/pedro/Documents/ISE/Div_Fre_Variable/Div_Fre_Var.vhd".
    Found 27-bit register for signal <Q_Bus>.
    Found 27-bit adder for signal <Q_Bus[26]_GND_7_o_add_4_OUT> created at line 43.
    Found 27-bit comparator greater for signal <Bus_Sel_INV_1_o> created at line 40
    Summary:
	inferred   1 Adder/Subtractor(s).
	inferred  27 D-type flip-flop(s).
	inferred   1 Comparator(s).
Unit <Div_Fre_Var> synthesized.

Synthesizing Unit <PWM>.
    Related source file is "/home/pedro/Documents/ISE/Div_Fre_Variable/PWM.vhd".
    Found 1-bit register for signal <Q_Bus>.
    Summary:
	inferred   1 D-type flip-flop(s).
Unit <PWM> synthesized.

=========================================================================
HDL Synthesis Report

Macro Statistics
# Adders/Subtractors                                   : 1
 27-bit adder                                          : 1
# Registers                                            : 2
 1-bit register                                        : 1
 27-bit register                                       : 1
# Comparators                                          : 1
 27-bit comparator greater                             : 1

=========================================================================

=========================================================================
*                       Advanced HDL Synthesis                          *
=========================================================================


Synthesizing (advanced) Unit <Div_Fre_Var>.
The following registers are absorbed into counter <Q_Bus>: 1 register on signal <Q_Bus>.
Unit <Div_Fre_Var> synthesized (advanced).

=========================================================================
Advanced HDL Synthesis Report

Macro Statistics
# Counters                                             : 1
 27-bit up counter                                     : 1
# Registers                                            : 1
 Flip-Flops                                            : 1
# Comparators                                          : 1
 27-bit comparator greater                             : 1

=========================================================================

=========================================================================
*                         Low Level Synthesis                           *
=========================================================================

Optimizing unit <PWM_SIGNAL> ...
WARNING:Xst:1293 - FF/Latch <Inst_Div_Fre_Var/Q_Bus_26> has a constant value of 0 in block <PWM_SIGNAL>. This FF/Latch will be trimmed during the optimization process.
WARNING:Xst:1896 - Due to other FF/Latch trimming, FF/Latch <Inst_Div_Fre_Var/Q_Bus_25> has a constant value of 0 in block <PWM_SIGNAL>. This FF/Latch will be trimmed during the optimization process.
WARNING:Xst:1896 - Due to other FF/Latch trimming, FF/Latch <Inst_Div_Fre_Var/Q_Bus_24> has a constant value of 0 in block <PWM_SIGNAL>. This FF/Latch will be trimmed during the optimization process.
WARNING:Xst:1896 - Due to other FF/Latch trimming, FF/Latch <Inst_Div_Fre_Var/Q_Bus_23> has a constant value of 0 in block <PWM_SIGNAL>. This FF/Latch will be trimmed during the optimization process.
WARNING:Xst:1896 - Due to other FF/Latch trimming, FF/Latch <Inst_Div_Fre_Var/Q_Bus_22> has a constant value of 0 in block <PWM_SIGNAL>. This FF/Latch will be trimmed during the optimization process.
WARNING:Xst:1896 - Due to other FF/Latch trimming, FF/Latch <Inst_Div_Fre_Var/Q_Bus_21> has a constant value of 0 in block <PWM_SIGNAL>. This FF/Latch will be trimmed during the optimization process.
WARNING:Xst:1896 - Due to other FF/Latch trimming, FF/Latch <Inst_Div_Fre_Var/Q_Bus_20> has a constant value of 0 in block <PWM_SIGNAL>. This FF/Latch will be trimmed during the optimization process.
WARNING:Xst:1896 - Due to other FF/Latch trimming, FF/Latch <Inst_Div_Fre_Var/Q_Bus_19> has a constant value of 0 in block <PWM_SIGNAL>. This FF/Latch will be trimmed during the optimization process.
WARNING:Xst:1896 - Due to other FF/Latch trimming, FF/Latch <Inst_Div_Fre_Var/Q_Bus_18> has a constant value of 0 in block <PWM_SIGNAL>. This FF/Latch will be trimmed during the optimization process.
WARNING:Xst:1896 - Due to other FF/Latch trimming, FF/Latch <Inst_Div_Fre_Var/Q_Bus_17> has a constant value of 0 in block <PWM_SIGNAL>. This FF/Latch will be trimmed during the optimization process.
WARNING:Xst:1896 - Due to other FF/Latch trimming, FF/Latch <Inst_Div_Fre_Var/Q_Bus_16> has a constant value of 0 in block <PWM_SIGNAL>. This FF/Latch will be trimmed during the optimization process.
WARNING:Xst:1896 - Due to other FF/Latch trimming, FF/Latch <Inst_Div_Fre_Var/Q_Bus_15> has a constant value of 0 in block <PWM_SIGNAL>. This FF/Latch will be trimmed during the optimization process.
WARNING:Xst:1896 - Due to other FF/Latch trimming, FF/Latch <Inst_Div_Fre_Var/Q_Bus_14> has a constant value of 0 in block <PWM_SIGNAL>. This FF/Latch will be trimmed during the optimization process.
WARNING:Xst:1896 - Due to other FF/Latch trimming, FF/Latch <Inst_Div_Fre_Var/Q_Bus_13> has a constant value of 0 in block <PWM_SIGNAL>. This FF/Latch will be trimmed during the optimization process.
WARNING:Xst:1896 - Due to other FF/Latch trimming, FF/Latch <Inst_Div_Fre_Var/Q_Bus_12> has a constant value of 0 in block <PWM_SIGNAL>. This FF/Latch will be trimmed during the optimization process.
WARNING:Xst:1896 - Due to other FF/Latch trimming, FF/Latch <Inst_Div_Fre_Var/Q_Bus_11> has a constant value of 0 in block <PWM_SIGNAL>. This FF/Latch will be trimmed during the optimization process.
WARNING:Xst:1896 - Due to other FF/Latch trimming, FF/Latch <Inst_Div_Fre_Var/Q_Bus_10> has a constant value of 0 in block <PWM_SIGNAL>. This FF/Latch will be trimmed during the optimization process.
WARNING:Xst:1896 - Due to other FF/Latch trimming, FF/Latch <Inst_Div_Fre_Var/Q_Bus_9> has a constant value of 0 in block <PWM_SIGNAL>. This FF/Latch will be trimmed during the optimization process.
WARNING:Xst:1896 - Due to other FF/Latch trimming, FF/Latch <Inst_Div_Fre_Var/Q_Bus_8> has a constant value of 0 in block <PWM_SIGNAL>. This FF/Latch will be trimmed during the optimization process.
WARNING:Xst:1896 - Due to other FF/Latch trimming, FF/Latch <Inst_Div_Fre_Var/Q_Bus_7> has a constant value of 0 in block <PWM_SIGNAL>. This FF/Latch will be trimmed during the optimization process.
WARNING:Xst:1896 - Due to other FF/Latch trimming, FF/Latch <Inst_Div_Fre_Var/Q_Bus_6> has a constant value of 0 in block <PWM_SIGNAL>. This FF/Latch will be trimmed during the optimization process.

Mapping all equations...
Building and optimizing final netlist ...
Found area constraint ratio of 100 (+ 5) on block PWM_SIGNAL, actual ratio is 0.

Final Macro Processing ...

=========================================================================
Final Register Report

Macro Statistics
# Registers                                            : 7
 Flip-Flops                                            : 7

=========================================================================

=========================================================================
*                           Partition Report                            *
=========================================================================

Partition Implementation Status
-------------------------------

  No Partitions were found in this design.

-------------------------------

=========================================================================
*                            Design Summary                             *
=========================================================================

Top Level Output File Name         : PWM_SIGNAL.ngc

Primitive and Black Box Usage:
------------------------------
# BELS                             : 28
#      GND                         : 1
#      INV                         : 2
#      LUT1                        : 5
#      LUT4                        : 1
#      LUT5                        : 1
#      MUXCY                       : 11
#      VCC                         : 1
#      XORCY                       : 6
# FlipFlops/Latches                : 7
#      FDE                         : 1
#      FDR                         : 6
# Clock Buffers                    : 1
#      BUFGP                       : 1
# IO Buffers                       : 1
#      OBUF                        : 1

Device utilization summary:
---------------------------

Selected Device : 6slx9tqg144-2 


Slice Logic Utilization: 
 Number of Slice Registers:               7  out of  11440     0%  
 Number of Slice LUTs:                    9  out of   5720     0%  
    Number used as Logic:                 9  out of   5720     0%  

Slice Logic Distribution: 
 Number of LUT Flip Flop pairs used:      9
   Number with an unused Flip Flop:       2  out of      9    22%  
   Number with an unused LUT:             0  out of      9     0%  
   Number of fully used LUT-FF pairs:     7  out of      9    77%  
   Number of unique control sets:         2

IO Utilization: 
 Number of IOs:                           2
 Number of bonded IOBs:                   2  out of    102     1%  

Specific Feature Utilization:
 Number of BUFG/BUFGCTRLs:                1  out of     16     6%  

---------------------------
Partition Resource Summary:
---------------------------

  No Partitions were found in this design.

---------------------------


=========================================================================
Timing Report

NOTE: THESE TIMING NUMBERS ARE ONLY A SYNTHESIS ESTIMATE.
      FOR ACCURATE TIMING INFORMATION PLEASE REFER TO THE TRACE REPORT
      GENERATED AFTER PLACE-and-ROUTE.

Clock Information:
------------------
-----------------------------------+------------------------+-------+
Clock Signal                       | Clock buffer(FF name)  | Load  |
-----------------------------------+------------------------+-------+
CLK                                | BUFGP                  | 7     |
-----------------------------------+------------------------+-------+

Asynchronous Control Signals Information:
----------------------------------------
No asynchronous control signals found in this design

Timing Summary:
---------------
Speed Grade: -2

   Minimum period: 3.873ns (Maximum Frequency: 258.181MHz)
   Minimum input arrival time before clock: No path found
   Maximum output required time after clock: 4.162ns
   Maximum combinational path delay: No path found

Timing Details:
---------------
All values displayed in nanoseconds (ns)

=========================================================================
Timing constraint: Default period analysis for Clock 'CLK'
  Clock period: 3.873ns (frequency: 258.181MHz)
  Total number of paths / destination ports: 85 / 14
-------------------------------------------------------------------------
Delay:               3.873ns (Levels of Logic = 7)
  Source:            Inst_Div_Fre_Var/Q_Bus_1 (FF)
  Destination:       Inst_Div_Fre_Var/Q_Bus_0 (FF)
  Source Clock:      CLK rising
  Destination Clock: CLK rising

  Data Path: Inst_Div_Fre_Var/Q_Bus_1 to Inst_Div_Fre_Var/Q_Bus_0
                                Gate     Net
    Cell:in->out      fanout   Delay   Delay  Logical Name (Net Name)
    ----------------------------------------  ------------
     FDR:C->Q              2   0.525   1.156  Inst_Div_Fre_Var/Q_Bus_1 (Inst_Div_Fre_Var/Q_Bus_1)
     LUT5:I0->O            1   0.254   0.000  Inst_Div_Fre_Var/Mcompar_Bus_Sel_INV_1_o_lut<0> (Inst_Div_Fre_Var/Mcompar_Bus_Sel_INV_1_o_lut<0>)
     MUXCY:S->O            1   0.215   0.000  Inst_Div_Fre_Var/Mcompar_Bus_Sel_INV_1_o_cy<0> (Inst_Div_Fre_Var/Mcompar_Bus_Sel_INV_1_o_cy<0>)
     MUXCY:CI->O           1   0.023   0.000  Inst_Div_Fre_Var/Mcompar_Bus_Sel_INV_1_o_cy<1> (Inst_Div_Fre_Var/Mcompar_Bus_Sel_INV_1_o_cy<1>)
     MUXCY:CI->O           1   0.023   0.000  Inst_Div_Fre_Var/Mcompar_Bus_Sel_INV_1_o_cy<2> (Inst_Div_Fre_Var/Mcompar_Bus_Sel_INV_1_o_cy<2>)
     MUXCY:CI->O           1   0.023   0.000  Inst_Div_Fre_Var/Mcompar_Bus_Sel_INV_1_o_cy<3> (Inst_Div_Fre_Var/Mcompar_Bus_Sel_INV_1_o_cy<3>)
     MUXCY:CI->O           1   0.023   0.000  Inst_Div_Fre_Var/Mcompar_Bus_Sel_INV_1_o_cy<4> (Inst_Div_Fre_Var/Mcompar_Bus_Sel_INV_1_o_cy<4>)
     MUXCY:CI->O           7   0.262   0.909  Inst_Div_Fre_Var/Mcompar_Bus_Sel_INV_1_o_cy<5> (Bus_EN)
     FDR:R                     0.459          Inst_Div_Fre_Var/Q_Bus_0
    ----------------------------------------
    Total                      3.873ns (1.808ns logic, 2.065ns route)
                                       (46.7% logic, 53.3% route)

=========================================================================
Timing constraint: Default OFFSET OUT AFTER for Clock 'CLK'
  Total number of paths / destination ports: 1 / 1
-------------------------------------------------------------------------
Offset:              4.162ns (Levels of Logic = 1)
  Source:            Inst_PWM/Q_Bus (FF)
  Destination:       PWM_OUT (PAD)
  Source Clock:      CLK rising

  Data Path: Inst_PWM/Q_Bus to PWM_OUT
                                Gate     Net
    Cell:in->out      fanout   Delay   Delay  Logical Name (Net Name)
    ----------------------------------------  ------------
     FDE:C->Q              2   0.525   0.725  Inst_PWM/Q_Bus (Inst_PWM/Q_Bus)
     OBUF:I->O                 2.912          PWM_OUT_OBUF (PWM_OUT)
    ----------------------------------------
    Total                      4.162ns (3.437ns logic, 0.725ns route)
                                       (82.6% logic, 17.4% route)

=========================================================================

Cross Clock Domains Report:
--------------------------

Clock to Setup on destination clock CLK
---------------+---------+---------+---------+---------+
               | Src:Rise| Src:Fall| Src:Rise| Src:Fall|
Source Clock   |Dest:Rise|Dest:Rise|Dest:Fall|Dest:Fall|
---------------+---------+---------+---------+---------+
CLK            |    3.873|         |         |         |
---------------+---------+---------+---------+---------+

=========================================================================


Total REAL time to Xst completion: 30.00 secs
Total CPU time to Xst completion: 27.78 secs
 
--> 


Total memory usage is 393932 kilobytes

Number of errors   :    0 (   0 filtered)
Number of warnings :   21 (   0 filtered)
Number of infos    :    0 (   0 filtered)

