Release 14.7 - xst P.20131013 (lin64)
Copyright (c) 1995-2013 Xilinx, Inc.  All rights reserved.
--> 
Parameter TMPDIR set to xst/projnav.tmp


Total REAL time to Xst completion: 0.00 secs
Total CPU time to Xst completion: 0.12 secs
 
--> 
Parameter xsthdpdir set to xst


Total REAL time to Xst completion: 0.00 secs
Total CPU time to Xst completion: 0.13 secs
 
--> 
Reading design: Modulo_Borrado.prj

TABLE OF CONTENTS
  1) Synthesis Options Summary
  2) HDL Parsing
  3) HDL Elaboration
  4) HDL Synthesis
       4.1) HDL Synthesis Report
  5) Advanced HDL Synthesis
       5.1) Advanced HDL Synthesis Report
  6) Low Level Synthesis
  7) Partition Report
  8) Design Summary
       8.1) Primitive and Black Box Usage
       8.2) Device utilization summary
       8.3) Partition Resource Summary
       8.4) Timing Report
            8.4.1) Clock Information
            8.4.2) Asynchronous Control Signals Information
            8.4.3) Timing Summary
            8.4.4) Timing Details
            8.4.5) Cross Clock Domains Report


=========================================================================
*                      Synthesis Options Summary                        *
=========================================================================
---- Source Parameters
Input File Name                    : "Modulo_Borrado.prj"
Ignore Synthesis Constraint File   : NO

---- Target Parameters
Output File Name                   : "Modulo_Borrado"
Output Format                      : NGC
Target Device                      : xc6slx9-2-tqg144

---- Source Options
Top Module Name                    : Modulo_Borrado
Automatic FSM Extraction           : YES
FSM Encoding Algorithm             : Auto
Safe Implementation                : No
FSM Style                          : LUT
RAM Extraction                     : Yes
RAM Style                          : Auto
ROM Extraction                     : Yes
Shift Register Extraction          : YES
ROM Style                          : Auto
Resource Sharing                   : YES
Asynchronous To Synchronous        : NO
Shift Register Minimum Size        : 2
Use DSP Block                      : Auto
Automatic Register Balancing       : No

---- Target Options
LUT Combining                      : Auto
Reduce Control Sets                : Auto
Add IO Buffers                     : YES
Global Maximum Fanout              : 100000
Add Generic Clock Buffer(BUFG)     : 16
Register Duplication               : YES
Optimize Instantiated Primitives   : NO
Use Clock Enable                   : Auto
Use Synchronous Set                : Auto
Use Synchronous Reset              : Auto
Pack IO Registers into IOBs        : Auto
Equivalent register Removal        : YES

---- General Options
Optimization Goal                  : Speed
Optimization Effort                : 1
Power Reduction                    : NO
Keep Hierarchy                     : No
Netlist Hierarchy                  : As_Optimized
RTL Output                         : Yes
Global Optimization                : AllClockNets
Read Cores                         : YES
Write Timing Constraints           : NO
Cross Clock Analysis               : NO
Hierarchy Separator                : /
Bus Delimiter                      : <>
Case Specifier                     : Maintain
Slice Utilization Ratio            : 100
BRAM Utilization Ratio             : 100
DSP48 Utilization Ratio            : 100
Auto BRAM Packing                  : NO
Slice Utilization Ratio Delta      : 5

=========================================================================


=========================================================================
*                          HDL Parsing                                  *
=========================================================================
Parsing VHDL file "/home/pedro/Documents/ISE/Final/Borrado/Retenedor_Borrado.vhd" into library work
Parsing entity <Retenedor_Borrado>.
Parsing architecture <Behavioral> of entity <retenedor_borrado>.
Parsing VHDL file "/home/pedro/Documents/ISE/Final/Borrado/MaquinaEstados_Borrado.vhd" into library work
Parsing entity <MaquinaEstados_Borrado>.
Parsing architecture <Behavioral> of entity <maquinaestados_borrado>.
Parsing VHDL file "/home/pedro/Documents/ISE/Final/Borrado/Contador_Dir_Bor.vhd" into library work
Parsing entity <Contador_Dir_Bor>.
Parsing architecture <Behavioral> of entity <contador_dir_bor>.
Parsing VHDL file "/home/pedro/Documents/ISE/Final/Borrado/Modulo_Borrado.vhd" into library work
Parsing entity <Modulo_Borrado>.
Parsing architecture <Behavioral> of entity <modulo_borrado>.

=========================================================================
*                            HDL Elaboration                            *
=========================================================================

Elaborating entity <Modulo_Borrado> (architecture <Behavioral>) from library <work>.

Elaborating entity <MaquinaEstados_Borrado> (architecture <Behavioral>) from library <work>.
INFO:HDLCompiler:679 - "/home/pedro/Documents/ISE/Final/Borrado/MaquinaEstados_Borrado.vhd" Line 98. Case statement is complete. others clause is never selected

Elaborating entity <Retenedor_Borrado> (architecture <Behavioral>) from library <work>.

Elaborating entity <Contador_Dir_Bor> (architecture <Behavioral>) from library <work>.

=========================================================================
*                           HDL Synthesis                               *
=========================================================================

Synthesizing Unit <Modulo_Borrado>.
    Related source file is "/home/pedro/Documents/ISE/Final/Borrado/Modulo_Borrado.vhd".
    Summary:
	no macro.
Unit <Modulo_Borrado> synthesized.

Synthesizing Unit <MaquinaEstados_Borrado>.
    Related source file is "/home/pedro/Documents/ISE/Final/Borrado/MaquinaEstados_Borrado.vhd".
    Found 4-bit register for signal <q_bus>.
    Found finite state machine <FSM_0> for signal <q_bus>.
    -----------------------------------------------------------------------
    | States             | 13                                             |
    | Transitions        | 28                                             |
    | Inputs             | 3                                              |
    | Outputs            | 38                                             |
    | Clock              | clk (rising_edge)                              |
    | Power Up State     | s0                                             |
    | Encoding           | auto                                           |
    | Implementation     | LUT                                            |
    -----------------------------------------------------------------------
    Summary:
	inferred   4 Multiplexer(s).
	inferred   1 Finite State Machine(s).
Unit <MaquinaEstados_Borrado> synthesized.

Synthesizing Unit <Retenedor_Borrado>.
    Related source file is "/home/pedro/Documents/ISE/Final/Borrado/Retenedor_Borrado.vhd".
    Found 5-bit register for signal <q_bus>.
    Found 5-bit adder for signal <q_bus[4]_GND_9_o_add_5_OUT> created at line 44.
    Found 5-bit comparator lessequal for signal <bus_sel_INV_3_o> created at line 41
    Summary:
	inferred   1 Adder/Subtractor(s).
	inferred   5 D-type flip-flop(s).
	inferred   1 Comparator(s).
Unit <Retenedor_Borrado> synthesized.

Synthesizing Unit <Contador_Dir_Bor>.
    Related source file is "/home/pedro/Documents/ISE/Final/Borrado/Contador_Dir_Bor.vhd".
    Found 6-bit register for signal <q_bus>.
    Found 6-bit adder for signal <q_bus[5]_GND_11_o_add_5_OUT> created at line 46.
    Found 6-bit comparator greater for signal <bus_sel_INV_4_o> created at line 43
    Summary:
	inferred   1 Adder/Subtractor(s).
	inferred   6 D-type flip-flop(s).
	inferred   1 Comparator(s).
	inferred   1 Multiplexer(s).
Unit <Contador_Dir_Bor> synthesized.

=========================================================================
HDL Synthesis Report

Macro Statistics
# Adders/Subtractors                                   : 2
 5-bit adder                                           : 1
 6-bit adder                                           : 1
# Registers                                            : 2
 5-bit register                                        : 1
 6-bit register                                        : 1
# Comparators                                          : 2
 5-bit comparator lessequal                            : 1
 6-bit comparator greater                              : 1
# Multiplexers                                         : 5
 20-bit 2-to-1 multiplexer                             : 4
 6-bit 2-to-1 multiplexer                              : 1
# FSMs                                                 : 1

=========================================================================

=========================================================================
*                       Advanced HDL Synthesis                          *
=========================================================================


Synthesizing (advanced) Unit <Contador_Dir_Bor>.
The following registers are absorbed into counter <q_bus>: 1 register on signal <q_bus>.
Unit <Contador_Dir_Bor> synthesized (advanced).

Synthesizing (advanced) Unit <Retenedor_Borrado>.
The following registers are absorbed into counter <q_bus>: 1 register on signal <q_bus>.
Unit <Retenedor_Borrado> synthesized (advanced).

=========================================================================
Advanced HDL Synthesis Report

Macro Statistics
# Counters                                             : 2
 5-bit up counter                                      : 1
 6-bit up counter                                      : 1
# Comparators                                          : 2
 5-bit comparator lessequal                            : 1
 6-bit comparator greater                              : 1
# Multiplexers                                         : 4
 20-bit 2-to-1 multiplexer                             : 4
# FSMs                                                 : 1

=========================================================================

=========================================================================
*                         Low Level Synthesis                           *
=========================================================================
Analyzing FSM <MFsm> for best encoding.
Optimizing FSM <FSM_0> on signal <q_bus[1:4]> with user encoding.
-------------------
 State | Encoding
-------------------
 s0    | 0000
 s1    | 0001
 s2    | 0010
 s3    | 0011
 s4    | 0100
 s5    | 0101
 s6    | 0110
 s7    | 0111
 s8    | 1000
 s9    | 1001
 s10   | 1010
 s11   | 1011
 s12   | 1100
-------------------

Optimizing unit <Modulo_Borrado> ...

Mapping all equations...
Building and optimizing final netlist ...
Found area constraint ratio of 100 (+ 5) on block Modulo_Borrado, actual ratio is 0.

Final Macro Processing ...

=========================================================================
Final Register Report

Macro Statistics
# Registers                                            : 15
 Flip-Flops                                            : 15

=========================================================================

=========================================================================
*                           Partition Report                            *
=========================================================================

Partition Implementation Status
-------------------------------

  No Partitions were found in this design.

-------------------------------

=========================================================================
*                            Design Summary                             *
=========================================================================

Top Level Output File Name         : Modulo_Borrado.ngc

Primitive and Black Box Usage:
------------------------------
# BELS                             : 37
#      GND                         : 1
#      INV                         : 1
#      LUT3                        : 2
#      LUT4                        : 8
#      LUT5                        : 11
#      LUT6                        : 12
#      MUXF7                       : 1
#      VCC                         : 1
# FlipFlops/Latches                : 15
#      FD                          : 9
#      FDRE                        : 6
# Clock Buffers                    : 1
#      BUFGP                       : 1
# IO Buffers                       : 49
#      IBUF                        : 4
#      OBUF                        : 45

Device utilization summary:
---------------------------

Selected Device : 6slx9tqg144-2 


Slice Logic Utilization: 
 Number of Slice Registers:              15  out of  11440     0%  
 Number of Slice LUTs:                   34  out of   5720     0%  
    Number used as Logic:                34  out of   5720     0%  

Slice Logic Distribution: 
 Number of LUT Flip Flop pairs used:     34
   Number with an unused Flip Flop:      19  out of     34    55%  
   Number with an unused LUT:             0  out of     34     0%  
   Number of fully used LUT-FF pairs:    15  out of     34    44%  
   Number of unique control sets:         2

IO Utilization: 
 Number of IOs:                          50
 Number of bonded IOBs:                  50  out of    102    49%  

Specific Feature Utilization:
 Number of BUFG/BUFGCTRLs:                1  out of     16     6%  

---------------------------
Partition Resource Summary:
---------------------------

  No Partitions were found in this design.

---------------------------


=========================================================================
Timing Report

NOTE: THESE TIMING NUMBERS ARE ONLY A SYNTHESIS ESTIMATE.
      FOR ACCURATE TIMING INFORMATION PLEASE REFER TO THE TRACE REPORT
      GENERATED AFTER PLACE-and-ROUTE.

Clock Information:
------------------
-----------------------------------+------------------------+-------+
Clock Signal                       | Clock buffer(FF name)  | Load  |
-----------------------------------+------------------------+-------+
clk                                | BUFGP                  | 15    |
-----------------------------------+------------------------+-------+

Asynchronous Control Signals Information:
----------------------------------------
No asynchronous control signals found in this design

Timing Summary:
---------------
Speed Grade: -2

   Minimum period: 3.247ns (Maximum Frequency: 307.977MHz)
   Minimum input arrival time before clock: 3.821ns
   Maximum output required time after clock: 6.050ns
   Maximum combinational path delay: No path found

Timing Details:
---------------
All values displayed in nanoseconds (ns)

=========================================================================
Timing constraint: Default period analysis for Clock 'clk'
  Clock period: 3.247ns (frequency: 307.977MHz)
  Total number of paths / destination ports: 103 / 15
-------------------------------------------------------------------------
Delay:               3.247ns (Levels of Logic = 2)
  Source:            Inst_MaquinaEstados_Borrado/q_bus_FSM_FFd2 (FF)
  Destination:       Inst_Retenedor_Borrado/q_bus_2 (FF)
  Source Clock:      clk rising
  Destination Clock: clk rising

  Data Path: Inst_MaquinaEstados_Borrado/q_bus_FSM_FFd2 to Inst_Retenedor_Borrado/q_bus_2
                                Gate     Net
    Cell:in->out      fanout   Delay   Delay  Logical Name (Net Name)
    ----------------------------------------  ------------
     FD:C->Q              21   0.525   1.418  Inst_MaquinaEstados_Borrado/q_bus_FSM_FFd2 (Inst_MaquinaEstados_Borrado/q_bus_FSM_FFd2)
     LUT3:I1->O            2   0.250   0.726  bus_en_ret_bor1 (bus_en_ret_bor)
     LUT6:I5->O            1   0.254   0.000  Inst_Retenedor_Borrado/q_bus_3_rstpot (Inst_Retenedor_Borrado/q_bus_3_rstpot)
     FD:D                      0.074          Inst_Retenedor_Borrado/q_bus_3
    ----------------------------------------
    Total                      3.247ns (1.103ns logic, 2.144ns route)
                                       (34.0% logic, 66.0% route)

=========================================================================
Timing constraint: Default OFFSET IN BEFORE for Clock 'clk'
  Total number of paths / destination ports: 23 / 21
-------------------------------------------------------------------------
Offset:              3.821ns (Levels of Logic = 3)
  Source:            div_frec (PAD)
  Destination:       Inst_Retenedor_Borrado/q_bus_2 (FF)
  Destination Clock: clk rising

  Data Path: div_frec to Inst_Retenedor_Borrado/q_bus_2
                                Gate     Net
    Cell:in->out      fanout   Delay   Delay  Logical Name (Net Name)
    ----------------------------------------  ------------
     IBUF:I->O             9   1.328   1.204  div_frec_IBUF (div_frec_IBUF)
     LUT3:I0->O            2   0.235   0.726  bus_en_ret_bor1 (bus_en_ret_bor)
     LUT6:I5->O            1   0.254   0.000  Inst_Retenedor_Borrado/q_bus_3_rstpot (Inst_Retenedor_Borrado/q_bus_3_rstpot)
     FD:D                      0.074          Inst_Retenedor_Borrado/q_bus_3
    ----------------------------------------
    Total                      3.821ns (1.891ns logic, 1.930ns route)
                                       (49.5% logic, 50.5% route)

=========================================================================
Timing constraint: Default OFFSET OUT AFTER for Clock 'clk'
  Total number of paths / destination ports: 108 / 26
-------------------------------------------------------------------------
Offset:              6.050ns (Levels of Logic = 2)
  Source:            Inst_MaquinaEstados_Borrado/q_bus_FSM_FFd1 (FF)
  Destination:       a_bor<14> (PAD)
  Source Clock:      clk rising

  Data Path: Inst_MaquinaEstados_Borrado/q_bus_FSM_FFd1 to a_bor<14>
                                Gate     Net
    Cell:in->out      fanout   Delay   Delay  Logical Name (Net Name)
    ----------------------------------------  ------------
     FD:C->Q              21   0.525   1.538  Inst_MaquinaEstados_Borrado/q_bus_FSM_FFd1 (Inst_MaquinaEstados_Borrado/q_bus_FSM_FFd1)
     LUT4:I1->O            5   0.235   0.840  Inst_MaquinaEstados_Borrado/Mmux_a_bor131 (Inst_MaquinaEstados_Borrado/Mmux_a_bor13)
     OBUF:I->O                 2.912          a_bor_14_OBUF (a_bor<14>)
    ----------------------------------------
    Total                      6.050ns (3.672ns logic, 2.378ns route)
                                       (60.7% logic, 39.3% route)

=========================================================================

Cross Clock Domains Report:
--------------------------

Clock to Setup on destination clock clk
---------------+---------+---------+---------+---------+
               | Src:Rise| Src:Fall| Src:Rise| Src:Fall|
Source Clock   |Dest:Rise|Dest:Rise|Dest:Fall|Dest:Fall|
---------------+---------+---------+---------+---------+
clk            |    3.247|         |         |         |
---------------+---------+---------+---------+---------+

=========================================================================


Total REAL time to Xst completion: 24.00 secs
Total CPU time to Xst completion: 22.80 secs
 
--> 


Total memory usage is 394404 kilobytes

Number of errors   :    0 (   0 filtered)
Number of warnings :    0 (   0 filtered)
Number of infos    :    0 (   0 filtered)

