Running: /opt/Xilinx/14.7/ISE_DS/ISE/bin/lin64/unwrapped/fuse -intstyle ise -incremental -lib secureip -o /home/pedro/Documents/ISE/Divisor_Frecuencia/Simulacion_isim_beh.exe -prj /home/pedro/Documents/ISE/Divisor_Frecuencia/Simulacion_beh.prj work.Simulacion 
ISim P.20131013 (signature 0xfbc00daa)
Number of CPUs detected in this system: 2
Turning on mult-threading, number of parallel sub-compilation jobs: 4 
Determining compilation order of HDL files
Parsing VHDL file "/home/pedro/Documents/ISE/Divisor_Frecuencia/Div_Freq.vhd" into library work
Parsing VHDL file "/home/pedro/Documents/ISE/Divisor_Frecuencia/Simulacion.vhd" into library work
Starting static elaboration
Completed static elaboration
Fuse Memory Usage: 98072 KB
Fuse CPU Usage: 1960 ms
Compiling package standard
Compiling package std_logic_1164
Compiling package numeric_std
Compiling package std_logic_arith
Compiling package std_logic_unsigned
Compiling architecture behavioral of entity Div_Freq [div_freq_default]
Compiling architecture behavior of entity simulacion
Time Resolution for simulation is 1ps.
Waiting for 3 sub-compilation(s) to finish...
Compiled 8 VHDL Units
Built simulation executable /home/pedro/Documents/ISE/Divisor_Frecuencia/Simulacion_isim_beh.exe
Fuse Memory Usage: 411760 KB
Fuse CPU Usage: 2370 ms
GCC CPU Usage: 8520 ms
