Command line:
   Simulacion_SM_isim_beh.exe
     -simmode  gui
     -simrunnum  0
     -socket  56636

Tue Feb  4 17:43:17 2020


 Elaboration Time: 0.04 sec

 Current Memory Usage: 195.83 Meg

 Total Signals          : 21
 Total Nets             : 40
 Total Signal Drivers   : 11
 Total Blocks           : 3
 Total Primitive Blocks : 2
 Total Processes        : 10
 Total Traceable Variables  : 9
 Total Scalar Nets and Variables : 401
Total Line Count : 44

 Total Simulation Time: 0.06 sec

 Current Memory Usage: 271.331 Meg

Tue Feb  4 17:45:05 2020

