ARM GAS  C:\Users\leonf\AppData\Local\Temp\ccg3rLUR.s 			page 1


   1              		.syntax unified
   2              		.cpu cortex-m3
   3              		.fpu softvfp
   4              		.eabi_attribute 20, 1
   5              		.eabi_attribute 21, 1
   6              		.eabi_attribute 23, 3
   7              		.eabi_attribute 24, 1
   8              		.eabi_attribute 25, 1
   9              		.eabi_attribute 26, 1
  10              		.eabi_attribute 30, 1
  11              		.eabi_attribute 34, 1
  12              		.eabi_attribute 18, 4
  13              		.thumb
  14              		.syntax unified
  15              		.file	"cymetadata.c"
  16              		.text
  17              	.Ltext0:
  18              		.cfi_sections	.debug_frame
  19              		.global	cy_metadata
  20              		.global	cy_meta_flashprotect
  21              		.global	cy_meta_wonvl
  22              		.global	cy_meta_custnvl
  23              		.global	cy_meta_configecc
  24              		.section	.cyconfigecc,"a",%progbits
  25              		.align	2
  26              		.type	cy_meta_configecc, %object
  27              		.size	cy_meta_configecc, 276
  28              	cy_meta_configecc:
  29 0000 02       		.byte	2
  30 0001 52       		.byte	82
  31 0002 00       		.byte	0
  32 0003 40       		.byte	64
  33 0004 02       		.byte	2
  34 0005 5A       		.byte	90
  35 0006 00       		.byte	0
  36 0007 40       		.byte	64
  37 0008 01       		.byte	1
  38 0009 09       		.byte	9
  39 000a 01       		.byte	1
  40 000b 40       		.byte	64
  41 000c 04       		.byte	4
  42 000d 0A       		.byte	10
  43 000e 01       		.byte	1
  44 000f 40       		.byte	64
  45 0010 01       		.byte	1
  46 0011 0B       		.byte	11
  47 0012 01       		.byte	1
  48 0013 40       		.byte	64
  49 0014 04       		.byte	4
  50 0015 15       		.byte	21
  51 0016 01       		.byte	1
  52 0017 40       		.byte	64
  53 0018 01       		.byte	1
  54 0019 17       		.byte	23
  55 001a 01       		.byte	1
  56 001b 40       		.byte	64
  57 001c 01       		.byte	1
ARM GAS  C:\Users\leonf\AppData\Local\Temp\ccg3rLUR.s 			page 2


  58 001d 19       		.byte	25
  59 001e 01       		.byte	1
  60 001f 40       		.byte	64
  61 0020 04       		.byte	4
  62 0021 1B       		.byte	27
  63 0022 01       		.byte	1
  64 0023 40       		.byte	64
  65 0024 02       		.byte	2
  66 0025 42       		.byte	66
  67 0026 01       		.byte	1
  68 0027 40       		.byte	64
  69 0028 01       		.byte	1
  70 0029 43       		.byte	67
  71 002a 01       		.byte	1
  72 002b 40       		.byte	64
  73 002c 02       		.byte	2
  74 002d 44       		.byte	68
  75 002e 01       		.byte	1
  76 002f 40       		.byte	64
  77 0030 03       		.byte	3
  78 0031 45       		.byte	69
  79 0032 01       		.byte	1
  80 0033 40       		.byte	64
  81 0034 04       		.byte	4
  82 0035 46       		.byte	70
  83 0036 01       		.byte	1
  84 0037 40       		.byte	64
  85 0038 04       		.byte	4
  86 0039 47       		.byte	71
  87 003a 01       		.byte	1
  88 003b 40       		.byte	64
  89 003c 05       		.byte	5
  90 003d 48       		.byte	72
  91 003e 01       		.byte	1
  92 003f 40       		.byte	64
  93 0040 11       		.byte	17
  94 0041 49       		.byte	73
  95 0042 01       		.byte	1
  96 0043 40       		.byte	64
  97 0044 0B       		.byte	11
  98 0045 4C       		.byte	76
  99 0046 01       		.byte	1
 100 0047 40       		.byte	64
 101 0048 07       		.byte	7
 102 0049 4D       		.byte	77
 103 004a 01       		.byte	1
 104 004b 40       		.byte	64
 105 004c 01       		.byte	1
 106 004d 51       		.byte	81
 107 004e 01       		.byte	1
 108 004f 40       		.byte	64
 109 0050 60       		.byte	96
 110 0051 01       		.byte	1
 111 0052 64       		.byte	100
 112 0053 03       		.byte	3
 113 0054 1B       		.byte	27
 114 0055 04       		.byte	4
ARM GAS  C:\Users\leonf\AppData\Local\Temp\ccg3rLUR.s 			page 3


 115 0056 1C       		.byte	28
 116 0057 04       		.byte	4
 117 0058 B5       		.byte	-75
 118 0059 02       		.byte	2
 119 005a B8       		.byte	-72
 120 005b 02       		.byte	2
 121 005c BE       		.byte	-66
 122 005d 01       		.byte	1
 123 005e D8       		.byte	-40
 124 005f 04       		.byte	4
 125 0060 DF       		.byte	-33
 126 0061 01       		.byte	1
 127 0062 1D       		.byte	29
 128 0063 02       		.byte	2
 129 0064 E0       		.byte	-32
 130 0065 08       		.byte	8
 131 0066 E4       		.byte	-28
 132 0067 01       		.byte	1
 133 0068 EA       		.byte	-22
 134 0069 05       		.byte	5
 135 006a EC       		.byte	-20
 136 006b 10       		.byte	16
 137 006c E2       		.byte	-30
 138 006d 01       		.byte	1
 139 006e E2       		.byte	-30
 140 006f 01       		.byte	1
 141 0070 E0       		.byte	-32
 142 0071 08       		.byte	8
 143 0072 E4       		.byte	-28
 144 0073 01       		.byte	1
 145 0074 EA       		.byte	-22
 146 0075 05       		.byte	5
 147 0076 EC       		.byte	-20
 148 0077 10       		.byte	16
 149 0078 3E       		.byte	62
 150 0079 10       		.byte	16
 151 007a CE       		.byte	-50
 152 007b 20       		.byte	32
 153 007c 96       		.byte	-106
 154 007d 10       		.byte	16
 155 007e 7C       		.byte	124
 156 007f 01       		.byte	1
 157 0080 DE       		.byte	-34
 158 0081 01       		.byte	1
 159 0082 32       		.byte	50
 160 0083 01       		.byte	1
 161 0084 94       		.byte	-108
 162 0085 01       		.byte	1
 163 0086 CC       		.byte	-52
 164 0087 02       		.byte	2
 165 0088 45       		.byte	69
 166 0089 08       		.byte	8
 167 008a 94       		.byte	-108
 168 008b 01       		.byte	1
 169 008c 96       		.byte	-106
 170 008d 02       		.byte	2
 171 008e D0       		.byte	-48
ARM GAS  C:\Users\leonf\AppData\Local\Temp\ccg3rLUR.s 			page 4


 172 008f 01       		.byte	1
 173 0090 96       		.byte	-106
 174 0091 02       		.byte	2
 175 0092 A5       		.byte	-91
 176 0093 08       		.byte	8
 177 0094 B4       		.byte	-76
 178 0095 01       		.byte	1
 179 0096 EC       		.byte	-20
 180 0097 08       		.byte	8
 181 0098 25       		.byte	37
 182 0099 10       		.byte	16
 183 009a 80       		.byte	-128
 184 009b 08       		.byte	8
 185 009c 96       		.byte	-106
 186 009d 10       		.byte	16
 187 009e C8       		.byte	-56
 188 009f 20       		.byte	32
 189 00a0 E2       		.byte	-30
 190 00a1 80       		.byte	-128
 191 00a2 12       		.byte	18
 192 00a3 20       		.byte	32
 193 00a4 16       		.byte	22
 194 00a5 40       		.byte	64
 195 00a6 70       		.byte	112
 196 00a7 08       		.byte	8
 197 00a8 77       		.byte	119
 198 00a9 10       		.byte	16
 199 00aa 82       		.byte	-126
 200 00ab 20       		.byte	32
 201 00ac 86       		.byte	-122
 202 00ad 40       		.byte	64
 203 00ae 9B       		.byte	-101
 204 00af 10       		.byte	16
 205 00b0 A0       		.byte	-96
 206 00b1 08       		.byte	8
 207 00b2 AA       		.byte	-86
 208 00b3 10       		.byte	16
 209 00b4 AB       		.byte	-85
 210 00b5 10       		.byte	16
 211 00b6 B5       		.byte	-75
 212 00b7 10       		.byte	16
 213 00b8 C4       		.byte	-60
 214 00b9 30       		.byte	48
 215 00ba DC       		.byte	-36
 216 00bb 80       		.byte	-128
 217 00bc DE       		.byte	-34
 218 00bd 20       		.byte	32
 219 00be E0       		.byte	-32
 220 00bf 10       		.byte	16
 221 00c0 E4       		.byte	-28
 222 00c1 80       		.byte	-128
 223 00c2 EA       		.byte	-22
 224 00c3 A0       		.byte	-96
 225 00c4 0A       		.byte	10
 226 00c5 02       		.byte	2
 227 00c6 13       		.byte	19
 228 00c7 28       		.byte	40
ARM GAS  C:\Users\leonf\AppData\Local\Temp\ccg3rLUR.s 			page 5


 229 00c8 17       		.byte	23
 230 00c9 04       		.byte	4
 231 00ca 7B       		.byte	123
 232 00cb 10       		.byte	16
 233 00cc 7F       		.byte	127
 234 00cd 40       		.byte	64
 235 00ce 83       		.byte	-125
 236 00cf 04       		.byte	4
 237 00d0 96       		.byte	-106
 238 00d1 02       		.byte	2
 239 00d2 A5       		.byte	-91
 240 00d3 08       		.byte	8
 241 00d4 C2       		.byte	-62
 242 00d5 02       		.byte	2
 243 00d6 C4       		.byte	-60
 244 00d7 0E       		.byte	14
 245 00d8 DE       		.byte	-34
 246 00d9 03       		.byte	3
 247 00da 83       		.byte	-125
 248 00db 10       		.byte	16
 249 00dc 87       		.byte	-121
 250 00dd 40       		.byte	64
 251 00de 97       		.byte	-105
 252 00df 80       		.byte	-128
 253 00e0 A7       		.byte	-89
 254 00e1 10       		.byte	16
 255 00e2 AB       		.byte	-85
 256 00e3 28       		.byte	40
 257 00e4 B5       		.byte	-75
 258 00e5 08       		.byte	8
 259 00e6 EC       		.byte	-20
 260 00e7 08       		.byte	8
 261 00e8 03       		.byte	3
 262 00e9 C0       		.byte	-64
 263 00ea 00       		.byte	0
 264 00eb 00       		.byte	0
 265 00ec 03       		.byte	3
 266 00ed 00       		.byte	0
 267 00ee 00       		.byte	0
 268 00ef 00       		.byte	0
 269 00f0 03       		.byte	3
 270 00f1 00       		.byte	0
 271 00f2 03       		.byte	3
 272 00f3 00       		.byte	0
 273 00f4 00       		.byte	0
 274 00f5 03       		.byte	3
 275 00f6 00       		.byte	0
 276 00f7 00       		.byte	0
 277 00f8 00       		.byte	0
 278 00f9 02       		.byte	2
 279 00fa 00       		.byte	0
 280 00fb 00       		.byte	0
 281 00fc 00       		.byte	0
 282 00fd 00       		.byte	0
 283 00fe 00       		.byte	0
 284 00ff 00       		.byte	0
 285 0100 40       		.byte	64
ARM GAS  C:\Users\leonf\AppData\Local\Temp\ccg3rLUR.s 			page 6


 286 0101 0B       		.byte	11
 287 0102 0B       		.byte	11
 288 0103 00       		.byte	0
 289 0104 00       		.byte	0
 290 0105 00       		.byte	0
 291 0106 04       		.byte	4
 292 0107 00       		.byte	0
 293 0108 00       		.byte	0
 294 0109 00       		.byte	0
 295 010a 00       		.byte	0
 296 010b 00       		.byte	0
 297 010c 00       		.byte	0
 298 010d 00       		.byte	0
 299 010e 49       		.byte	73
 300 010f 00       		.byte	0
 301 0110 07       		.byte	7
 302 0111 00       		.byte	0
 303 0112 18       		.byte	24
 304 0113 01       		.byte	1
 305              		.section	.cywolatch,"a",%progbits
 306              		.align	2
 307              		.type	cy_meta_wonvl, %object
 308              		.size	cy_meta_wonvl, 4
 309              	cy_meta_wonvl:
 310 0000 BC       		.byte	-68
 311 0001 90       		.byte	-112
 312 0002 AC       		.byte	-84
 313 0003 AF       		.byte	-81
 314              		.section	.cycustnvl,"a",%progbits
 315              		.align	2
 316              		.type	cy_meta_custnvl, %object
 317              		.size	cy_meta_custnvl, 4
 318              	cy_meta_custnvl:
 319 0000 00       		.byte	0
 320 0001 00       		.byte	0
 321 0002 40       		.byte	64
 322 0003 05       		.byte	5
 323              		.section	.cymeta,"a",%progbits
 324              		.align	2
 325              		.type	cy_metadata, %object
 326              		.size	cy_metadata, 12
 327              	cy_metadata:
 328 0000 00       		.byte	0
 329 0001 01       		.byte	1
 330 0002 2E       		.byte	46
 331 0003 16       		.byte	22
 332 0004 10       		.byte	16
 333 0005 69       		.byte	105
 334 0006 00       		.byte	0
 335 0007 01       		.byte	1
 336 0008 00       		.byte	0
 337 0009 00       		.byte	0
 338 000a 00       		.byte	0
 339 000b 00       		.byte	0
 340              		.section	.cyflashprotect,"a",%progbits
 341              		.align	2
 342              		.type	cy_meta_flashprotect, %object
ARM GAS  C:\Users\leonf\AppData\Local\Temp\ccg3rLUR.s 			page 7


 343              		.size	cy_meta_flashprotect, 256
 344              	cy_meta_flashprotect:
 345 0000 00000000 		.space	256
 345      00000000 
 345      00000000 
 345      00000000 
 345      00000000 
 346              		.text
 347              	.Letext0:
 348              		.file 1 "c:\\program files (x86)\\cypress\\psoc creator\\4.2\\psoc creator\\import\\gnu\\arm\\5.4.
 349              		.file 2 "c:\\program files (x86)\\cypress\\psoc creator\\4.2\\psoc creator\\import\\gnu\\arm\\5.4.
 350              		.file 3 "Generated_Source\\PSoC5\\cymetadata.c"
 351              		.section	.debug_info,"",%progbits
 352              	.Ldebug_info0:
 353 0000 31010000 		.4byte	0x131
 354 0004 0400     		.2byte	0x4
 355 0006 00000000 		.4byte	.Ldebug_abbrev0
 356 000a 04       		.byte	0x4
 357 000b 01       		.uleb128 0x1
 358 000c 24000000 		.4byte	.LASF17
 359 0010 0C       		.byte	0xc
 360 0011 FD010000 		.4byte	.LASF18
 361 0015 B2000000 		.4byte	.LASF19
 362 0019 00000000 		.4byte	.Ldebug_line0
 363 001d 02       		.uleb128 0x2
 364 001e 01       		.byte	0x1
 365 001f 06       		.byte	0x6
 366 0020 F1010000 		.4byte	.LASF0
 367 0024 03       		.uleb128 0x3
 368 0025 00000000 		.4byte	.LASF9
 369 0029 01       		.byte	0x1
 370 002a 1D       		.byte	0x1d
 371 002b 2F000000 		.4byte	0x2f
 372 002f 02       		.uleb128 0x2
 373 0030 01       		.byte	0x1
 374 0031 08       		.byte	0x8
 375 0032 16000000 		.4byte	.LASF1
 376 0036 02       		.uleb128 0x2
 377 0037 02       		.byte	0x2
 378 0038 05       		.byte	0x5
 379 0039 DE010000 		.4byte	.LASF2
 380 003d 02       		.uleb128 0x2
 381 003e 02       		.byte	0x2
 382 003f 07       		.byte	0x7
 383 0040 43010000 		.4byte	.LASF3
 384 0044 02       		.uleb128 0x2
 385 0045 04       		.byte	0x4
 386 0046 05       		.byte	0x5
 387 0047 E8010000 		.4byte	.LASF4
 388 004b 02       		.uleb128 0x2
 389 004c 04       		.byte	0x4
 390 004d 07       		.byte	0x7
 391 004e 31010000 		.4byte	.LASF5
 392 0052 02       		.uleb128 0x2
 393 0053 08       		.byte	0x8
 394 0054 05       		.byte	0x5
 395 0055 D0010000 		.4byte	.LASF6
ARM GAS  C:\Users\leonf\AppData\Local\Temp\ccg3rLUR.s 			page 8


 396 0059 02       		.uleb128 0x2
 397 005a 08       		.byte	0x8
 398 005b 07       		.byte	0x7
 399 005c 85010000 		.4byte	.LASF7
 400 0060 04       		.uleb128 0x4
 401 0061 04       		.byte	0x4
 402 0062 05       		.byte	0x5
 403 0063 696E7400 		.ascii	"int\000"
 404 0067 02       		.uleb128 0x2
 405 0068 04       		.byte	0x4
 406 0069 07       		.byte	0x7
 407 006a 78010000 		.4byte	.LASF8
 408 006e 03       		.uleb128 0x3
 409 006f 9C010000 		.4byte	.LASF10
 410 0073 02       		.byte	0x2
 411 0074 18       		.byte	0x18
 412 0075 24000000 		.4byte	0x24
 413 0079 05       		.uleb128 0x5
 414 007a 91000000 		.4byte	0x91
 415 007e 8A000000 		.4byte	0x8a
 416 0082 06       		.uleb128 0x6
 417 0083 8A000000 		.4byte	0x8a
 418 0087 1301     		.2byte	0x113
 419 0089 00       		.byte	0
 420 008a 02       		.uleb128 0x2
 421 008b 04       		.byte	0x4
 422 008c 07       		.byte	0x7
 423 008d C7010000 		.4byte	.LASF11
 424 0091 07       		.uleb128 0x7
 425 0092 6E000000 		.4byte	0x6e
 426 0096 08       		.uleb128 0x8
 427 0097 66010000 		.4byte	.LASF12
 428 009b 03       		.byte	0x3
 429 009c 1F       		.byte	0x1f
 430 009d A7000000 		.4byte	0xa7
 431 00a1 05       		.uleb128 0x5
 432 00a2 03       		.byte	0x3
 433 00a3 00000000 		.4byte	cy_meta_configecc
 434 00a7 07       		.uleb128 0x7
 435 00a8 79000000 		.4byte	0x79
 436 00ac 05       		.uleb128 0x5
 437 00ad 91000000 		.4byte	0x91
 438 00b1 BC000000 		.4byte	0xbc
 439 00b5 09       		.uleb128 0x9
 440 00b6 8A000000 		.4byte	0x8a
 441 00ba 03       		.byte	0x3
 442 00bb 00       		.byte	0
 443 00bc 08       		.uleb128 0x8
 444 00bd 56010000 		.4byte	.LASF13
 445 00c1 03       		.byte	0x3
 446 00c2 4F       		.byte	0x4f
 447 00c3 CD000000 		.4byte	0xcd
 448 00c7 05       		.uleb128 0x5
 449 00c8 03       		.byte	0x3
 450 00c9 00000000 		.4byte	cy_meta_custnvl
 451 00cd 07       		.uleb128 0x7
 452 00ce AC000000 		.4byte	0xac
ARM GAS  C:\Users\leonf\AppData\Local\Temp\ccg3rLUR.s 			page 9


 453 00d2 08       		.uleb128 0x8
 454 00d3 B9010000 		.4byte	.LASF14
 455 00d7 03       		.byte	0x3
 456 00d8 5D       		.byte	0x5d
 457 00d9 E3000000 		.4byte	0xe3
 458 00dd 05       		.uleb128 0x5
 459 00de 03       		.byte	0x3
 460 00df 00000000 		.4byte	cy_meta_wonvl
 461 00e3 07       		.uleb128 0x7
 462 00e4 AC000000 		.4byte	0xac
 463 00e8 05       		.uleb128 0x5
 464 00e9 91000000 		.4byte	0x91
 465 00ed F8000000 		.4byte	0xf8
 466 00f1 09       		.uleb128 0x9
 467 00f2 8A000000 		.4byte	0x8a
 468 00f6 FF       		.byte	0xff
 469 00f7 00       		.byte	0
 470 00f8 08       		.uleb128 0x8
 471 00f9 A4010000 		.4byte	.LASF15
 472 00fd 03       		.byte	0x3
 473 00fe 6B       		.byte	0x6b
 474 00ff 09010000 		.4byte	0x109
 475 0103 05       		.uleb128 0x5
 476 0104 03       		.byte	0x3
 477 0105 00000000 		.4byte	cy_meta_flashprotect
 478 0109 07       		.uleb128 0x7
 479 010a E8000000 		.4byte	0xe8
 480 010e 05       		.uleb128 0x5
 481 010f 91000000 		.4byte	0x91
 482 0113 1E010000 		.4byte	0x11e
 483 0117 09       		.uleb128 0x9
 484 0118 8A000000 		.4byte	0x8a
 485 011c 0B       		.byte	0xb
 486 011d 00       		.byte	0
 487 011e 08       		.uleb128 0x8
 488 011f 0A000000 		.4byte	.LASF16
 489 0123 03       		.byte	0x3
 490 0124 98       		.byte	0x98
 491 0125 2F010000 		.4byte	0x12f
 492 0129 05       		.uleb128 0x5
 493 012a 03       		.byte	0x3
 494 012b 00000000 		.4byte	cy_metadata
 495 012f 07       		.uleb128 0x7
 496 0130 0E010000 		.4byte	0x10e
 497 0134 00       		.byte	0
 498              		.section	.debug_abbrev,"",%progbits
 499              	.Ldebug_abbrev0:
 500 0000 01       		.uleb128 0x1
 501 0001 11       		.uleb128 0x11
 502 0002 01       		.byte	0x1
 503 0003 25       		.uleb128 0x25
 504 0004 0E       		.uleb128 0xe
 505 0005 13       		.uleb128 0x13
 506 0006 0B       		.uleb128 0xb
 507 0007 03       		.uleb128 0x3
 508 0008 0E       		.uleb128 0xe
 509 0009 1B       		.uleb128 0x1b
ARM GAS  C:\Users\leonf\AppData\Local\Temp\ccg3rLUR.s 			page 10


 510 000a 0E       		.uleb128 0xe
 511 000b 10       		.uleb128 0x10
 512 000c 17       		.uleb128 0x17
 513 000d 00       		.byte	0
 514 000e 00       		.byte	0
 515 000f 02       		.uleb128 0x2
 516 0010 24       		.uleb128 0x24
 517 0011 00       		.byte	0
 518 0012 0B       		.uleb128 0xb
 519 0013 0B       		.uleb128 0xb
 520 0014 3E       		.uleb128 0x3e
 521 0015 0B       		.uleb128 0xb
 522 0016 03       		.uleb128 0x3
 523 0017 0E       		.uleb128 0xe
 524 0018 00       		.byte	0
 525 0019 00       		.byte	0
 526 001a 03       		.uleb128 0x3
 527 001b 16       		.uleb128 0x16
 528 001c 00       		.byte	0
 529 001d 03       		.uleb128 0x3
 530 001e 0E       		.uleb128 0xe
 531 001f 3A       		.uleb128 0x3a
 532 0020 0B       		.uleb128 0xb
 533 0021 3B       		.uleb128 0x3b
 534 0022 0B       		.uleb128 0xb
 535 0023 49       		.uleb128 0x49
 536 0024 13       		.uleb128 0x13
 537 0025 00       		.byte	0
 538 0026 00       		.byte	0
 539 0027 04       		.uleb128 0x4
 540 0028 24       		.uleb128 0x24
 541 0029 00       		.byte	0
 542 002a 0B       		.uleb128 0xb
 543 002b 0B       		.uleb128 0xb
 544 002c 3E       		.uleb128 0x3e
 545 002d 0B       		.uleb128 0xb
 546 002e 03       		.uleb128 0x3
 547 002f 08       		.uleb128 0x8
 548 0030 00       		.byte	0
 549 0031 00       		.byte	0
 550 0032 05       		.uleb128 0x5
 551 0033 01       		.uleb128 0x1
 552 0034 01       		.byte	0x1
 553 0035 49       		.uleb128 0x49
 554 0036 13       		.uleb128 0x13
 555 0037 01       		.uleb128 0x1
 556 0038 13       		.uleb128 0x13
 557 0039 00       		.byte	0
 558 003a 00       		.byte	0
 559 003b 06       		.uleb128 0x6
 560 003c 21       		.uleb128 0x21
 561 003d 00       		.byte	0
 562 003e 49       		.uleb128 0x49
 563 003f 13       		.uleb128 0x13
 564 0040 2F       		.uleb128 0x2f
 565 0041 05       		.uleb128 0x5
 566 0042 00       		.byte	0
ARM GAS  C:\Users\leonf\AppData\Local\Temp\ccg3rLUR.s 			page 11


 567 0043 00       		.byte	0
 568 0044 07       		.uleb128 0x7
 569 0045 26       		.uleb128 0x26
 570 0046 00       		.byte	0
 571 0047 49       		.uleb128 0x49
 572 0048 13       		.uleb128 0x13
 573 0049 00       		.byte	0
 574 004a 00       		.byte	0
 575 004b 08       		.uleb128 0x8
 576 004c 34       		.uleb128 0x34
 577 004d 00       		.byte	0
 578 004e 03       		.uleb128 0x3
 579 004f 0E       		.uleb128 0xe
 580 0050 3A       		.uleb128 0x3a
 581 0051 0B       		.uleb128 0xb
 582 0052 3B       		.uleb128 0x3b
 583 0053 0B       		.uleb128 0xb
 584 0054 49       		.uleb128 0x49
 585 0055 13       		.uleb128 0x13
 586 0056 3F       		.uleb128 0x3f
 587 0057 19       		.uleb128 0x19
 588 0058 02       		.uleb128 0x2
 589 0059 18       		.uleb128 0x18
 590 005a 00       		.byte	0
 591 005b 00       		.byte	0
 592 005c 09       		.uleb128 0x9
 593 005d 21       		.uleb128 0x21
 594 005e 00       		.byte	0
 595 005f 49       		.uleb128 0x49
 596 0060 13       		.uleb128 0x13
 597 0061 2F       		.uleb128 0x2f
 598 0062 0B       		.uleb128 0xb
 599 0063 00       		.byte	0
 600 0064 00       		.byte	0
 601 0065 00       		.byte	0
 602              		.section	.debug_aranges,"",%progbits
 603 0000 14000000 		.4byte	0x14
 604 0004 0200     		.2byte	0x2
 605 0006 00000000 		.4byte	.Ldebug_info0
 606 000a 04       		.byte	0x4
 607 000b 00       		.byte	0
 608 000c 0000     		.2byte	0
 609 000e 0000     		.2byte	0
 610 0010 00000000 		.4byte	0
 611 0014 00000000 		.4byte	0
 612              		.section	.debug_line,"",%progbits
 613              	.Ldebug_line0:
 614 0000 3D010000 		.section	.debug_str,"MS",%progbits,1
 614      02003701 
 614      00000201 
 614      FB0E0D00 
 614      01010101 
 615              	.LASF9:
 616 0000 5F5F7569 		.ascii	"__uint8_t\000"
 616      6E74385F 
 616      7400
 617              	.LASF16:
ARM GAS  C:\Users\leonf\AppData\Local\Temp\ccg3rLUR.s 			page 12


 618 000a 63795F6D 		.ascii	"cy_metadata\000"
 618      65746164 
 618      61746100 
 619              	.LASF1:
 620 0016 756E7369 		.ascii	"unsigned char\000"
 620      676E6564 
 620      20636861 
 620      7200
 621              	.LASF17:
 622 0024 474E5520 		.ascii	"GNU C11 5.4.1 20160609 (release) [ARM/embedded-5-br"
 622      43313120 
 622      352E342E 
 622      31203230 
 622      31363036 
 623 0057 616E6368 		.ascii	"anch revision 237715] -mcpu=cortex-m3 -mthumb -g -O"
 623      20726576 
 623      6973696F 
 623      6E203233 
 623      37373135 
 624 008a 67202D66 		.ascii	"g -ffunction-sections -ffat-lto-objects\000"
 624      66756E63 
 624      74696F6E 
 624      2D736563 
 624      74696F6E 
 625              	.LASF19:
 626 00b2 433A5C55 		.ascii	"C:\\Users\\leonf\\OneDrive\\Desktop\\Proyecto Racim"
 626      73657273 
 626      5C6C656F 
 626      6E665C4F 
 626      6E654472 
 627 00e0 6F205374 		.ascii	"o Storm\\Documentacion nueva version\\Codigos y dat"
 627      6F726D5C 
 627      446F6375 
 627      6D656E74 
 627      6163696F 
 628 0111 6F735C70 		.ascii	"os\\psoc\\PSOC_Racimo_Storm.cydsn\000"
 628      736F635C 
 628      50534F43 
 628      5F526163 
 628      696D6F5F 
 629              	.LASF5:
 630 0131 6C6F6E67 		.ascii	"long unsigned int\000"
 630      20756E73 
 630      69676E65 
 630      6420696E 
 630      7400
 631              	.LASF3:
 632 0143 73686F72 		.ascii	"short unsigned int\000"
 632      7420756E 
 632      7369676E 
 632      65642069 
 632      6E7400
 633              	.LASF13:
 634 0156 63795F6D 		.ascii	"cy_meta_custnvl\000"
 634      6574615F 
 634      63757374 
 634      6E766C00 
ARM GAS  C:\Users\leonf\AppData\Local\Temp\ccg3rLUR.s 			page 13


 635              	.LASF12:
 636 0166 63795F6D 		.ascii	"cy_meta_configecc\000"
 636      6574615F 
 636      636F6E66 
 636      69676563 
 636      6300
 637              	.LASF8:
 638 0178 756E7369 		.ascii	"unsigned int\000"
 638      676E6564 
 638      20696E74 
 638      00
 639              	.LASF7:
 640 0185 6C6F6E67 		.ascii	"long long unsigned int\000"
 640      206C6F6E 
 640      6720756E 
 640      7369676E 
 640      65642069 
 641              	.LASF10:
 642 019c 75696E74 		.ascii	"uint8_t\000"
 642      385F7400 
 643              	.LASF15:
 644 01a4 63795F6D 		.ascii	"cy_meta_flashprotect\000"
 644      6574615F 
 644      666C6173 
 644      6870726F 
 644      74656374 
 645              	.LASF14:
 646 01b9 63795F6D 		.ascii	"cy_meta_wonvl\000"
 646      6574615F 
 646      776F6E76 
 646      6C00
 647              	.LASF11:
 648 01c7 73697A65 		.ascii	"sizetype\000"
 648      74797065 
 648      00
 649              	.LASF6:
 650 01d0 6C6F6E67 		.ascii	"long long int\000"
 650      206C6F6E 
 650      6720696E 
 650      7400
 651              	.LASF2:
 652 01de 73686F72 		.ascii	"short int\000"
 652      7420696E 
 652      7400
 653              	.LASF4:
 654 01e8 6C6F6E67 		.ascii	"long int\000"
 654      20696E74 
 654      00
 655              	.LASF0:
 656 01f1 7369676E 		.ascii	"signed char\000"
 656      65642063 
 656      68617200 
 657              	.LASF18:
 658 01fd 47656E65 		.ascii	"Generated_Source\\PSoC5\\cymetadata.c\000"
 658      72617465 
 658      645F536F 
 658      75726365 
ARM GAS  C:\Users\leonf\AppData\Local\Temp\ccg3rLUR.s 			page 14


 658      5C50536F 
 659              		.ident	"GCC: (GNU Tools for ARM Embedded Processors) 5.4.1 20160609 (release) [ARM/embedded-5-bran
