ARM GAS  C:\Users\leonf\AppData\Local\Temp\ccxEMCj8.s 			page 1


   1              		.syntax unified
   2              		.cpu cortex-m3
   3              		.fpu softvfp
   4              		.eabi_attribute 20, 1
   5              		.eabi_attribute 21, 1
   6              		.eabi_attribute 23, 3
   7              		.eabi_attribute 24, 1
   8              		.eabi_attribute 25, 1
   9              		.eabi_attribute 26, 1
  10              		.eabi_attribute 30, 1
  11              		.eabi_attribute 34, 1
  12              		.eabi_attribute 18, 4
  13              		.thumb
  14              		.syntax unified
  15              		.file	"main.c"
  16              		.text
  17              	.Ltext0:
  18              		.cfi_sections	.debug_frame
  19              		.section	.text.main,"ax",%progbits
  20              		.align	2
  21              		.global	main
  22              		.thumb
  23              		.thumb_func
  24              		.type	main, %function
  25              	main:
  26              	.LFB63:
  27              		.file 1 "main.c"
   1:main.c        **** /* ========================================
   2:main.c        ****  *
   3:main.c        ****  * Copyright YOUR COMPANY, THE YEAR
   4:main.c        ****  * All Rights Reserved
   5:main.c        ****  * UNPUBLISHED, LICENSED SOFTWARE.
   6:main.c        ****  *
   7:main.c        ****  * CONFIDENTIAL AND PROPRIETARY INFORMATION
   8:main.c        ****  * WHICH IS THE PROPERTY OF your company.
   9:main.c        ****  *
  10:main.c        ****  * ========================================
  11:main.c        **** */
  12:main.c        **** #include "project.h"
  13:main.c        **** int main(void)
  14:main.c        **** {
  28              		.loc 1 14 0
  29              		.cfi_startproc
  30              		@ args = 0, pretend = 0, frame = 8
  31              		@ frame_needed = 0, uses_anonymous_args = 0
  32 0000 10B5     		push	{r4, lr}
  33              		.cfi_def_cfa_offset 8
  34              		.cfi_offset 4, -8
  35              		.cfi_offset 14, -4
  36 0002 82B0     		sub	sp, sp, #8
  37              		.cfi_def_cfa_offset 16
  15:main.c        ****     CyGlobalIntEnable; /* Enable global interrupts. */
  38              		.loc 1 15 0
  39              		.syntax unified
  40              	@ 15 "main.c" 1
  41 0004 62B6     		CPSIE   i
  42              	@ 0 "" 2
ARM GAS  C:\Users\leonf\AppData\Local\Temp\ccxEMCj8.s 			page 2


  16:main.c        ****     uint8  myBuffer[4];
  17:main.c        ****     int32 Vret;
  18:main.c        ****     /* Place your initialization/startup code here (e.g. MyInst_Start()) */
  19:main.c        ****     Mixer_Start();
  43              		.loc 1 19 0
  44              		.thumb
  45              		.syntax unified
  46 0006 FFF7FEFF 		bl	Mixer_Start
  47              	.LVL0:
  20:main.c        ****     Mixer_SetPower(Mixer_MEDPOWER);
  48              		.loc 1 20 0
  49 000a 0220     		movs	r0, #2
  50 000c FFF7FEFF 		bl	Mixer_SetPower
  51              	.LVL1:
  21:main.c        ****     ADC_Start();
  52              		.loc 1 21 0
  53 0010 FFF7FEFF 		bl	ADC_Start
  54              	.LVL2:
  22:main.c        ****     EZI2C_Start();
  55              		.loc 1 22 0
  56 0014 FFF7FEFF 		bl	EZI2C_Start
  57              	.LVL3:
  23:main.c        ****     EZI2C_SetAddress1(0x60);
  58              		.loc 1 23 0
  59 0018 6020     		movs	r0, #96
  60 001a FFF7FEFF 		bl	EZI2C_SetAddress1
  61              	.LVL4:
  62              	.L2:
  24:main.c        ****     
  25:main.c        ****     
  26:main.c        ****     for(;;)
  27:main.c        ****     {
  28:main.c        ****         ADC_StartConvert();
  63              		.loc 1 28 0 discriminator 1
  64 001e FFF7FEFF 		bl	ADC_StartConvert
  65              	.LVL5:
  29:main.c        ****         ADC_IsEndConversion(ADC_WAIT_FOR_RESULT);
  66              		.loc 1 29 0 discriminator 1
  67 0022 0020     		movs	r0, #0
  68 0024 FFF7FEFF 		bl	ADC_IsEndConversion
  69              	.LVL6:
  30:main.c        ****         Vret = ADC_GetResult32();
  70              		.loc 1 30 0 discriminator 1
  71 0028 FFF7FEFF 		bl	ADC_GetResult32
  72              	.LVL7:
  73 002c 0446     		mov	r4, r0
  74              	.LVL8:
  31:main.c        ****         ADC_StopConvert();
  75              		.loc 1 31 0 discriminator 1
  76 002e FFF7FEFF 		bl	ADC_StopConvert
  77              	.LVL9:
  32:main.c        ****         myBuffer[0] = (Vret >> 24) & 0xff;
  78              		.loc 1 32 0 discriminator 1
  79 0032 230E     		lsrs	r3, r4, #24
  80 0034 8DF80430 		strb	r3, [sp, #4]
  33:main.c        ****         myBuffer[1] = (Vret >> 16) & 0xff;
  81              		.loc 1 33 0 discriminator 1
ARM GAS  C:\Users\leonf\AppData\Local\Temp\ccxEMCj8.s 			page 3


  82 0038 2314     		asrs	r3, r4, #16
  83 003a 8DF80530 		strb	r3, [sp, #5]
  34:main.c        ****         myBuffer[2] = (Vret >> 8) & 0xff;
  84              		.loc 1 34 0 discriminator 1
  85 003e 2312     		asrs	r3, r4, #8
  86 0040 8DF80630 		strb	r3, [sp, #6]
  35:main.c        ****         myBuffer[3] = (Vret >> 0) & 0xff;
  87              		.loc 1 35 0 discriminator 1
  88 0044 8DF80740 		strb	r4, [sp, #7]
  36:main.c        ****         EZI2C_SetBuffer1(4,4,myBuffer);
  89              		.loc 1 36 0 discriminator 1
  90 0048 01AA     		add	r2, sp, #4
  91 004a 0421     		movs	r1, #4
  92 004c 0846     		mov	r0, r1
  93 004e FFF7FEFF 		bl	EZI2C_SetBuffer1
  94              	.LVL10:
  37:main.c        ****         CyDelay(100);
  95              		.loc 1 37 0 discriminator 1
  96 0052 6420     		movs	r0, #100
  97 0054 FFF7FEFF 		bl	CyDelay
  98              	.LVL11:
  99 0058 E1E7     		b	.L2
 100              		.cfi_endproc
 101              	.LFE63:
 102              		.size	main, .-main
 103 005a 00BF     		.text
 104              	.Letext0:
 105              		.file 2 "c:\\program files (x86)\\cypress\\psoc creator\\4.2\\psoc creator\\import\\gnu\\arm\\5.4.
 106              		.file 3 "c:\\program files (x86)\\cypress\\psoc creator\\4.2\\psoc creator\\import\\gnu\\arm\\5.4.
 107              		.file 4 "Generated_Source\\PSoC5/cytypes.h"
 108              		.file 5 "Generated_Source\\PSoC5/Mixer.h"
 109              		.file 6 "Generated_Source\\PSoC5/ADC.h"
 110              		.file 7 "Generated_Source\\PSoC5/EZI2C.h"
 111              		.file 8 "Generated_Source\\PSoC5/CyLib.h"
 112              		.file 9 "Generated_Source\\PSoC5/core_cm3.h"
 113              		.section	.debug_info,"",%progbits
 114              	.Ldebug_info0:
 115 0000 28020000 		.4byte	0x228
 116 0004 0400     		.2byte	0x4
 117 0006 00000000 		.4byte	.Ldebug_abbrev0
 118 000a 04       		.byte	0x4
 119 000b 01       		.uleb128 0x1
 120 000c 52000000 		.4byte	.LASF31
 121 0010 0C       		.byte	0xc
 122 0011 38020000 		.4byte	.LASF32
 123 0015 F1000000 		.4byte	.LASF33
 124 0019 00000000 		.4byte	.Ldebug_ranges0+0
 125 001d 00000000 		.4byte	0
 126 0021 00000000 		.4byte	.Ldebug_line0
 127 0025 02       		.uleb128 0x2
 128 0026 01       		.byte	0x1
 129 0027 06       		.byte	0x6
 130 0028 7E020000 		.4byte	.LASF0
 131 002c 02       		.uleb128 0x2
 132 002d 01       		.byte	0x1
 133 002e 08       		.byte	0x8
 134 002f 44000000 		.4byte	.LASF1
ARM GAS  C:\Users\leonf\AppData\Local\Temp\ccxEMCj8.s 			page 4


 135 0033 02       		.uleb128 0x2
 136 0034 02       		.byte	0x2
 137 0035 05       		.byte	0x5
 138 0036 44020000 		.4byte	.LASF2
 139 003a 02       		.uleb128 0x2
 140 003b 02       		.byte	0x2
 141 003c 07       		.byte	0x7
 142 003d 1C000000 		.4byte	.LASF3
 143 0041 03       		.uleb128 0x3
 144 0042 12000000 		.4byte	.LASF9
 145 0046 02       		.byte	0x2
 146 0047 3F       		.byte	0x3f
 147 0048 4C000000 		.4byte	0x4c
 148 004c 02       		.uleb128 0x2
 149 004d 04       		.byte	0x4
 150 004e 05       		.byte	0x5
 151 004f 69020000 		.4byte	.LASF4
 152 0053 02       		.uleb128 0x2
 153 0054 04       		.byte	0x4
 154 0055 07       		.byte	0x7
 155 0056 BC010000 		.4byte	.LASF5
 156 005a 02       		.uleb128 0x2
 157 005b 08       		.byte	0x8
 158 005c 05       		.byte	0x5
 159 005d 2A020000 		.4byte	.LASF6
 160 0061 02       		.uleb128 0x2
 161 0062 08       		.byte	0x8
 162 0063 07       		.byte	0x7
 163 0064 F1010000 		.4byte	.LASF7
 164 0068 04       		.uleb128 0x4
 165 0069 04       		.byte	0x4
 166 006a 05       		.byte	0x5
 167 006b 696E7400 		.ascii	"int\000"
 168 006f 02       		.uleb128 0x2
 169 0070 04       		.byte	0x4
 170 0071 07       		.byte	0x7
 171 0072 E4010000 		.4byte	.LASF8
 172 0076 03       		.uleb128 0x3
 173 0077 19020000 		.4byte	.LASF10
 174 007b 03       		.byte	0x3
 175 007c 2C       		.byte	0x2c
 176 007d 41000000 		.4byte	0x41
 177 0081 05       		.uleb128 0x5
 178 0082 3E000000 		.4byte	.LASF11
 179 0086 04       		.byte	0x4
 180 0087 E401     		.2byte	0x1e4
 181 0089 2C000000 		.4byte	0x2c
 182 008d 05       		.uleb128 0x5
 183 008e 84010000 		.4byte	.LASF12
 184 0092 04       		.byte	0x4
 185 0093 E901     		.2byte	0x1e9
 186 0095 4C000000 		.4byte	0x4c
 187 0099 02       		.uleb128 0x2
 188 009a 04       		.byte	0x4
 189 009b 04       		.byte	0x4
 190 009c 38000000 		.4byte	.LASF13
 191 00a0 02       		.uleb128 0x2
ARM GAS  C:\Users\leonf\AppData\Local\Temp\ccxEMCj8.s 			page 5


 192 00a1 08       		.byte	0x8
 193 00a2 04       		.byte	0x4
 194 00a3 12020000 		.4byte	.LASF14
 195 00a7 02       		.uleb128 0x2
 196 00a8 01       		.byte	0x1
 197 00a9 08       		.byte	0x8
 198 00aa 3F020000 		.4byte	.LASF15
 199 00ae 02       		.uleb128 0x2
 200 00af 08       		.byte	0x8
 201 00b0 04       		.byte	0x4
 202 00b1 72020000 		.4byte	.LASF16
 203 00b5 02       		.uleb128 0x2
 204 00b6 04       		.byte	0x4
 205 00b7 07       		.byte	0x7
 206 00b8 21020000 		.4byte	.LASF17
 207 00bc 06       		.uleb128 0x6
 208 00bd CE010000 		.4byte	.LASF34
 209 00c1 01       		.byte	0x1
 210 00c2 0D       		.byte	0xd
 211 00c3 68000000 		.4byte	0x68
 212 00c7 00000000 		.4byte	.LFB63
 213 00cb 5A000000 		.4byte	.LFE63-.LFB63
 214 00cf 01       		.uleb128 0x1
 215 00d0 9C       		.byte	0x9c
 216 00d1 91010000 		.4byte	0x191
 217 00d5 07       		.uleb128 0x7
 218 00d6 2F000000 		.4byte	.LASF18
 219 00da 01       		.byte	0x1
 220 00db 10       		.byte	0x10
 221 00dc 91010000 		.4byte	0x191
 222 00e0 02       		.uleb128 0x2
 223 00e1 91       		.byte	0x91
 224 00e2 74       		.sleb128 -12
 225 00e3 08       		.uleb128 0x8
 226 00e4 B7010000 		.4byte	.LASF19
 227 00e8 01       		.byte	0x1
 228 00e9 11       		.byte	0x11
 229 00ea 8D000000 		.4byte	0x8d
 230 00ee 00000000 		.4byte	.LLST0
 231 00f2 09       		.uleb128 0x9
 232 00f3 0A000000 		.4byte	.LVL0
 233 00f7 B2010000 		.4byte	0x1b2
 234 00fb 0A       		.uleb128 0xa
 235 00fc 10000000 		.4byte	.LVL1
 236 0100 BD010000 		.4byte	0x1bd
 237 0104 0E010000 		.4byte	0x10e
 238 0108 0B       		.uleb128 0xb
 239 0109 01       		.uleb128 0x1
 240 010a 50       		.byte	0x50
 241 010b 01       		.uleb128 0x1
 242 010c 32       		.byte	0x32
 243 010d 00       		.byte	0
 244 010e 09       		.uleb128 0x9
 245 010f 14000000 		.4byte	.LVL2
 246 0113 C8010000 		.4byte	0x1c8
 247 0117 09       		.uleb128 0x9
 248 0118 18000000 		.4byte	.LVL3
ARM GAS  C:\Users\leonf\AppData\Local\Temp\ccxEMCj8.s 			page 6


 249 011c D3010000 		.4byte	0x1d3
 250 0120 0A       		.uleb128 0xa
 251 0121 1E000000 		.4byte	.LVL4
 252 0125 DE010000 		.4byte	0x1de
 253 0129 34010000 		.4byte	0x134
 254 012d 0B       		.uleb128 0xb
 255 012e 01       		.uleb128 0x1
 256 012f 50       		.byte	0x50
 257 0130 02       		.uleb128 0x2
 258 0131 08       		.byte	0x8
 259 0132 60       		.byte	0x60
 260 0133 00       		.byte	0
 261 0134 09       		.uleb128 0x9
 262 0135 22000000 		.4byte	.LVL5
 263 0139 E9010000 		.4byte	0x1e9
 264 013d 0A       		.uleb128 0xa
 265 013e 28000000 		.4byte	.LVL6
 266 0142 F4010000 		.4byte	0x1f4
 267 0146 50010000 		.4byte	0x150
 268 014a 0B       		.uleb128 0xb
 269 014b 01       		.uleb128 0x1
 270 014c 50       		.byte	0x50
 271 014d 01       		.uleb128 0x1
 272 014e 30       		.byte	0x30
 273 014f 00       		.byte	0
 274 0150 09       		.uleb128 0x9
 275 0151 2C000000 		.4byte	.LVL7
 276 0155 FF010000 		.4byte	0x1ff
 277 0159 09       		.uleb128 0x9
 278 015a 32000000 		.4byte	.LVL9
 279 015e 0A020000 		.4byte	0x20a
 280 0162 0A       		.uleb128 0xa
 281 0163 52000000 		.4byte	.LVL10
 282 0167 15020000 		.4byte	0x215
 283 016b 80010000 		.4byte	0x180
 284 016f 0B       		.uleb128 0xb
 285 0170 01       		.uleb128 0x1
 286 0171 50       		.byte	0x50
 287 0172 01       		.uleb128 0x1
 288 0173 34       		.byte	0x34
 289 0174 0B       		.uleb128 0xb
 290 0175 01       		.uleb128 0x1
 291 0176 51       		.byte	0x51
 292 0177 01       		.uleb128 0x1
 293 0178 34       		.byte	0x34
 294 0179 0B       		.uleb128 0xb
 295 017a 01       		.uleb128 0x1
 296 017b 52       		.byte	0x52
 297 017c 02       		.uleb128 0x2
 298 017d 91       		.byte	0x91
 299 017e 74       		.sleb128 -12
 300 017f 00       		.byte	0
 301 0180 0C       		.uleb128 0xc
 302 0181 58000000 		.4byte	.LVL11
 303 0185 20020000 		.4byte	0x220
 304 0189 0B       		.uleb128 0xb
 305 018a 01       		.uleb128 0x1
ARM GAS  C:\Users\leonf\AppData\Local\Temp\ccxEMCj8.s 			page 7


 306 018b 50       		.byte	0x50
 307 018c 02       		.uleb128 0x2
 308 018d 08       		.byte	0x8
 309 018e 64       		.byte	0x64
 310 018f 00       		.byte	0
 311 0190 00       		.byte	0
 312 0191 0D       		.uleb128 0xd
 313 0192 81000000 		.4byte	0x81
 314 0196 A1010000 		.4byte	0x1a1
 315 019a 0E       		.uleb128 0xe
 316 019b B5000000 		.4byte	0xb5
 317 019f 03       		.byte	0x3
 318 01a0 00       		.byte	0
 319 01a1 0F       		.uleb128 0xf
 320 01a2 9A010000 		.4byte	.LASF35
 321 01a6 09       		.byte	0x9
 322 01a7 1207     		.2byte	0x712
 323 01a9 AD010000 		.4byte	0x1ad
 324 01ad 10       		.uleb128 0x10
 325 01ae 76000000 		.4byte	0x76
 326 01b2 11       		.uleb128 0x11
 327 01b3 8A020000 		.4byte	.LASF20
 328 01b7 8A020000 		.4byte	.LASF20
 329 01bb 05       		.byte	0x5
 330 01bc 3D       		.byte	0x3d
 331 01bd 11       		.uleb128 0x11
 332 01be 5A020000 		.4byte	.LASF21
 333 01c2 5A020000 		.4byte	.LASF21
 334 01c6 05       		.byte	0x5
 335 01c7 3F       		.byte	0x3f
 336 01c8 11       		.uleb128 0x11
 337 01c9 08020000 		.4byte	.LASF22
 338 01cd 08020000 		.4byte	.LASF22
 339 01d1 06       		.byte	0x6
 340 01d2 3A       		.byte	0x3a
 341 01d3 11       		.uleb128 0x11
 342 01d4 4E020000 		.4byte	.LASF23
 343 01d8 4E020000 		.4byte	.LASF23
 344 01dc 07       		.byte	0x7
 345 01dd 54       		.byte	0x54
 346 01de 11       		.uleb128 0x11
 347 01df 00000000 		.4byte	.LASF24
 348 01e3 00000000 		.4byte	.LASF24
 349 01e7 07       		.byte	0x7
 350 01e8 64       		.byte	0x64
 351 01e9 11       		.uleb128 0x11
 352 01ea E0000000 		.4byte	.LASF25
 353 01ee E0000000 		.4byte	.LASF25
 354 01f2 06       		.byte	0x6
 355 01f3 3D       		.byte	0x3d
 356 01f4 11       		.uleb128 0x11
 357 01f5 70010000 		.4byte	.LASF26
 358 01f9 70010000 		.4byte	.LASF26
 359 01fd 06       		.byte	0x6
 360 01fe 3F       		.byte	0x3f
 361 01ff 11       		.uleb128 0x11
 362 0200 A7010000 		.4byte	.LASF27
ARM GAS  C:\Users\leonf\AppData\Local\Temp\ccxEMCj8.s 			page 8


 363 0204 A7010000 		.4byte	.LASF27
 364 0208 06       		.byte	0x6
 365 0209 42       		.byte	0x42
 366 020a 11       		.uleb128 0x11
 367 020b 8A010000 		.4byte	.LASF28
 368 020f 8A010000 		.4byte	.LASF28
 369 0213 06       		.byte	0x6
 370 0214 3E       		.byte	0x3e
 371 0215 11       		.uleb128 0x11
 372 0216 D3010000 		.4byte	.LASF29
 373 021a D3010000 		.4byte	.LASF29
 374 021e 07       		.byte	0x7
 375 021f 63       		.byte	0x63
 376 0220 11       		.uleb128 0x11
 377 0221 96020000 		.4byte	.LASF30
 378 0225 96020000 		.4byte	.LASF30
 379 0229 08       		.byte	0x8
 380 022a 76       		.byte	0x76
 381 022b 00       		.byte	0
 382              		.section	.debug_abbrev,"",%progbits
 383              	.Ldebug_abbrev0:
 384 0000 01       		.uleb128 0x1
 385 0001 11       		.uleb128 0x11
 386 0002 01       		.byte	0x1
 387 0003 25       		.uleb128 0x25
 388 0004 0E       		.uleb128 0xe
 389 0005 13       		.uleb128 0x13
 390 0006 0B       		.uleb128 0xb
 391 0007 03       		.uleb128 0x3
 392 0008 0E       		.uleb128 0xe
 393 0009 1B       		.uleb128 0x1b
 394 000a 0E       		.uleb128 0xe
 395 000b 55       		.uleb128 0x55
 396 000c 17       		.uleb128 0x17
 397 000d 11       		.uleb128 0x11
 398 000e 01       		.uleb128 0x1
 399 000f 10       		.uleb128 0x10
 400 0010 17       		.uleb128 0x17
 401 0011 00       		.byte	0
 402 0012 00       		.byte	0
 403 0013 02       		.uleb128 0x2
 404 0014 24       		.uleb128 0x24
 405 0015 00       		.byte	0
 406 0016 0B       		.uleb128 0xb
 407 0017 0B       		.uleb128 0xb
 408 0018 3E       		.uleb128 0x3e
 409 0019 0B       		.uleb128 0xb
 410 001a 03       		.uleb128 0x3
 411 001b 0E       		.uleb128 0xe
 412 001c 00       		.byte	0
 413 001d 00       		.byte	0
 414 001e 03       		.uleb128 0x3
 415 001f 16       		.uleb128 0x16
 416 0020 00       		.byte	0
 417 0021 03       		.uleb128 0x3
 418 0022 0E       		.uleb128 0xe
 419 0023 3A       		.uleb128 0x3a
ARM GAS  C:\Users\leonf\AppData\Local\Temp\ccxEMCj8.s 			page 9


 420 0024 0B       		.uleb128 0xb
 421 0025 3B       		.uleb128 0x3b
 422 0026 0B       		.uleb128 0xb
 423 0027 49       		.uleb128 0x49
 424 0028 13       		.uleb128 0x13
 425 0029 00       		.byte	0
 426 002a 00       		.byte	0
 427 002b 04       		.uleb128 0x4
 428 002c 24       		.uleb128 0x24
 429 002d 00       		.byte	0
 430 002e 0B       		.uleb128 0xb
 431 002f 0B       		.uleb128 0xb
 432 0030 3E       		.uleb128 0x3e
 433 0031 0B       		.uleb128 0xb
 434 0032 03       		.uleb128 0x3
 435 0033 08       		.uleb128 0x8
 436 0034 00       		.byte	0
 437 0035 00       		.byte	0
 438 0036 05       		.uleb128 0x5
 439 0037 16       		.uleb128 0x16
 440 0038 00       		.byte	0
 441 0039 03       		.uleb128 0x3
 442 003a 0E       		.uleb128 0xe
 443 003b 3A       		.uleb128 0x3a
 444 003c 0B       		.uleb128 0xb
 445 003d 3B       		.uleb128 0x3b
 446 003e 05       		.uleb128 0x5
 447 003f 49       		.uleb128 0x49
 448 0040 13       		.uleb128 0x13
 449 0041 00       		.byte	0
 450 0042 00       		.byte	0
 451 0043 06       		.uleb128 0x6
 452 0044 2E       		.uleb128 0x2e
 453 0045 01       		.byte	0x1
 454 0046 3F       		.uleb128 0x3f
 455 0047 19       		.uleb128 0x19
 456 0048 03       		.uleb128 0x3
 457 0049 0E       		.uleb128 0xe
 458 004a 3A       		.uleb128 0x3a
 459 004b 0B       		.uleb128 0xb
 460 004c 3B       		.uleb128 0x3b
 461 004d 0B       		.uleb128 0xb
 462 004e 27       		.uleb128 0x27
 463 004f 19       		.uleb128 0x19
 464 0050 49       		.uleb128 0x49
 465 0051 13       		.uleb128 0x13
 466 0052 8701     		.uleb128 0x87
 467 0054 19       		.uleb128 0x19
 468 0055 11       		.uleb128 0x11
 469 0056 01       		.uleb128 0x1
 470 0057 12       		.uleb128 0x12
 471 0058 06       		.uleb128 0x6
 472 0059 40       		.uleb128 0x40
 473 005a 18       		.uleb128 0x18
 474 005b 9742     		.uleb128 0x2117
 475 005d 19       		.uleb128 0x19
 476 005e 01       		.uleb128 0x1
ARM GAS  C:\Users\leonf\AppData\Local\Temp\ccxEMCj8.s 			page 10


 477 005f 13       		.uleb128 0x13
 478 0060 00       		.byte	0
 479 0061 00       		.byte	0
 480 0062 07       		.uleb128 0x7
 481 0063 34       		.uleb128 0x34
 482 0064 00       		.byte	0
 483 0065 03       		.uleb128 0x3
 484 0066 0E       		.uleb128 0xe
 485 0067 3A       		.uleb128 0x3a
 486 0068 0B       		.uleb128 0xb
 487 0069 3B       		.uleb128 0x3b
 488 006a 0B       		.uleb128 0xb
 489 006b 49       		.uleb128 0x49
 490 006c 13       		.uleb128 0x13
 491 006d 02       		.uleb128 0x2
 492 006e 18       		.uleb128 0x18
 493 006f 00       		.byte	0
 494 0070 00       		.byte	0
 495 0071 08       		.uleb128 0x8
 496 0072 34       		.uleb128 0x34
 497 0073 00       		.byte	0
 498 0074 03       		.uleb128 0x3
 499 0075 0E       		.uleb128 0xe
 500 0076 3A       		.uleb128 0x3a
 501 0077 0B       		.uleb128 0xb
 502 0078 3B       		.uleb128 0x3b
 503 0079 0B       		.uleb128 0xb
 504 007a 49       		.uleb128 0x49
 505 007b 13       		.uleb128 0x13
 506 007c 02       		.uleb128 0x2
 507 007d 17       		.uleb128 0x17
 508 007e 00       		.byte	0
 509 007f 00       		.byte	0
 510 0080 09       		.uleb128 0x9
 511 0081 898201   		.uleb128 0x4109
 512 0084 00       		.byte	0
 513 0085 11       		.uleb128 0x11
 514 0086 01       		.uleb128 0x1
 515 0087 31       		.uleb128 0x31
 516 0088 13       		.uleb128 0x13
 517 0089 00       		.byte	0
 518 008a 00       		.byte	0
 519 008b 0A       		.uleb128 0xa
 520 008c 898201   		.uleb128 0x4109
 521 008f 01       		.byte	0x1
 522 0090 11       		.uleb128 0x11
 523 0091 01       		.uleb128 0x1
 524 0092 31       		.uleb128 0x31
 525 0093 13       		.uleb128 0x13
 526 0094 01       		.uleb128 0x1
 527 0095 13       		.uleb128 0x13
 528 0096 00       		.byte	0
 529 0097 00       		.byte	0
 530 0098 0B       		.uleb128 0xb
 531 0099 8A8201   		.uleb128 0x410a
 532 009c 00       		.byte	0
 533 009d 02       		.uleb128 0x2
ARM GAS  C:\Users\leonf\AppData\Local\Temp\ccxEMCj8.s 			page 11


 534 009e 18       		.uleb128 0x18
 535 009f 9142     		.uleb128 0x2111
 536 00a1 18       		.uleb128 0x18
 537 00a2 00       		.byte	0
 538 00a3 00       		.byte	0
 539 00a4 0C       		.uleb128 0xc
 540 00a5 898201   		.uleb128 0x4109
 541 00a8 01       		.byte	0x1
 542 00a9 11       		.uleb128 0x11
 543 00aa 01       		.uleb128 0x1
 544 00ab 31       		.uleb128 0x31
 545 00ac 13       		.uleb128 0x13
 546 00ad 00       		.byte	0
 547 00ae 00       		.byte	0
 548 00af 0D       		.uleb128 0xd
 549 00b0 01       		.uleb128 0x1
 550 00b1 01       		.byte	0x1
 551 00b2 49       		.uleb128 0x49
 552 00b3 13       		.uleb128 0x13
 553 00b4 01       		.uleb128 0x1
 554 00b5 13       		.uleb128 0x13
 555 00b6 00       		.byte	0
 556 00b7 00       		.byte	0
 557 00b8 0E       		.uleb128 0xe
 558 00b9 21       		.uleb128 0x21
 559 00ba 00       		.byte	0
 560 00bb 49       		.uleb128 0x49
 561 00bc 13       		.uleb128 0x13
 562 00bd 2F       		.uleb128 0x2f
 563 00be 0B       		.uleb128 0xb
 564 00bf 00       		.byte	0
 565 00c0 00       		.byte	0
 566 00c1 0F       		.uleb128 0xf
 567 00c2 34       		.uleb128 0x34
 568 00c3 00       		.byte	0
 569 00c4 03       		.uleb128 0x3
 570 00c5 0E       		.uleb128 0xe
 571 00c6 3A       		.uleb128 0x3a
 572 00c7 0B       		.uleb128 0xb
 573 00c8 3B       		.uleb128 0x3b
 574 00c9 05       		.uleb128 0x5
 575 00ca 49       		.uleb128 0x49
 576 00cb 13       		.uleb128 0x13
 577 00cc 3F       		.uleb128 0x3f
 578 00cd 19       		.uleb128 0x19
 579 00ce 3C       		.uleb128 0x3c
 580 00cf 19       		.uleb128 0x19
 581 00d0 00       		.byte	0
 582 00d1 00       		.byte	0
 583 00d2 10       		.uleb128 0x10
 584 00d3 35       		.uleb128 0x35
 585 00d4 00       		.byte	0
 586 00d5 49       		.uleb128 0x49
 587 00d6 13       		.uleb128 0x13
 588 00d7 00       		.byte	0
 589 00d8 00       		.byte	0
 590 00d9 11       		.uleb128 0x11
ARM GAS  C:\Users\leonf\AppData\Local\Temp\ccxEMCj8.s 			page 12


 591 00da 2E       		.uleb128 0x2e
 592 00db 00       		.byte	0
 593 00dc 3F       		.uleb128 0x3f
 594 00dd 19       		.uleb128 0x19
 595 00de 3C       		.uleb128 0x3c
 596 00df 19       		.uleb128 0x19
 597 00e0 6E       		.uleb128 0x6e
 598 00e1 0E       		.uleb128 0xe
 599 00e2 03       		.uleb128 0x3
 600 00e3 0E       		.uleb128 0xe
 601 00e4 3A       		.uleb128 0x3a
 602 00e5 0B       		.uleb128 0xb
 603 00e6 3B       		.uleb128 0x3b
 604 00e7 0B       		.uleb128 0xb
 605 00e8 00       		.byte	0
 606 00e9 00       		.byte	0
 607 00ea 00       		.byte	0
 608              		.section	.debug_loc,"",%progbits
 609              	.Ldebug_loc0:
 610              	.LLST0:
 611 0000 2E000000 		.4byte	.LVL8
 612 0004 31000000 		.4byte	.LVL9-1
 613 0008 0100     		.2byte	0x1
 614 000a 50       		.byte	0x50
 615 000b 31000000 		.4byte	.LVL9-1
 616 000f 5A000000 		.4byte	.LFE63
 617 0013 0100     		.2byte	0x1
 618 0015 54       		.byte	0x54
 619 0016 00000000 		.4byte	0
 620 001a 00000000 		.4byte	0
 621              		.section	.debug_aranges,"",%progbits
 622 0000 1C000000 		.4byte	0x1c
 623 0004 0200     		.2byte	0x2
 624 0006 00000000 		.4byte	.Ldebug_info0
 625 000a 04       		.byte	0x4
 626 000b 00       		.byte	0
 627 000c 0000     		.2byte	0
 628 000e 0000     		.2byte	0
 629 0010 00000000 		.4byte	.LFB63
 630 0014 5A000000 		.4byte	.LFE63-.LFB63
 631 0018 00000000 		.4byte	0
 632 001c 00000000 		.4byte	0
 633              		.section	.debug_ranges,"",%progbits
 634              	.Ldebug_ranges0:
 635 0000 00000000 		.4byte	.LFB63
 636 0004 5A000000 		.4byte	.LFE63
 637 0008 00000000 		.4byte	0
 638 000c 00000000 		.4byte	0
 639              		.section	.debug_line,"",%progbits
 640              	.Ldebug_line0:
 641 0000 C3010000 		.section	.debug_str,"MS",%progbits,1
 641      02007601 
 641      00000201 
 641      FB0E0D00 
 641      01010101 
 642              	.LASF24:
 643 0000 455A4932 		.ascii	"EZI2C_SetAddress1\000"
ARM GAS  C:\Users\leonf\AppData\Local\Temp\ccxEMCj8.s 			page 13


 643      435F5365 
 643      74416464 
 643      72657373 
 643      3100
 644              	.LASF9:
 645 0012 5F5F696E 		.ascii	"__int32_t\000"
 645      7433325F 
 645      7400
 646              	.LASF3:
 647 001c 73686F72 		.ascii	"short unsigned int\000"
 647      7420756E 
 647      7369676E 
 647      65642069 
 647      6E7400
 648              	.LASF18:
 649 002f 6D794275 		.ascii	"myBuffer\000"
 649      66666572 
 649      00
 650              	.LASF13:
 651 0038 666C6F61 		.ascii	"float\000"
 651      7400
 652              	.LASF11:
 653 003e 75696E74 		.ascii	"uint8\000"
 653      3800
 654              	.LASF1:
 655 0044 756E7369 		.ascii	"unsigned char\000"
 655      676E6564 
 655      20636861 
 655      7200
 656              	.LASF31:
 657 0052 474E5520 		.ascii	"GNU C11 5.4.1 20160609 (release) [ARM/embedded-5-br"
 657      43313120 
 657      352E342E 
 657      31203230 
 657      31363036 
 658 0085 616E6368 		.ascii	"anch revision 237715] -mcpu=cortex-m3 -mthumb -g -O"
 658      20726576 
 658      6973696F 
 658      6E203233 
 658      37373135 
 659 00b8 67202D66 		.ascii	"g -ffunction-sections -ffat-lto-objects\000"
 659      66756E63 
 659      74696F6E 
 659      2D736563 
 659      74696F6E 
 660              	.LASF25:
 661 00e0 4144435F 		.ascii	"ADC_StartConvert\000"
 661      53746172 
 661      74436F6E 
 661      76657274 
 661      00
 662              	.LASF33:
 663 00f1 433A5C55 		.ascii	"C:\\Users\\leonf\\OneDrive\\Desktop\\Proyecto Racim"
 663      73657273 
 663      5C6C656F 
 663      6E665C4F 
 663      6E654472 
ARM GAS  C:\Users\leonf\AppData\Local\Temp\ccxEMCj8.s 			page 14


 664 011f 6F205374 		.ascii	"o Storm\\Documentacion nueva version\\Codigos y dat"
 664      6F726D5C 
 664      446F6375 
 664      6D656E74 
 664      6163696F 
 665 0150 6F735C70 		.ascii	"os\\psoc\\PSOC_Racimo_Storm.cydsn\000"
 665      736F635C 
 665      50534F43 
 665      5F526163 
 665      696D6F5F 
 666              	.LASF26:
 667 0170 4144435F 		.ascii	"ADC_IsEndConversion\000"
 667      4973456E 
 667      64436F6E 
 667      76657273 
 667      696F6E00 
 668              	.LASF12:
 669 0184 696E7433 		.ascii	"int32\000"
 669      3200
 670              	.LASF28:
 671 018a 4144435F 		.ascii	"ADC_StopConvert\000"
 671      53746F70 
 671      436F6E76 
 671      65727400 
 672              	.LASF35:
 673 019a 49544D5F 		.ascii	"ITM_RxBuffer\000"
 673      52784275 
 673      66666572 
 673      00
 674              	.LASF27:
 675 01a7 4144435F 		.ascii	"ADC_GetResult32\000"
 675      47657452 
 675      6573756C 
 675      74333200 
 676              	.LASF19:
 677 01b7 56726574 		.ascii	"Vret\000"
 677      00
 678              	.LASF5:
 679 01bc 6C6F6E67 		.ascii	"long unsigned int\000"
 679      20756E73 
 679      69676E65 
 679      6420696E 
 679      7400
 680              	.LASF34:
 681 01ce 6D61696E 		.ascii	"main\000"
 681      00
 682              	.LASF29:
 683 01d3 455A4932 		.ascii	"EZI2C_SetBuffer1\000"
 683      435F5365 
 683      74427566 
 683      66657231 
 683      00
 684              	.LASF8:
 685 01e4 756E7369 		.ascii	"unsigned int\000"
 685      676E6564 
 685      20696E74 
 685      00
ARM GAS  C:\Users\leonf\AppData\Local\Temp\ccxEMCj8.s 			page 15


 686              	.LASF7:
 687 01f1 6C6F6E67 		.ascii	"long long unsigned int\000"
 687      206C6F6E 
 687      6720756E 
 687      7369676E 
 687      65642069 
 688              	.LASF22:
 689 0208 4144435F 		.ascii	"ADC_Start\000"
 689      53746172 
 689      7400
 690              	.LASF14:
 691 0212 646F7562 		.ascii	"double\000"
 691      6C6500
 692              	.LASF10:
 693 0219 696E7433 		.ascii	"int32_t\000"
 693      325F7400 
 694              	.LASF17:
 695 0221 73697A65 		.ascii	"sizetype\000"
 695      74797065 
 695      00
 696              	.LASF6:
 697 022a 6C6F6E67 		.ascii	"long long int\000"
 697      206C6F6E 
 697      6720696E 
 697      7400
 698              	.LASF32:
 699 0238 6D61696E 		.ascii	"main.c\000"
 699      2E6300
 700              	.LASF15:
 701 023f 63686172 		.ascii	"char\000"
 701      00
 702              	.LASF2:
 703 0244 73686F72 		.ascii	"short int\000"
 703      7420696E 
 703      7400
 704              	.LASF23:
 705 024e 455A4932 		.ascii	"EZI2C_Start\000"
 705      435F5374 
 705      61727400 
 706              	.LASF21:
 707 025a 4D697865 		.ascii	"Mixer_SetPower\000"
 707      725F5365 
 707      74506F77 
 707      657200
 708              	.LASF4:
 709 0269 6C6F6E67 		.ascii	"long int\000"
 709      20696E74 
 709      00
 710              	.LASF16:
 711 0272 6C6F6E67 		.ascii	"long double\000"
 711      20646F75 
 711      626C6500 
 712              	.LASF0:
 713 027e 7369676E 		.ascii	"signed char\000"
 713      65642063 
 713      68617200 
 714              	.LASF20:
ARM GAS  C:\Users\leonf\AppData\Local\Temp\ccxEMCj8.s 			page 16


 715 028a 4D697865 		.ascii	"Mixer_Start\000"
 715      725F5374 
 715      61727400 
 716              	.LASF30:
 717 0296 43794465 		.ascii	"CyDelay\000"
 717      6C617900 
 718              		.ident	"GCC: (GNU Tools for ARM Embedded Processors) 5.4.1 20160609 (release) [ARM/embedded-5-bran
