Release 14.7 - xst P.20131013 (lin64)
Copyright (c) 1995-2013 Xilinx, Inc.  All rights reserved.
--> 
Parameter TMPDIR set to xst/projnav.tmp


Total REAL time to Xst completion: 0.00 secs
Total CPU time to Xst completion: 0.13 secs
 
--> 
Parameter xsthdpdir set to xst


Total REAL time to Xst completion: 0.00 secs
Total CPU time to Xst completion: 0.13 secs
 
--> 
Reading design: contador_gps.prj

TABLE OF CONTENTS
  1) Synthesis Options Summary
  2) HDL Parsing
  3) HDL Elaboration
  4) HDL Synthesis
       4.1) HDL Synthesis Report
  5) Advanced HDL Synthesis
       5.1) Advanced HDL Synthesis Report
  6) Low Level Synthesis
  7) Partition Report
  8) Design Summary
       8.1) Primitive and Black Box Usage
       8.2) Device utilization summary
       8.3) Partition Resource Summary
       8.4) Timing Report
            8.4.1) Clock Information
            8.4.2) Asynchronous Control Signals Information
            8.4.3) Timing Summary
            8.4.4) Timing Details
            8.4.5) Cross Clock Domains Report


=========================================================================
*                      Synthesis Options Summary                        *
=========================================================================
---- Source Parameters
Input File Name                    : "contador_gps.prj"
Ignore Synthesis Constraint File   : NO

---- Target Parameters
Output File Name                   : "contador_gps"
Output Format                      : NGC
Target Device                      : xc6slx9-2-tqg144

---- Source Options
Top Module Name                    : contador_gps
Automatic FSM Extraction           : YES
FSM Encoding Algorithm             : Auto
Safe Implementation                : No
FSM Style                          : LUT
RAM Extraction                     : Yes
RAM Style                          : Auto
ROM Extraction                     : Yes
Shift Register Extraction          : YES
ROM Style                          : Auto
Resource Sharing                   : YES
Asynchronous To Synchronous        : NO
Shift Register Minimum Size        : 2
Use DSP Block                      : Auto
Automatic Register Balancing       : No

---- Target Options
LUT Combining                      : Auto
Reduce Control Sets                : Auto
Add IO Buffers                     : YES
Global Maximum Fanout              : 100000
Add Generic Clock Buffer(BUFG)     : 16
Register Duplication               : YES
Optimize Instantiated Primitives   : NO
Use Clock Enable                   : Auto
Use Synchronous Set                : Auto
Use Synchronous Reset              : Auto
Pack IO Registers into IOBs        : Auto
Equivalent register Removal        : YES

---- General Options
Optimization Goal                  : Speed
Optimization Effort                : 1
Power Reduction                    : NO
Keep Hierarchy                     : No
Netlist Hierarchy                  : As_Optimized
RTL Output                         : Yes
Global Optimization                : AllClockNets
Read Cores                         : YES
Write Timing Constraints           : NO
Cross Clock Analysis               : NO
Hierarchy Separator                : /
Bus Delimiter                      : <>
Case Specifier                     : Maintain
Slice Utilization Ratio            : 100
BRAM Utilization Ratio             : 100
DSP48 Utilization Ratio            : 100
Auto BRAM Packing                  : NO
Slice Utilization Ratio Delta      : 5

=========================================================================


=========================================================================
*                          HDL Parsing                                  *
=========================================================================
Parsing VHDL file "/home/pedro/Documents/ISE/Proyecto_grado/RACIMOStorm/contador_gps.vhd" into library work
Parsing entity <contador_gps>.
Parsing architecture <Behavioral> of entity <contador_gps>.

=========================================================================
*                            HDL Elaboration                            *
=========================================================================

Elaborating entity <contador_gps> (architecture <Behavioral>) from library <work>.

=========================================================================
*                           HDL Synthesis                               *
=========================================================================

Synthesizing Unit <contador_gps>.
    Related source file is "/home/pedro/Documents/ISE/Proyecto_grado/RACIMOStorm/contador_gps.vhd".
    Found 27-bit register for signal <q_bus>.
    Found 27-bit adder for signal <q_bus[26]_GND_6_o_add_5_OUT> created at line 42.
    Found 27-bit comparator lessequal for signal <bus_sel_INV_1_o> created at line 39
    Summary:
	inferred   1 Adder/Subtractor(s).
	inferred  27 D-type flip-flop(s).
	inferred   1 Comparator(s).
Unit <contador_gps> synthesized.

=========================================================================
HDL Synthesis Report

Macro Statistics
# Adders/Subtractors                                   : 1
 27-bit adder                                          : 1
# Registers                                            : 1
 27-bit register                                       : 1
# Comparators                                          : 1
 27-bit comparator lessequal                           : 1

=========================================================================

=========================================================================
*                       Advanced HDL Synthesis                          *
=========================================================================


Synthesizing (advanced) Unit <contador_gps>.
The following registers are absorbed into counter <q_bus>: 1 register on signal <q_bus>.
Unit <contador_gps> synthesized (advanced).

=========================================================================
Advanced HDL Synthesis Report

Macro Statistics
# Counters                                             : 1
 27-bit up counter                                     : 1
# Comparators                                          : 1
 27-bit comparator lessequal                           : 1

=========================================================================

=========================================================================
*                         Low Level Synthesis                           *
=========================================================================

Optimizing unit <contador_gps> ...
WARNING:Xst:1293 - FF/Latch <q_bus_25> has a constant value of 0 in block <contador_gps>. This FF/Latch will be trimmed during the optimization process.
WARNING:Xst:1896 - Due to other FF/Latch trimming, FF/Latch <q_bus_24> has a constant value of 0 in block <contador_gps>. This FF/Latch will be trimmed during the optimization process.
WARNING:Xst:1896 - Due to other FF/Latch trimming, FF/Latch <q_bus_26> has a constant value of 0 in block <contador_gps>. This FF/Latch will be trimmed during the optimization process.
WARNING:Xst:1896 - Due to other FF/Latch trimming, FF/Latch <q_bus_23> has a constant value of 0 in block <contador_gps>. This FF/Latch will be trimmed during the optimization process.
WARNING:Xst:1896 - Due to other FF/Latch trimming, FF/Latch <q_bus_22> has a constant value of 0 in block <contador_gps>. This FF/Latch will be trimmed during the optimization process.
WARNING:Xst:1896 - Due to other FF/Latch trimming, FF/Latch <q_bus_21> has a constant value of 0 in block <contador_gps>. This FF/Latch will be trimmed during the optimization process.
WARNING:Xst:1896 - Due to other FF/Latch trimming, FF/Latch <q_bus_20> has a constant value of 0 in block <contador_gps>. This FF/Latch will be trimmed during the optimization process.
WARNING:Xst:1896 - Due to other FF/Latch trimming, FF/Latch <q_bus_18> has a constant value of 0 in block <contador_gps>. This FF/Latch will be trimmed during the optimization process.
WARNING:Xst:1896 - Due to other FF/Latch trimming, FF/Latch <q_bus_17> has a constant value of 0 in block <contador_gps>. This FF/Latch will be trimmed during the optimization process.
WARNING:Xst:1896 - Due to other FF/Latch trimming, FF/Latch <q_bus_19> has a constant value of 0 in block <contador_gps>. This FF/Latch will be trimmed during the optimization process.
WARNING:Xst:1896 - Due to other FF/Latch trimming, FF/Latch <q_bus_16> has a constant value of 0 in block <contador_gps>. This FF/Latch will be trimmed during the optimization process.
WARNING:Xst:1896 - Due to other FF/Latch trimming, FF/Latch <q_bus_15> has a constant value of 0 in block <contador_gps>. This FF/Latch will be trimmed during the optimization process.
WARNING:Xst:1896 - Due to other FF/Latch trimming, FF/Latch <q_bus_14> has a constant value of 0 in block <contador_gps>. This FF/Latch will be trimmed during the optimization process.
WARNING:Xst:1896 - Due to other FF/Latch trimming, FF/Latch <q_bus_13> has a constant value of 0 in block <contador_gps>. This FF/Latch will be trimmed during the optimization process.
WARNING:Xst:1896 - Due to other FF/Latch trimming, FF/Latch <q_bus_11> has a constant value of 0 in block <contador_gps>. This FF/Latch will be trimmed during the optimization process.
WARNING:Xst:1896 - Due to other FF/Latch trimming, FF/Latch <q_bus_10> has a constant value of 0 in block <contador_gps>. This FF/Latch will be trimmed during the optimization process.
WARNING:Xst:1896 - Due to other FF/Latch trimming, FF/Latch <q_bus_12> has a constant value of 0 in block <contador_gps>. This FF/Latch will be trimmed during the optimization process.

Mapping all equations...
Building and optimizing final netlist ...
Found area constraint ratio of 100 (+ 5) on block contador_gps, actual ratio is 0.

Final Macro Processing ...

=========================================================================
Final Register Report

Macro Statistics
# Registers                                            : 10
 Flip-Flops                                            : 10

=========================================================================

=========================================================================
*                           Partition Report                            *
=========================================================================

Partition Implementation Status
-------------------------------

  No Partitions were found in this design.

-------------------------------

=========================================================================
*                            Design Summary                             *
=========================================================================

Top Level Output File Name         : contador_gps.ngc

Primitive and Black Box Usage:
------------------------------
# BELS                             : 52
#      GND                         : 1
#      INV                         : 1
#      LUT1                        : 9
#      LUT2                        : 1
#      LUT3                        : 2
#      LUT4                        : 1
#      LUT5                        : 10
#      MUXCY                       : 16
#      VCC                         : 1
#      XORCY                       : 10
# FlipFlops/Latches                : 10
#      FD                          : 10
# Clock Buffers                    : 1
#      BUFGP                       : 1
# IO Buffers                       : 29
#      IBUF                        : 2
#      OBUF                        : 27

Device utilization summary:
---------------------------

Selected Device : 6slx9tqg144-2 


Slice Logic Utilization: 
 Number of Slice Registers:              10  out of  11440     0%  
 Number of Slice LUTs:                   24  out of   5720     0%  
    Number used as Logic:                24  out of   5720     0%  

Slice Logic Distribution: 
 Number of LUT Flip Flop pairs used:     25
   Number with an unused Flip Flop:      15  out of     25    60%  
   Number with an unused LUT:             1  out of     25     4%  
   Number of fully used LUT-FF pairs:     9  out of     25    36%  
   Number of unique control sets:         1

IO Utilization: 
 Number of IOs:                          30
 Number of bonded IOBs:                  30  out of    102    29%  

Specific Feature Utilization:
 Number of BUFG/BUFGCTRLs:                1  out of     16     6%  

---------------------------
Partition Resource Summary:
---------------------------

  No Partitions were found in this design.

---------------------------


=========================================================================
Timing Report

NOTE: THESE TIMING NUMBERS ARE ONLY A SYNTHESIS ESTIMATE.
      FOR ACCURATE TIMING INFORMATION PLEASE REFER TO THE TRACE REPORT
      GENERATED AFTER PLACE-and-ROUTE.

Clock Information:
------------------
-----------------------------------+------------------------+-------+
Clock Signal                       | Clock buffer(FF name)  | Load  |
-----------------------------------+------------------------+-------+
clk                                | BUFGP                  | 10    |
-----------------------------------+------------------------+-------+

Asynchronous Control Signals Information:
----------------------------------------
No asynchronous control signals found in this design

Timing Summary:
---------------
Speed Grade: -2

   Minimum period: 3.694ns (Maximum Frequency: 270.709MHz)
   Minimum input arrival time before clock: 3.381ns
   Maximum output required time after clock: 4.277ns
   Maximum combinational path delay: No path found

Timing Details:
---------------
All values displayed in nanoseconds (ns)

=========================================================================
Timing constraint: Default period analysis for Clock 'clk'
  Clock period: 3.694ns (frequency: 270.709MHz)
  Total number of paths / destination ports: 175 / 10
-------------------------------------------------------------------------
Delay:               3.694ns (Levels of Logic = 7)
  Source:            q_bus_7 (FF)
  Destination:       q_bus_2 (FF)
  Source Clock:      clk rising
  Destination Clock: clk rising

  Data Path: q_bus_7 to q_bus_2
                                Gate     Net
    Cell:in->out      fanout   Delay   Delay  Logical Name (Net Name)
    ----------------------------------------  ------------
     FD:C->Q               5   0.525   1.271  q_bus_7 (q_bus_7)
     LUT5:I0->O            1   0.254   0.000  Mcompar__n0019_lut<0> (Mcompar__n0019_lut<0>)
     MUXCY:S->O            1   0.215   0.000  Mcompar__n0019_cy<0> (Mcompar__n0019_cy<0>)
     MUXCY:CI->O           1   0.023   0.000  Mcompar__n0019_cy<1> (Mcompar__n0019_cy<1>)
     MUXCY:CI->O           1   0.023   0.000  Mcompar__n0019_cy<2> (Mcompar__n0019_cy<2>)
     MUXCY:CI->O           1   0.023   0.000  Mcompar__n0019_cy<3> (Mcompar__n0019_cy<3>)
     MUXCY:CI->O          10   0.023   1.008  Mcompar__n0019_cy<4> (_n0019)
     LUT5:I4->O            1   0.254   0.000  q_bus_2_rstpot (q_bus_2_rstpot)
     FD:D                      0.074          q_bus_2
    ----------------------------------------
    Total                      3.694ns (1.415ns logic, 2.279ns route)
                                       (38.3% logic, 61.7% route)

=========================================================================
Timing constraint: Default OFFSET IN BEFORE for Clock 'clk'
  Total number of paths / destination ports: 22 / 10
-------------------------------------------------------------------------
Offset:              3.381ns (Levels of Logic = 4)
  Source:            rst_cnt_gps (PAD)
  Destination:       q_bus_1 (FF)
  Destination Clock: clk rising

  Data Path: rst_cnt_gps to q_bus_1
                                Gate     Net
    Cell:in->out      fanout   Delay   Delay  Logical Name (Net Name)
    ----------------------------------------  ------------
     IBUF:I->O            11   1.328   1.267  rst_cnt_gps_IBUF (rst_cnt_gps_IBUF)
     LUT3:I0->O            1   0.235   0.000  q_bus_1_rstpot_lut (q_bus_1_rstpot_lut)
     MUXCY:S->O            1   0.215   0.000  q_bus_1_rstpot_cy (_n0019_l1)
     MUXCY:CI->O           1   0.262   0.000  q_bus_1_rstpot_cy1 (q_bus_1_rstpot)
     FD:D                      0.074          q_bus_1
    ----------------------------------------
    Total                      3.381ns (2.114ns logic, 1.267ns route)
                                       (62.5% logic, 37.5% route)

=========================================================================
Timing constraint: Default OFFSET OUT AFTER for Clock 'clk'
  Total number of paths / destination ports: 10 / 10
-------------------------------------------------------------------------
Offset:              4.277ns (Levels of Logic = 1)
  Source:            q_bus_7 (FF)
  Destination:       gps_cnt<7> (PAD)
  Source Clock:      clk rising

  Data Path: q_bus_7 to gps_cnt<7>
                                Gate     Net
    Cell:in->out      fanout   Delay   Delay  Logical Name (Net Name)
    ----------------------------------------  ------------
     FD:C->Q               5   0.525   0.840  q_bus_7 (q_bus_7)
     OBUF:I->O                 2.912          gps_cnt_7_OBUF (gps_cnt<7>)
    ----------------------------------------
    Total                      4.277ns (3.437ns logic, 0.840ns route)
                                       (80.4% logic, 19.6% route)

=========================================================================

Cross Clock Domains Report:
--------------------------

Clock to Setup on destination clock clk
---------------+---------+---------+---------+---------+
               | Src:Rise| Src:Fall| Src:Rise| Src:Fall|
Source Clock   |Dest:Rise|Dest:Rise|Dest:Fall|Dest:Fall|
---------------+---------+---------+---------+---------+
clk            |    3.694|         |         |         |
---------------+---------+---------+---------+---------+

=========================================================================


Total REAL time to Xst completion: 22.00 secs
Total CPU time to Xst completion: 21.72 secs
 
--> 


Total memory usage is 393924 kilobytes

Number of errors   :    0 (   0 filtered)
Number of warnings :   17 (   0 filtered)
Number of infos    :    0 (   0 filtered)

