Release 14.7 - xst P.20131013 (lin64)
Copyright (c) 1995-2013 Xilinx, Inc.  All rights reserved.
--> 
Parameter TMPDIR set to xst/projnav.tmp


Total REAL time to Xst completion: 0.00 secs
Total CPU time to Xst completion: 0.13 secs
 
--> 
Parameter xsthdpdir set to xst


Total REAL time to Xst completion: 0.00 secs
Total CPU time to Xst completion: 0.13 secs
 
--> 
Reading design: Event_Detect.prj

TABLE OF CONTENTS
  1) Synthesis Options Summary
  2) HDL Parsing
  3) HDL Elaboration
  4) HDL Synthesis
       4.1) HDL Synthesis Report
  5) Advanced HDL Synthesis
       5.1) Advanced HDL Synthesis Report
  6) Low Level Synthesis
  7) Partition Report
  8) Design Summary
       8.1) Primitive and Black Box Usage
       8.2) Device utilization summary
       8.3) Partition Resource Summary
       8.4) Timing Report
            8.4.1) Clock Information
            8.4.2) Asynchronous Control Signals Information
            8.4.3) Timing Summary
            8.4.4) Timing Details
            8.4.5) Cross Clock Domains Report


=========================================================================
*                      Synthesis Options Summary                        *
=========================================================================
---- Source Parameters
Input File Name                    : "Event_Detect.prj"
Ignore Synthesis Constraint File   : NO

---- Target Parameters
Output File Name                   : "Event_Detect"
Output Format                      : NGC
Target Device                      : xc6slx9-2-tqg144

---- Source Options
Top Module Name                    : Event_Detect
Automatic FSM Extraction           : YES
FSM Encoding Algorithm             : Auto
Safe Implementation                : No
FSM Style                          : LUT
RAM Extraction                     : Yes
RAM Style                          : Auto
ROM Extraction                     : Yes
Shift Register Extraction          : YES
ROM Style                          : Auto
Resource Sharing                   : YES
Asynchronous To Synchronous        : NO
Shift Register Minimum Size        : 2
Use DSP Block                      : Auto
Automatic Register Balancing       : No

---- Target Options
LUT Combining                      : Auto
Reduce Control Sets                : Auto
Add IO Buffers                     : YES
Global Maximum Fanout              : 100000
Add Generic Clock Buffer(BUFG)     : 16
Register Duplication               : YES
Optimize Instantiated Primitives   : NO
Use Clock Enable                   : Auto
Use Synchronous Set                : Auto
Use Synchronous Reset              : Auto
Pack IO Registers into IOBs        : Auto
Equivalent register Removal        : YES

---- General Options
Optimization Goal                  : Speed
Optimization Effort                : 1
Power Reduction                    : NO
Keep Hierarchy                     : No
Netlist Hierarchy                  : As_Optimized
RTL Output                         : Yes
Global Optimization                : AllClockNets
Read Cores                         : YES
Write Timing Constraints           : NO
Cross Clock Analysis               : NO
Hierarchy Separator                : /
Bus Delimiter                      : <>
Case Specifier                     : Maintain
Slice Utilization Ratio            : 100
BRAM Utilization Ratio             : 100
DSP48 Utilization Ratio            : 100
Auto BRAM Packing                  : NO
Slice Utilization Ratio Delta      : 5

=========================================================================


=========================================================================
*                          HDL Parsing                                  *
=========================================================================
Parsing VHDL file "/home/pedro/Documents/ISE/RACIMOStorm/Event_Detect.vhd" into library work
Parsing entity <Event_Detect>.
Parsing architecture <Behavioral> of entity <event_detect>.

=========================================================================
*                            HDL Elaboration                            *
=========================================================================

Elaborating entity <Event_Detect> (architecture <Behavioral>) from library <work>.

=========================================================================
*                           HDL Synthesis                               *
=========================================================================

Synthesizing Unit <Event_Detect>.
    Related source file is "/home/pedro/Documents/ISE/RACIMOStorm/Event_Detect.vhd".
WARNING:Xst:647 - Input <D> is never used. This port will be preserved and left unconnected if it belongs to a top-level block or it belongs to a sub-block and the hierarchy of this sub-block is preserved.
    Found 3-bit register for signal <q_bus>.
INFO:Xst:1799 - State borrado is never reached in FSM <q_bus>.
    Found finite state machine <FSM_0> for signal <q_bus>.
    -----------------------------------------------------------------------
    | States             | 5                                              |
    | Transitions        | 11                                             |
    | Inputs             | 3                                              |
    | Outputs            | 2                                              |
    | Clock              | clk (rising_edge)                              |
    | Reset              | rst_maquina (positive)                         |
    | Reset type         | synchronous                                    |
    | Reset State        | s0                                             |
    | Power Up State     | s0                                             |
    | Encoding           | auto                                           |
    | Implementation     | LUT                                            |
    -----------------------------------------------------------------------
    Summary:
	inferred   1 Finite State Machine(s).
Unit <Event_Detect> synthesized.

=========================================================================
HDL Synthesis Report

Macro Statistics
# FSMs                                                 : 1

=========================================================================

=========================================================================
*                       Advanced HDL Synthesis                          *
=========================================================================


=========================================================================
Advanced HDL Synthesis Report

Macro Statistics
# FSMs                                                 : 1

=========================================================================

=========================================================================
*                         Low Level Synthesis                           *
=========================================================================
Analyzing FSM <MFsm> for best encoding.
Optimizing FSM <FSM_0> on signal <q_bus[1:2]> with gray encoding.
-----------------------
 State     | Encoding
-----------------------
 s0        | 00
 s1        | 01
 escritura | 11
 borrado   | unreached
 envio     | 10
-----------------------

Optimizing unit <Event_Detect> ...

Mapping all equations...
Building and optimizing final netlist ...
Found area constraint ratio of 100 (+ 5) on block Event_Detect, actual ratio is 0.

Final Macro Processing ...

=========================================================================
Final Register Report

Macro Statistics
# Registers                                            : 2
 Flip-Flops                                            : 2

=========================================================================

=========================================================================
*                           Partition Report                            *
=========================================================================

Partition Implementation Status
-------------------------------

  No Partitions were found in this design.

-------------------------------

=========================================================================
*                            Design Summary                             *
=========================================================================

Top Level Output File Name         : Event_Detect.ngc

Primitive and Black Box Usage:
------------------------------
# BELS                             : 5
#      GND                         : 1
#      LUT2                        : 2
#      LUT4                        : 1
#      LUT5                        : 1
# FlipFlops/Latches                : 2
#      FDR                         : 2
# Clock Buffers                    : 1
#      BUFGP                       : 1
# IO Buffers                       : 7
#      IBUF                        : 4
#      OBUF                        : 3

Device utilization summary:
---------------------------

Selected Device : 6slx9tqg144-2 


Slice Logic Utilization: 
 Number of Slice Registers:               2  out of  11440     0%  
 Number of Slice LUTs:                    4  out of   5720     0%  
    Number used as Logic:                 4  out of   5720     0%  

Slice Logic Distribution: 
 Number of LUT Flip Flop pairs used:      6
   Number with an unused Flip Flop:       4  out of      6    66%  
   Number with an unused LUT:             2  out of      6    33%  
   Number of fully used LUT-FF pairs:     0  out of      6     0%  
   Number of unique control sets:         1

IO Utilization: 
 Number of IOs:                          20
 Number of bonded IOBs:                   8  out of    102     7%  

Specific Feature Utilization:
 Number of BUFG/BUFGCTRLs:                1  out of     16     6%  

---------------------------
Partition Resource Summary:
---------------------------

  No Partitions were found in this design.

---------------------------


=========================================================================
Timing Report

NOTE: THESE TIMING NUMBERS ARE ONLY A SYNTHESIS ESTIMATE.
      FOR ACCURATE TIMING INFORMATION PLEASE REFER TO THE TRACE REPORT
      GENERATED AFTER PLACE-and-ROUTE.

Clock Information:
------------------
-----------------------------------+------------------------+-------+
Clock Signal                       | Clock buffer(FF name)  | Load  |
-----------------------------------+------------------------+-------+
clk                                | BUFGP                  | 2     |
-----------------------------------+------------------------+-------+

Asynchronous Control Signals Information:
----------------------------------------
No asynchronous control signals found in this design

Timing Summary:
---------------
Speed Grade: -2

   Minimum period: 1.761ns (Maximum Frequency: 567.859MHz)
   Minimum input arrival time before clock: 2.768ns
   Maximum output required time after clock: 5.280ns
   Maximum combinational path delay: No path found

Timing Details:
---------------
All values displayed in nanoseconds (ns)

=========================================================================
Timing constraint: Default period analysis for Clock 'clk'
  Clock period: 1.761ns (frequency: 567.859MHz)
  Total number of paths / destination ports: 4 / 2
-------------------------------------------------------------------------
Delay:               1.761ns (Levels of Logic = 1)
  Source:            q_bus_FSM_FFd1 (FF)
  Destination:       q_bus_FSM_FFd2 (FF)
  Source Clock:      clk rising
  Destination Clock: clk rising

  Data Path: q_bus_FSM_FFd1 to q_bus_FSM_FFd2
                                Gate     Net
    Cell:in->out      fanout   Delay   Delay  Logical Name (Net Name)
    ----------------------------------------  ------------
     FDR:C->Q              4   0.525   0.912  q_bus_FSM_FFd1 (q_bus_FSM_FFd1)
     LUT5:I3->O            1   0.250   0.000  q_bus_FSM_FFd2-In1 (q_bus_FSM_FFd2-In)
     FDR:D                     0.074          q_bus_FSM_FFd2
    ----------------------------------------
    Total                      1.761ns (0.849ns logic, 0.912ns route)
                                       (48.2% logic, 51.8% route)

=========================================================================
Timing constraint: Default OFFSET IN BEFORE for Clock 'clk'
  Total number of paths / destination ports: 7 / 4
-------------------------------------------------------------------------
Offset:              2.768ns (Levels of Logic = 2)
  Source:            Disparo (PAD)
  Destination:       q_bus_FSM_FFd2 (FF)
  Destination Clock: clk rising

  Data Path: Disparo to q_bus_FSM_FFd2
                                Gate     Net
    Cell:in->out      fanout   Delay   Delay  Logical Name (Net Name)
    ----------------------------------------  ------------
     IBUF:I->O             1   1.328   1.112  Disparo_IBUF (Disparo_IBUF)
     LUT5:I0->O            1   0.254   0.000  q_bus_FSM_FFd2-In1 (q_bus_FSM_FFd2-In)
     FDR:D                     0.074          q_bus_FSM_FFd2
    ----------------------------------------
    Total                      2.768ns (1.656ns logic, 1.112ns route)
                                       (59.8% logic, 40.2% route)

=========================================================================
Timing constraint: Default OFFSET OUT AFTER for Clock 'clk'
  Total number of paths / destination ports: 4 / 2
-------------------------------------------------------------------------
Offset:              5.280ns (Levels of Logic = 2)
  Source:            q_bus_FSM_FFd2 (FF)
  Destination:       sw0 (PAD)
  Source Clock:      clk rising

  Data Path: q_bus_FSM_FFd2 to sw0
                                Gate     Net
    Cell:in->out      fanout   Delay   Delay  Logical Name (Net Name)
    ----------------------------------------  ------------
     FDR:C->Q              4   0.525   0.912  q_bus_FSM_FFd2 (q_bus_FSM_FFd2)
     LUT2:I0->O            1   0.250   0.681  q_bus_Salidas<0>1 (sw0_OBUF)
     OBUF:I->O                 2.912          sw0_OBUF (sw0)
    ----------------------------------------
    Total                      5.280ns (3.687ns logic, 1.593ns route)
                                       (69.8% logic, 30.2% route)

=========================================================================

Cross Clock Domains Report:
--------------------------

Clock to Setup on destination clock clk
---------------+---------+---------+---------+---------+
               | Src:Rise| Src:Fall| Src:Rise| Src:Fall|
Source Clock   |Dest:Rise|Dest:Rise|Dest:Fall|Dest:Fall|
---------------+---------+---------+---------+---------+
clk            |    1.761|         |         |         |
---------------+---------+---------+---------+---------+

=========================================================================


Total REAL time to Xst completion: 23.00 secs
Total CPU time to Xst completion: 21.85 secs
 
--> 


Total memory usage is 393880 kilobytes

Number of errors   :    0 (   0 filtered)
Number of warnings :    1 (   0 filtered)
Number of infos    :    1 (   0 filtered)

