Release 14.7 - xst P.20131013 (lin64)
Copyright (c) 1995-2013 Xilinx, Inc.  All rights reserved.
--> 
Parameter TMPDIR set to xst/projnav.tmp


Total REAL time to Xst completion: 0.00 secs
Total CPU time to Xst completion: 0.12 secs
 
--> 
Parameter xsthdpdir set to xst


Total REAL time to Xst completion: 0.00 secs
Total CPU time to Xst completion: 0.12 secs
 
--> 
Reading design: modulo_gps.prj

TABLE OF CONTENTS
  1) Synthesis Options Summary
  2) HDL Parsing
  3) HDL Elaboration
  4) HDL Synthesis
       4.1) HDL Synthesis Report
  5) Advanced HDL Synthesis
       5.1) Advanced HDL Synthesis Report
  6) Low Level Synthesis
  7) Partition Report
  8) Design Summary
       8.1) Primitive and Black Box Usage
       8.2) Device utilization summary
       8.3) Partition Resource Summary
       8.4) Timing Report
            8.4.1) Clock Information
            8.4.2) Asynchronous Control Signals Information
            8.4.3) Timing Summary
            8.4.4) Timing Details
            8.4.5) Cross Clock Domains Report


=========================================================================
*                      Synthesis Options Summary                        *
=========================================================================
---- Source Parameters
Input File Name                    : "modulo_gps.prj"
Ignore Synthesis Constraint File   : NO

---- Target Parameters
Output File Name                   : "modulo_gps"
Output Format                      : NGC
Target Device                      : xc6slx9-2-tqg144

---- Source Options
Top Module Name                    : modulo_gps
Automatic FSM Extraction           : YES
FSM Encoding Algorithm             : Auto
Safe Implementation                : No
FSM Style                          : LUT
RAM Extraction                     : Yes
RAM Style                          : Auto
ROM Extraction                     : Yes
Shift Register Extraction          : YES
ROM Style                          : Auto
Resource Sharing                   : YES
Asynchronous To Synchronous        : NO
Shift Register Minimum Size        : 2
Use DSP Block                      : Auto
Automatic Register Balancing       : No

---- Target Options
LUT Combining                      : Auto
Reduce Control Sets                : Auto
Add IO Buffers                     : YES
Global Maximum Fanout              : 100000
Add Generic Clock Buffer(BUFG)     : 16
Register Duplication               : YES
Optimize Instantiated Primitives   : NO
Use Clock Enable                   : Auto
Use Synchronous Set                : Auto
Use Synchronous Reset              : Auto
Pack IO Registers into IOBs        : Auto
Equivalent register Removal        : YES

---- General Options
Optimization Goal                  : Speed
Optimization Effort                : 1
Power Reduction                    : NO
Keep Hierarchy                     : No
Netlist Hierarchy                  : As_Optimized
RTL Output                         : Yes
Global Optimization                : AllClockNets
Read Cores                         : YES
Write Timing Constraints           : NO
Cross Clock Analysis               : NO
Hierarchy Separator                : /
Bus Delimiter                      : <>
Case Specifier                     : Maintain
Slice Utilization Ratio            : 100
BRAM Utilization Ratio             : 100
DSP48 Utilization Ratio            : 100
Auto BRAM Packing                  : NO
Slice Utilization Ratio Delta      : 5

=========================================================================


=========================================================================
*                          HDL Parsing                                  *
=========================================================================
Parsing VHDL file "/home/pedro/Documents/ISE/Proyecto_grado/RACIMOStorm/maq_en_cnt_gps.vhd" into library work
Parsing entity <maq_en_cnt_gps>.
Parsing architecture <Behavioral> of entity <maq_en_cnt_gps>.
Parsing VHDL file "/home/pedro/Documents/ISE/Proyecto_grado/RACIMOStorm/maquina_rst_gps.vhd" into library work
Parsing entity <maquina_rst_cnt_gps>.
Parsing architecture <Behavioral> of entity <maquina_rst_cnt_gps>.
Parsing VHDL file "/home/pedro/Documents/ISE/Proyecto_grado/RACIMOStorm/contador_gps.vhd" into library work
Parsing entity <contador_gps>.
Parsing architecture <Behavioral> of entity <contador_gps>.
Parsing VHDL file "/home/pedro/Documents/ISE/Proyecto_grado/RACIMOStorm/modulo_gps.vhd" into library work
Parsing entity <modulo_gps>.
Parsing architecture <Behavioral> of entity <modulo_gps>.

=========================================================================
*                            HDL Elaboration                            *
=========================================================================

Elaborating entity <modulo_gps> (architecture <Behavioral>) from library <work>.

Elaborating entity <contador_gps> (architecture <Behavioral>) from library <work>.

Elaborating entity <maq_en_cnt_gps> (architecture <Behavioral>) from library <work>.
INFO:HDLCompiler:679 - "/home/pedro/Documents/ISE/Proyecto_grado/RACIMOStorm/maq_en_cnt_gps.vhd" Line 56. Case statement is complete. others clause is never selected

Elaborating entity <maquina_rst_cnt_gps> (architecture <Behavioral>) from library <work>.
INFO:HDLCompiler:679 - "/home/pedro/Documents/ISE/Proyecto_grado/RACIMOStorm/maquina_rst_gps.vhd" Line 59. Case statement is complete. others clause is never selected

=========================================================================
*                           HDL Synthesis                               *
=========================================================================

Synthesizing Unit <modulo_gps>.
    Related source file is "/home/pedro/Documents/ISE/Proyecto_grado/RACIMOStorm/modulo_gps.vhd".
    Summary:
	no macro.
Unit <modulo_gps> synthesized.

Synthesizing Unit <contador_gps>.
    Related source file is "/home/pedro/Documents/ISE/Proyecto_grado/RACIMOStorm/contador_gps.vhd".
    Found 27-bit register for signal <q_bus>.
    Found 27-bit adder for signal <q_bus[26]_GND_7_o_add_5_OUT> created at line 42.
    Found 27-bit comparator lessequal for signal <bus_sel_INV_1_o> created at line 39
    Summary:
	inferred   1 Adder/Subtractor(s).
	inferred  27 D-type flip-flop(s).
	inferred   1 Comparator(s).
Unit <contador_gps> synthesized.

Synthesizing Unit <maq_en_cnt_gps>.
    Related source file is "/home/pedro/Documents/ISE/Proyecto_grado/RACIMOStorm/maq_en_cnt_gps.vhd".
    Found 1-bit register for signal <q_bus>.
    Summary:
	inferred   1 D-type flip-flop(s).
	inferred   1 Multiplexer(s).
Unit <maq_en_cnt_gps> synthesized.

Synthesizing Unit <maquina_rst_cnt_gps>.
    Related source file is "/home/pedro/Documents/ISE/Proyecto_grado/RACIMOStorm/maquina_rst_gps.vhd".
    Found 2-bit register for signal <q_bus>.
    Found finite state machine <FSM_0> for signal <q_bus>.
    -----------------------------------------------------------------------
    | States             | 3                                              |
    | Transitions        | 8                                              |
    | Inputs             | 2                                              |
    | Outputs            | 1                                              |
    | Clock              | clk (rising_edge)                              |
    | Reset              | rst_maq (positive)                             |
    | Reset type         | synchronous                                    |
    | Reset State        | s0                                             |
    | Power Up State     | s0                                             |
    | Encoding           | auto                                           |
    | Implementation     | LUT                                            |
    -----------------------------------------------------------------------
    Summary:
	inferred   1 Finite State Machine(s).
Unit <maquina_rst_cnt_gps> synthesized.

=========================================================================
HDL Synthesis Report

Macro Statistics
# Adders/Subtractors                                   : 1
 27-bit adder                                          : 1
# Registers                                            : 2
 1-bit register                                        : 1
 27-bit register                                       : 1
# Comparators                                          : 1
 27-bit comparator lessequal                           : 1
# Multiplexers                                         : 1
 1-bit 2-to-1 multiplexer                              : 1
# FSMs                                                 : 1

=========================================================================

=========================================================================
*                       Advanced HDL Synthesis                          *
=========================================================================


Synthesizing (advanced) Unit <contador_gps>.
The following registers are absorbed into counter <q_bus>: 1 register on signal <q_bus>.
Unit <contador_gps> synthesized (advanced).

=========================================================================
Advanced HDL Synthesis Report

Macro Statistics
# Counters                                             : 1
 27-bit up counter                                     : 1
# Registers                                            : 1
 Flip-Flops                                            : 1
# Comparators                                          : 1
 27-bit comparator lessequal                           : 1
# FSMs                                                 : 1

=========================================================================

=========================================================================
*                         Low Level Synthesis                           *
=========================================================================
Analyzing FSM <MFsm> for best encoding.
Optimizing FSM <FSM_0> on signal <q_bus[1:2]> with user encoding.
-------------------
 State | Encoding
-------------------
 s0    | 00
 cnt   | 01
 res   | 10
-------------------

Optimizing unit <modulo_gps> ...
WARNING:Xst:1293 - FF/Latch <Inst_contador_gps/q_bus_25> has a constant value of 0 in block <modulo_gps>. This FF/Latch will be trimmed during the optimization process.
WARNING:Xst:1896 - Due to other FF/Latch trimming, FF/Latch <Inst_contador_gps/q_bus_24> has a constant value of 0 in block <modulo_gps>. This FF/Latch will be trimmed during the optimization process.
WARNING:Xst:1896 - Due to other FF/Latch trimming, FF/Latch <Inst_contador_gps/q_bus_26> has a constant value of 0 in block <modulo_gps>. This FF/Latch will be trimmed during the optimization process.
WARNING:Xst:1896 - Due to other FF/Latch trimming, FF/Latch <Inst_contador_gps/q_bus_23> has a constant value of 0 in block <modulo_gps>. This FF/Latch will be trimmed during the optimization process.
WARNING:Xst:1896 - Due to other FF/Latch trimming, FF/Latch <Inst_contador_gps/q_bus_22> has a constant value of 0 in block <modulo_gps>. This FF/Latch will be trimmed during the optimization process.
WARNING:Xst:1896 - Due to other FF/Latch trimming, FF/Latch <Inst_contador_gps/q_bus_21> has a constant value of 0 in block <modulo_gps>. This FF/Latch will be trimmed during the optimization process.
WARNING:Xst:1896 - Due to other FF/Latch trimming, FF/Latch <Inst_contador_gps/q_bus_20> has a constant value of 0 in block <modulo_gps>. This FF/Latch will be trimmed during the optimization process.
WARNING:Xst:1896 - Due to other FF/Latch trimming, FF/Latch <Inst_contador_gps/q_bus_19> has a constant value of 0 in block <modulo_gps>. This FF/Latch will be trimmed during the optimization process.
WARNING:Xst:1896 - Due to other FF/Latch trimming, FF/Latch <Inst_contador_gps/q_bus_18> has a constant value of 0 in block <modulo_gps>. This FF/Latch will be trimmed during the optimization process.
WARNING:Xst:1896 - Due to other FF/Latch trimming, FF/Latch <Inst_contador_gps/q_bus_17> has a constant value of 0 in block <modulo_gps>. This FF/Latch will be trimmed during the optimization process.
WARNING:Xst:1896 - Due to other FF/Latch trimming, FF/Latch <Inst_contador_gps/q_bus_16> has a constant value of 0 in block <modulo_gps>. This FF/Latch will be trimmed during the optimization process.
WARNING:Xst:1896 - Due to other FF/Latch trimming, FF/Latch <Inst_contador_gps/q_bus_15> has a constant value of 0 in block <modulo_gps>. This FF/Latch will be trimmed during the optimization process.
WARNING:Xst:1896 - Due to other FF/Latch trimming, FF/Latch <Inst_contador_gps/q_bus_14> has a constant value of 0 in block <modulo_gps>. This FF/Latch will be trimmed during the optimization process.
WARNING:Xst:1896 - Due to other FF/Latch trimming, FF/Latch <Inst_contador_gps/q_bus_13> has a constant value of 0 in block <modulo_gps>. This FF/Latch will be trimmed during the optimization process.
WARNING:Xst:1896 - Due to other FF/Latch trimming, FF/Latch <Inst_contador_gps/q_bus_12> has a constant value of 0 in block <modulo_gps>. This FF/Latch will be trimmed during the optimization process.
WARNING:Xst:1896 - Due to other FF/Latch trimming, FF/Latch <Inst_contador_gps/q_bus_11> has a constant value of 0 in block <modulo_gps>. This FF/Latch will be trimmed during the optimization process.
WARNING:Xst:1896 - Due to other FF/Latch trimming, FF/Latch <Inst_contador_gps/q_bus_10> has a constant value of 0 in block <modulo_gps>. This FF/Latch will be trimmed during the optimization process.

Mapping all equations...
Building and optimizing final netlist ...
Found area constraint ratio of 100 (+ 5) on block modulo_gps, actual ratio is 0.

Final Macro Processing ...

=========================================================================
Final Register Report

Macro Statistics
# Registers                                            : 13
 Flip-Flops                                            : 13

=========================================================================

=========================================================================
*                           Partition Report                            *
=========================================================================

Partition Implementation Status
-------------------------------

  No Partitions were found in this design.

-------------------------------

=========================================================================
*                            Design Summary                             *
=========================================================================

Top Level Output File Name         : modulo_gps.ngc

Primitive and Black Box Usage:
------------------------------
# BELS                             : 55
#      GND                         : 1
#      INV                         : 1
#      LUT1                        : 9
#      LUT2                        : 1
#      LUT3                        : 3
#      LUT4                        : 3
#      LUT5                        : 10
#      MUXCY                       : 16
#      VCC                         : 1
#      XORCY                       : 10
# FlipFlops/Latches                : 13
#      FD                          : 10
#      FDR                         : 3
# Clock Buffers                    : 1
#      BUFGP                       : 1
# IO Buffers                       : 30
#      IBUF                        : 3
#      OBUF                        : 27

Device utilization summary:
---------------------------

Selected Device : 6slx9tqg144-2 


Slice Logic Utilization: 
 Number of Slice Registers:              13  out of  11440     0%  
 Number of Slice LUTs:                   27  out of   5720     0%  
    Number used as Logic:                27  out of   5720     0%  

Slice Logic Distribution: 
 Number of LUT Flip Flop pairs used:     28
   Number with an unused Flip Flop:      15  out of     28    53%  
   Number with an unused LUT:             1  out of     28     3%  
   Number of fully used LUT-FF pairs:    12  out of     28    42%  
   Number of unique control sets:         2

IO Utilization: 
 Number of IOs:                          31
 Number of bonded IOBs:                  31  out of    102    30%  

Specific Feature Utilization:
 Number of BUFG/BUFGCTRLs:                1  out of     16     6%  

---------------------------
Partition Resource Summary:
---------------------------

  No Partitions were found in this design.

---------------------------


=========================================================================
Timing Report

NOTE: THESE TIMING NUMBERS ARE ONLY A SYNTHESIS ESTIMATE.
      FOR ACCURATE TIMING INFORMATION PLEASE REFER TO THE TRACE REPORT
      GENERATED AFTER PLACE-and-ROUTE.

Clock Information:
------------------
-----------------------------------+------------------------+-------+
Clock Signal                       | Clock buffer(FF name)  | Load  |
-----------------------------------+------------------------+-------+
clk                                | BUFGP                  | 13    |
-----------------------------------+------------------------+-------+

Asynchronous Control Signals Information:
----------------------------------------
No asynchronous control signals found in this design

Timing Summary:
---------------
Speed Grade: -2

   Minimum period: 3.694ns (Maximum Frequency: 270.709MHz)
   Minimum input arrival time before clock: 2.591ns
   Maximum output required time after clock: 4.277ns
   Maximum combinational path delay: No path found

Timing Details:
---------------
All values displayed in nanoseconds (ns)

=========================================================================
Timing constraint: Default period analysis for Clock 'clk'
  Clock period: 3.694ns (frequency: 270.709MHz)
  Total number of paths / destination ports: 204 / 13
-------------------------------------------------------------------------
Delay:               3.694ns (Levels of Logic = 7)
  Source:            Inst_contador_gps/q_bus_7 (FF)
  Destination:       Inst_contador_gps/q_bus_2 (FF)
  Source Clock:      clk rising
  Destination Clock: clk rising

  Data Path: Inst_contador_gps/q_bus_7 to Inst_contador_gps/q_bus_2
                                Gate     Net
    Cell:in->out      fanout   Delay   Delay  Logical Name (Net Name)
    ----------------------------------------  ------------
     FD:C->Q               5   0.525   1.271  Inst_contador_gps/q_bus_7 (Inst_contador_gps/q_bus_7)
     LUT5:I0->O            1   0.254   0.000  Inst_contador_gps/Mcompar__n0019_lut<0> (Inst_contador_gps/Mcompar__n0019_lut<0>)
     MUXCY:S->O            1   0.215   0.000  Inst_contador_gps/Mcompar__n0019_cy<0> (Inst_contador_gps/Mcompar__n0019_cy<0>)
     MUXCY:CI->O           1   0.023   0.000  Inst_contador_gps/Mcompar__n0019_cy<1> (Inst_contador_gps/Mcompar__n0019_cy<1>)
     MUXCY:CI->O           1   0.023   0.000  Inst_contador_gps/Mcompar__n0019_cy<2> (Inst_contador_gps/Mcompar__n0019_cy<2>)
     MUXCY:CI->O           1   0.023   0.000  Inst_contador_gps/Mcompar__n0019_cy<3> (Inst_contador_gps/Mcompar__n0019_cy<3>)
     MUXCY:CI->O          10   0.023   1.008  Inst_contador_gps/Mcompar__n0019_cy<4> (Inst_contador_gps/_n0019)
     LUT5:I4->O            1   0.254   0.000  Inst_contador_gps/q_bus_2_rstpot (Inst_contador_gps/q_bus_2_rstpot)
     FD:D                      0.074          Inst_contador_gps/q_bus_2
    ----------------------------------------
    Total                      3.694ns (1.415ns logic, 2.279ns route)
                                       (38.3% logic, 61.7% route)

=========================================================================
Timing constraint: Default OFFSET IN BEFORE for Clock 'clk'
  Total number of paths / destination ports: 7 / 6
-------------------------------------------------------------------------
Offset:              2.591ns (Levels of Logic = 2)
  Source:            in_pps (PAD)
  Destination:       Inst_maquina_rst_cnt_gps/q_bus_FSM_FFd2 (FF)
  Destination Clock: clk rising

  Data Path: in_pps to Inst_maquina_rst_cnt_gps/q_bus_FSM_FFd2
                                Gate     Net
    Cell:in->out      fanout   Delay   Delay  Logical Name (Net Name)
    ----------------------------------------  ------------
     IBUF:I->O             2   1.328   0.954  in_pps_IBUF (in_pps_IBUF)
     LUT4:I1->O            1   0.235   0.000  Inst_maquina_rst_cnt_gps/q_bus_FSM_FFd2-In1 (Inst_maquina_rst_cnt_gps/q_bus_FSM_FFd2-In)
     FDR:D                     0.074          Inst_maquina_rst_cnt_gps/q_bus_FSM_FFd2
    ----------------------------------------
    Total                      2.591ns (1.637ns logic, 0.954ns route)
                                       (63.2% logic, 36.8% route)

=========================================================================
Timing constraint: Default OFFSET OUT AFTER for Clock 'clk'
  Total number of paths / destination ports: 10 / 10
-------------------------------------------------------------------------
Offset:              4.277ns (Levels of Logic = 1)
  Source:            Inst_contador_gps/q_bus_7 (FF)
  Destination:       conteo_gps<7> (PAD)
  Source Clock:      clk rising

  Data Path: Inst_contador_gps/q_bus_7 to conteo_gps<7>
                                Gate     Net
    Cell:in->out      fanout   Delay   Delay  Logical Name (Net Name)
    ----------------------------------------  ------------
     FD:C->Q               5   0.525   0.840  Inst_contador_gps/q_bus_7 (Inst_contador_gps/q_bus_7)
     OBUF:I->O                 2.912          conteo_gps_7_OBUF (conteo_gps<7>)
    ----------------------------------------
    Total                      4.277ns (3.437ns logic, 0.840ns route)
                                       (80.4% logic, 19.6% route)

=========================================================================

Cross Clock Domains Report:
--------------------------

Clock to Setup on destination clock clk
---------------+---------+---------+---------+---------+
               | Src:Rise| Src:Fall| Src:Rise| Src:Fall|
Source Clock   |Dest:Rise|Dest:Rise|Dest:Fall|Dest:Fall|
---------------+---------+---------+---------+---------+
clk            |    3.694|         |         |         |
---------------+---------+---------+---------+---------+

=========================================================================


Total REAL time to Xst completion: 23.00 secs
Total CPU time to Xst completion: 21.95 secs
 
--> 


Total memory usage is 394024 kilobytes

Number of errors   :    0 (   0 filtered)
Number of warnings :   17 (   0 filtered)
Number of infos    :    0 (   0 filtered)

