Release 14.7 - xst P.20131013 (lin64)
Copyright (c) 1995-2013 Xilinx, Inc.  All rights reserved.
--> 
Parameter TMPDIR set to xst/projnav.tmp


Total REAL time to Xst completion: 0.00 secs
Total CPU time to Xst completion: 0.16 secs
 
--> 
Parameter xsthdpdir set to xst


Total REAL time to Xst completion: 0.00 secs
Total CPU time to Xst completion: 0.16 secs
 
--> 
Reading design: Retenedo_Memoria.prj

TABLE OF CONTENTS
  1) Synthesis Options Summary
  2) HDL Parsing
  3) HDL Elaboration
  4) HDL Synthesis
       4.1) HDL Synthesis Report
  5) Advanced HDL Synthesis
       5.1) Advanced HDL Synthesis Report
  6) Low Level Synthesis
  7) Partition Report
  8) Design Summary
       8.1) Primitive and Black Box Usage
       8.2) Device utilization summary
       8.3) Partition Resource Summary
       8.4) Timing Report
            8.4.1) Clock Information
            8.4.2) Asynchronous Control Signals Information
            8.4.3) Timing Summary
            8.4.4) Timing Details
            8.4.5) Cross Clock Domains Report


=========================================================================
*                      Synthesis Options Summary                        *
=========================================================================
---- Source Parameters
Input File Name                    : "Retenedo_Memoria.prj"
Ignore Synthesis Constraint File   : NO

---- Target Parameters
Output File Name                   : "Retenedo_Memoria"
Output Format                      : NGC
Target Device                      : xc6slx9-2-tqg144

---- Source Options
Top Module Name                    : Retenedo_Memoria
Automatic FSM Extraction           : YES
FSM Encoding Algorithm             : Auto
Safe Implementation                : No
FSM Style                          : LUT
RAM Extraction                     : Yes
RAM Style                          : Auto
ROM Extraction                     : Yes
Shift Register Extraction          : YES
ROM Style                          : Auto
Resource Sharing                   : YES
Asynchronous To Synchronous        : NO
Shift Register Minimum Size        : 2
Use DSP Block                      : Auto
Automatic Register Balancing       : No

---- Target Options
LUT Combining                      : Auto
Reduce Control Sets                : Auto
Add IO Buffers                     : YES
Global Maximum Fanout              : 100000
Add Generic Clock Buffer(BUFG)     : 16
Register Duplication               : YES
Optimize Instantiated Primitives   : NO
Use Clock Enable                   : Auto
Use Synchronous Set                : Auto
Use Synchronous Reset              : Auto
Pack IO Registers into IOBs        : Auto
Equivalent register Removal        : YES

---- General Options
Optimization Goal                  : Speed
Optimization Effort                : 1
Power Reduction                    : NO
Keep Hierarchy                     : No
Netlist Hierarchy                  : As_Optimized
RTL Output                         : Yes
Global Optimization                : AllClockNets
Read Cores                         : YES
Write Timing Constraints           : NO
Cross Clock Analysis               : NO
Hierarchy Separator                : /
Bus Delimiter                      : <>
Case Specifier                     : Maintain
Slice Utilization Ratio            : 100
BRAM Utilization Ratio             : 100
DSP48 Utilization Ratio            : 100
Auto BRAM Packing                  : NO
Slice Utilization Ratio Delta      : 5

=========================================================================


=========================================================================
*                          HDL Parsing                                  *
=========================================================================
Parsing VHDL file "/home/pedro/Documents/ISE/RACIMOStorm/Retenedo_Memoria.vhd" into library work
Parsing entity <Retenedo_Memoria>.
Parsing architecture <Behavioral> of entity <retenedo_memoria>.

=========================================================================
*                            HDL Elaboration                            *
=========================================================================

Elaborating entity <Retenedo_Memoria> (architecture <Behavioral>) from library <work>.

=========================================================================
*                           HDL Synthesis                               *
=========================================================================

Synthesizing Unit <Retenedo_Memoria>.
    Related source file is "/home/pedro/Documents/ISE/RACIMOStorm/Retenedo_Memoria.vhd".
    Found 9-bit register for signal <q_bus>.
    Found 9-bit adder for signal <q_bus[8]_GND_6_o_add_5_OUT> created at line 42.
    Found 9-bit comparator lessequal for signal <bus_sel_INV_1_o> created at line 39
    Summary:
	inferred   1 Adder/Subtractor(s).
	inferred   9 D-type flip-flop(s).
	inferred   1 Comparator(s).
Unit <Retenedo_Memoria> synthesized.

=========================================================================
HDL Synthesis Report

Macro Statistics
# Adders/Subtractors                                   : 1
 9-bit adder                                           : 1
# Registers                                            : 1
 9-bit register                                        : 1
# Comparators                                          : 1
 9-bit comparator lessequal                            : 1

=========================================================================

=========================================================================
*                       Advanced HDL Synthesis                          *
=========================================================================


Synthesizing (advanced) Unit <Retenedo_Memoria>.
The following registers are absorbed into counter <q_bus>: 1 register on signal <q_bus>.
Unit <Retenedo_Memoria> synthesized (advanced).

=========================================================================
Advanced HDL Synthesis Report

Macro Statistics
# Counters                                             : 1
 9-bit up counter                                      : 1
# Comparators                                          : 1
 9-bit comparator lessequal                            : 1

=========================================================================

=========================================================================
*                         Low Level Synthesis                           *
=========================================================================

Optimizing unit <Retenedo_Memoria> ...

Mapping all equations...
Building and optimizing final netlist ...
Found area constraint ratio of 100 (+ 5) on block Retenedo_Memoria, actual ratio is 0.

Final Macro Processing ...

=========================================================================
Final Register Report

Macro Statistics
# Registers                                            : 9
 Flip-Flops                                            : 9

=========================================================================

=========================================================================
*                           Partition Report                            *
=========================================================================

Partition Implementation Status
-------------------------------

  No Partitions were found in this design.

-------------------------------

=========================================================================
*                            Design Summary                             *
=========================================================================

Top Level Output File Name         : Retenedo_Memoria.ngc

Primitive and Black Box Usage:
------------------------------
# BELS                             : 44
#      GND                         : 1
#      INV                         : 1
#      LUT1                        : 8
#      LUT3                        : 2
#      LUT4                        : 10
#      LUT5                        : 1
#      LUT6                        : 3
#      MUXCY                       : 8
#      VCC                         : 1
#      XORCY                       : 9
# FlipFlops/Latches                : 9
#      FD                          : 9
# Clock Buffers                    : 1
#      BUFGP                       : 1
# IO Buffers                       : 3
#      IBUF                        : 2
#      OBUF                        : 1

Device utilization summary:
---------------------------

Selected Device : 6slx9tqg144-2 


Slice Logic Utilization: 
 Number of Slice Registers:               9  out of  11440     0%  
 Number of Slice LUTs:                   25  out of   5720     0%  
    Number used as Logic:                25  out of   5720     0%  

Slice Logic Distribution: 
 Number of LUT Flip Flop pairs used:     25
   Number with an unused Flip Flop:      16  out of     25    64%  
   Number with an unused LUT:             0  out of     25     0%  
   Number of fully used LUT-FF pairs:     9  out of     25    36%  
   Number of unique control sets:         1

IO Utilization: 
 Number of IOs:                           4
 Number of bonded IOBs:                   4  out of    102     3%  

Specific Feature Utilization:
 Number of BUFG/BUFGCTRLs:                1  out of     16     6%  

---------------------------
Partition Resource Summary:
---------------------------

  No Partitions were found in this design.

---------------------------


=========================================================================
Timing Report

NOTE: THESE TIMING NUMBERS ARE ONLY A SYNTHESIS ESTIMATE.
      FOR ACCURATE TIMING INFORMATION PLEASE REFER TO THE TRACE REPORT
      GENERATED AFTER PLACE-and-ROUTE.

Clock Information:
------------------
-----------------------------------+------------------------+-------+
Clock Signal                       | Clock buffer(FF name)  | Load  |
-----------------------------------+------------------------+-------+
clk                                | BUFGP                  | 9     |
-----------------------------------+------------------------+-------+

Asynchronous Control Signals Information:
----------------------------------------
No asynchronous control signals found in this design

Timing Summary:
---------------
Speed Grade: -2

   Minimum period: 4.148ns (Maximum Frequency: 241.080MHz)
   Minimum input arrival time before clock: 4.353ns
   Maximum output required time after clock: 6.864ns
   Maximum combinational path delay: No path found

Timing Details:
---------------
All values displayed in nanoseconds (ns)

=========================================================================
Timing constraint: Default period analysis for Clock 'clk'
  Clock period: 4.148ns (frequency: 241.080MHz)
  Total number of paths / destination ports: 138 / 9
-------------------------------------------------------------------------
Delay:               4.148ns (Levels of Logic = 3)
  Source:            q_bus_6 (FF)
  Destination:       q_bus_3 (FF)
  Source Clock:      clk rising
  Destination Clock: clk rising

  Data Path: q_bus_6 to q_bus_3
                                Gate     Net
    Cell:in->out      fanout   Delay   Delay  Logical Name (Net Name)
    ----------------------------------------  ------------
     FD:C->Q               4   0.525   1.032  q_bus_6 (q_bus_6)
     LUT3:I0->O            2   0.235   0.834  ocupado_mem12_SW0 (N3)
     LUT6:I4->O            8   0.250   0.944  Mcount_q_bus_val1 (Mcount_q_bus_val)
     LUT4:I3->O            1   0.254   0.000  q_bus_3_rstpot (q_bus_3_rstpot)
     FD:D                      0.074          q_bus_3
    ----------------------------------------
    Total                      4.148ns (1.338ns logic, 2.810ns route)
                                       (32.3% logic, 67.7% route)

=========================================================================
Timing constraint: Default OFFSET IN BEFORE for Clock 'clk'
  Total number of paths / destination ports: 30 / 9
-------------------------------------------------------------------------
Offset:              4.353ns (Levels of Logic = 3)
  Source:            en_ret_mem (PAD)
  Destination:       q_bus_3 (FF)
  Destination Clock: clk rising

  Data Path: en_ret_mem to q_bus_3
                                Gate     Net
    Cell:in->out      fanout   Delay   Delay  Logical Name (Net Name)
    ----------------------------------------  ------------
     IBUF:I->O            12   1.328   1.499  en_ret_mem_IBUF (en_ret_mem_IBUF)
     LUT6:I1->O            8   0.254   0.944  Mcount_q_bus_val1 (Mcount_q_bus_val)
     LUT4:I3->O            1   0.254   0.000  q_bus_3_rstpot (q_bus_3_rstpot)
     FD:D                      0.074          q_bus_3
    ----------------------------------------
    Total                      4.353ns (1.910ns logic, 2.443ns route)
                                       (43.9% logic, 56.1% route)

=========================================================================
Timing constraint: Default OFFSET OUT AFTER for Clock 'clk'
  Total number of paths / destination ports: 9 / 1
-------------------------------------------------------------------------
Offset:              6.864ns (Levels of Logic = 3)
  Source:            q_bus_3 (FF)
  Destination:       ocupado_mem (PAD)
  Source Clock:      clk rising

  Data Path: q_bus_3 to ocupado_mem
                                Gate     Net
    Cell:in->out      fanout   Delay   Delay  Logical Name (Net Name)
    ----------------------------------------  ------------
     FD:C->Q               3   0.525   1.042  q_bus_3 (q_bus_3)
     LUT4:I0->O            3   0.254   1.196  ocupado_mem11 (ocupado_mem1)
     LUT6:I1->O            1   0.254   0.681  ocupado_mem12 (ocupado_mem_OBUF)
     OBUF:I->O                 2.912          ocupado_mem_OBUF (ocupado_mem)
    ----------------------------------------
    Total                      6.864ns (3.945ns logic, 2.919ns route)
                                       (57.5% logic, 42.5% route)

=========================================================================

Cross Clock Domains Report:
--------------------------

Clock to Setup on destination clock clk
---------------+---------+---------+---------+---------+
               | Src:Rise| Src:Fall| Src:Rise| Src:Fall|
Source Clock   |Dest:Rise|Dest:Rise|Dest:Fall|Dest:Fall|
---------------+---------+---------+---------+---------+
clk            |    4.148|         |         |         |
---------------+---------+---------+---------+---------+

=========================================================================


Total REAL time to Xst completion: 27.00 secs
Total CPU time to Xst completion: 23.29 secs
 
--> 


Total memory usage is 393820 kilobytes

Number of errors   :    0 (   0 filtered)
Number of warnings :    0 (   0 filtered)
Number of infos    :    0 (   0 filtered)

