Command line:
   Simulacion_V9_isim_beh.exe
     -simmode  gui
     -simrunnum  0
     -socket  40797

Fri Jun 26 19:58:51 2020


 Elaboration Time: 0.12 sec

 Current Memory Usage: 229.691 Meg

 Total Signals          : 560
 Total Nets             : 1597
 Total Signal Drivers   : 250
 Total Blocks           : 39
 Total Primitive Blocks : 30
 Total Processes        : 222
 Total Traceable Variables  : 20
 Total Scalar Nets and Variables : 2109
Total Line Count : 746
Total Line Count : 746

 Total Simulation Time: 0.45 sec

 Current Memory Usage: 305.193 Meg

Fri Jun 26 19:59:22 2020

