Release 14.7 - xst P.20131013 (lin64)
Copyright (c) 1995-2013 Xilinx, Inc.  All rights reserved.
--> 
Parameter TMPDIR set to xst/projnav.tmp


Total REAL time to Xst completion: 1.00 secs
Total CPU time to Xst completion: 0.16 secs
 
--> 
Parameter xsthdpdir set to xst


Total REAL time to Xst completion: 1.00 secs
Total CPU time to Xst completion: 0.16 secs
 
--> 
Reading design: Contador2.prj

TABLE OF CONTENTS
  1) Synthesis Options Summary
  2) HDL Parsing
  3) HDL Elaboration
  4) HDL Synthesis
       4.1) HDL Synthesis Report
  5) Advanced HDL Synthesis
       5.1) Advanced HDL Synthesis Report
  6) Low Level Synthesis
  7) Partition Report
  8) Design Summary
       8.1) Primitive and Black Box Usage
       8.2) Device utilization summary
       8.3) Partition Resource Summary
       8.4) Timing Report
            8.4.1) Clock Information
            8.4.2) Asynchronous Control Signals Information
            8.4.3) Timing Summary
            8.4.4) Timing Details
            8.4.5) Cross Clock Domains Report


=========================================================================
*                      Synthesis Options Summary                        *
=========================================================================
---- Source Parameters
Input File Name                    : "Contador2.prj"
Ignore Synthesis Constraint File   : NO

---- Target Parameters
Output File Name                   : "Contador2"
Output Format                      : NGC
Target Device                      : xc6slx9-2-tqg144

---- Source Options
Top Module Name                    : Contador2
Automatic FSM Extraction           : YES
FSM Encoding Algorithm             : Auto
Safe Implementation                : No
FSM Style                          : LUT
RAM Extraction                     : Yes
RAM Style                          : Auto
ROM Extraction                     : Yes
Shift Register Extraction          : YES
ROM Style                          : Auto
Resource Sharing                   : YES
Asynchronous To Synchronous        : NO
Shift Register Minimum Size        : 2
Use DSP Block                      : Auto
Automatic Register Balancing       : No

---- Target Options
LUT Combining                      : Auto
Reduce Control Sets                : Auto
Add IO Buffers                     : YES
Global Maximum Fanout              : 100000
Add Generic Clock Buffer(BUFG)     : 16
Register Duplication               : YES
Optimize Instantiated Primitives   : NO
Use Clock Enable                   : Auto
Use Synchronous Set                : Auto
Use Synchronous Reset              : Auto
Pack IO Registers into IOBs        : Auto
Equivalent register Removal        : YES

---- General Options
Optimization Goal                  : Speed
Optimization Effort                : 1
Power Reduction                    : NO
Keep Hierarchy                     : No
Netlist Hierarchy                  : As_Optimized
RTL Output                         : Yes
Global Optimization                : AllClockNets
Read Cores                         : YES
Write Timing Constraints           : NO
Cross Clock Analysis               : NO
Hierarchy Separator                : /
Bus Delimiter                      : <>
Case Specifier                     : Maintain
Slice Utilization Ratio            : 100
BRAM Utilization Ratio             : 100
DSP48 Utilization Ratio            : 100
Auto BRAM Packing                  : NO
Slice Utilization Ratio Delta      : 5

=========================================================================


=========================================================================
*                          HDL Parsing                                  *
=========================================================================
Parsing VHDL file "/home/pedro/Documents/ISE/Escritura_Borrado_Lectura/Esc_Lec_Bor_Toda_La_Memoria/Contador2.vhd" into library work
Parsing entity <Contador2>.
Parsing architecture <Behavioral> of entity <contador2>.

=========================================================================
*                            HDL Elaboration                            *
=========================================================================

Elaborating entity <Contador2> (architecture <Behavioral>) from library <work>.

=========================================================================
*                           HDL Synthesis                               *
=========================================================================

Synthesizing Unit <Contador2>.
    Related source file is "/home/pedro/Documents/ISE/Escritura_Borrado_Lectura/Esc_Lec_Bor_Toda_La_Memoria/Contador2.vhd".
    Found 6-bit register for signal <q_bus>.
    Found 6-bit adder for signal <q_bus[5]_GND_6_o_add_5_OUT> created at line 45.
    Found 6-bit comparator lessequal for signal <bus_sel_INV_1_o> created at line 42
    Summary:
	inferred   1 Adder/Subtractor(s).
	inferred   6 D-type flip-flop(s).
	inferred   1 Comparator(s).
Unit <Contador2> synthesized.

=========================================================================
HDL Synthesis Report

Macro Statistics
# Adders/Subtractors                                   : 1
 6-bit adder                                           : 1
# Registers                                            : 1
 6-bit register                                        : 1
# Comparators                                          : 1
 6-bit comparator lessequal                            : 1

=========================================================================

=========================================================================
*                       Advanced HDL Synthesis                          *
=========================================================================


Synthesizing (advanced) Unit <Contador2>.
The following registers are absorbed into counter <q_bus>: 1 register on signal <q_bus>.
Unit <Contador2> synthesized (advanced).

=========================================================================
Advanced HDL Synthesis Report

Macro Statistics
# Counters                                             : 1
 6-bit up counter                                      : 1
# Comparators                                          : 1
 6-bit comparator lessequal                            : 1

=========================================================================

=========================================================================
*                         Low Level Synthesis                           *
=========================================================================

Optimizing unit <Contador2> ...

Mapping all equations...
Building and optimizing final netlist ...
Found area constraint ratio of 100 (+ 5) on block Contador2, actual ratio is 0.

Final Macro Processing ...

=========================================================================
Final Register Report

Macro Statistics
# Registers                                            : 6
 Flip-Flops                                            : 6

=========================================================================

=========================================================================
*                           Partition Report                            *
=========================================================================

Partition Implementation Status
-------------------------------

  No Partitions were found in this design.

-------------------------------

=========================================================================
*                            Design Summary                             *
=========================================================================

Top Level Output File Name         : Contador2.ngc

Primitive and Black Box Usage:
------------------------------
# BELS                             : 10
#      LUT2                        : 1
#      LUT4                        : 1
#      LUT5                        : 5
#      LUT6                        : 3
# FlipFlops/Latches                : 6
#      FD                          : 6
# Clock Buffers                    : 1
#      BUFGP                       : 1
# IO Buffers                       : 9
#      IBUF                        : 2
#      OBUF                        : 7

Device utilization summary:
---------------------------

Selected Device : 6slx9tqg144-2 


Slice Logic Utilization: 
 Number of Slice Registers:               6  out of  11440     0%  
 Number of Slice LUTs:                   10  out of   5720     0%  
    Number used as Logic:                10  out of   5720     0%  

Slice Logic Distribution: 
 Number of LUT Flip Flop pairs used:     10
   Number with an unused Flip Flop:       4  out of     10    40%  
   Number with an unused LUT:             0  out of     10     0%  
   Number of fully used LUT-FF pairs:     6  out of     10    60%  
   Number of unique control sets:         1

IO Utilization: 
 Number of IOs:                          10
 Number of bonded IOBs:                  10  out of    102     9%  

Specific Feature Utilization:
 Number of BUFG/BUFGCTRLs:                1  out of     16     6%  

---------------------------
Partition Resource Summary:
---------------------------

  No Partitions were found in this design.

---------------------------


=========================================================================
Timing Report

NOTE: THESE TIMING NUMBERS ARE ONLY A SYNTHESIS ESTIMATE.
      FOR ACCURATE TIMING INFORMATION PLEASE REFER TO THE TRACE REPORT
      GENERATED AFTER PLACE-and-ROUTE.

Clock Information:
------------------
-----------------------------------+------------------------+-------+
Clock Signal                       | Clock buffer(FF name)  | Load  |
-----------------------------------+------------------------+-------+
clk                                | BUFGP                  | 6     |
-----------------------------------+------------------------+-------+

Asynchronous Control Signals Information:
----------------------------------------
No asynchronous control signals found in this design

Timing Summary:
---------------
Speed Grade: -2

   Minimum period: 3.219ns (Maximum Frequency: 310.655MHz)
   Minimum input arrival time before clock: 2.987ns
   Maximum output required time after clock: 5.802ns
   Maximum combinational path delay: No path found

Timing Details:
---------------
All values displayed in nanoseconds (ns)

=========================================================================
Timing constraint: Default period analysis for Clock 'clk'
  Clock period: 3.219ns (frequency: 310.655MHz)
  Total number of paths / destination ports: 45 / 6
-------------------------------------------------------------------------
Delay:               3.219ns (Levels of Logic = 2)
  Source:            q_bus_4 (FF)
  Destination:       q_bus_0 (FF)
  Source Clock:      clk rising
  Destination Clock: clk rising

  Data Path: q_bus_4 to q_bus_0
                                Gate     Net
    Cell:in->out      fanout   Delay   Delay  Logical Name (Net Name)
    ----------------------------------------  ------------
     FD:C->Q               5   0.525   1.271  q_bus_4 (q_bus_4)
     LUT5:I0->O            5   0.254   0.841  stop21 (stop2_OBUF)
     LUT5:I4->O            1   0.254   0.000  q_bus_4_rstpot (q_bus_4_rstpot)
     FD:D                      0.074          q_bus_4
    ----------------------------------------
    Total                      3.219ns (1.107ns logic, 2.112ns route)
                                       (34.4% logic, 65.6% route)

=========================================================================
Timing constraint: Default OFFSET IN BEFORE for Clock 'clk'
  Total number of paths / destination ports: 12 / 6
-------------------------------------------------------------------------
Offset:              2.987ns (Levels of Logic = 2)
  Source:            rst_contador2 (PAD)
  Destination:       q_bus_2 (FF)
  Destination Clock: clk rising

  Data Path: rst_contador2 to q_bus_2
                                Gate     Net
    Cell:in->out      fanout   Delay   Delay  Logical Name (Net Name)
    ----------------------------------------  ------------
     IBUF:I->O             6   1.328   1.331  rst_contador2_IBUF (rst_contador2_IBUF)
     LUT6:I0->O            1   0.254   0.000  q_bus_2_rstpot (q_bus_2_rstpot)
     FD:D                      0.074          q_bus_2
    ----------------------------------------
    Total                      2.987ns (1.656ns logic, 1.331ns route)
                                       (55.4% logic, 44.6% route)

=========================================================================
Timing constraint: Default OFFSET OUT AFTER for Clock 'clk'
  Total number of paths / destination ports: 11 / 7
-------------------------------------------------------------------------
Offset:              5.802ns (Levels of Logic = 2)
  Source:            q_bus_4 (FF)
  Destination:       stop2 (PAD)
  Source Clock:      clk rising

  Data Path: q_bus_4 to stop2
                                Gate     Net
    Cell:in->out      fanout   Delay   Delay  Logical Name (Net Name)
    ----------------------------------------  ------------
     FD:C->Q               5   0.525   1.271  q_bus_4 (q_bus_4)
     LUT5:I0->O            5   0.254   0.840  stop21 (stop2_OBUF)
     OBUF:I->O                 2.912          stop2_OBUF (stop2)
    ----------------------------------------
    Total                      5.802ns (3.691ns logic, 2.111ns route)
                                       (63.6% logic, 36.4% route)

=========================================================================

Cross Clock Domains Report:
--------------------------

Clock to Setup on destination clock clk
---------------+---------+---------+---------+---------+
               | Src:Rise| Src:Fall| Src:Rise| Src:Fall|
Source Clock   |Dest:Rise|Dest:Rise|Dest:Fall|Dest:Fall|
---------------+---------+---------+---------+---------+
clk            |    3.219|         |         |         |
---------------+---------+---------+---------+---------+

=========================================================================


Total REAL time to Xst completion: 32.00 secs
Total CPU time to Xst completion: 22.65 secs
 
--> 


Total memory usage is 393304 kilobytes

Number of errors   :    0 (   0 filtered)
Number of warnings :    0 (   0 filtered)
Number of infos    :    0 (   0 filtered)

